{"/home/travis/build/npmtest/node-npmtest-request/test.js":{"path":"/home/travis/build/npmtest/node-npmtest-request/test.js","s":{"1":2,"2":2,"3":2,"4":2,"5":2,"6":2,"7":2,"8":1,"9":2,"10":2,"11":1,"12":1,"13":1,"14":1,"15":2,"16":2,"17":2,"18":2,"19":1,"20":1,"21":2,"22":2,"23":2,"24":1,"25":1,"26":1,"27":1,"28":1,"29":1,"30":1,"31":1,"32":1,"33":1,"34":1,"35":1,"36":1,"37":2,"38":2,"39":1,"40":2,"41":2,"42":1,"43":2,"44":2,"45":1,"46":2,"47":2,"48":1,"49":1,"50":1,"51":1,"52":1},"b":{"1":[2,1,1,1],"2":[1,1,1,1],"3":[1,1],"4":[1,1],"5":[1,1],"6":[1,1],"7":[1,1],"8":[1,1],"9":[1,1,1],"10":[1,1],"11":[1,1],"12":[1,1],"13":[1,1],"14":[1,1],"15":[1,1],"16":[1,1]},"f":{"1":2,"2":2,"3":2,"4":2,"5":2,"6":1,"7":1,"8":2,"9":2,"10":2,"11":2,"12":1},"fnMap":{"1":{"name":"(anonymous_1)","line":12,"loc":{"start":{"line":12,"column":1},"end":{"line":12,"column":13}}},"2":{"name":"(anonymous_2)","line":19,"loc":{"start":{"line":19,"column":5},"end":{"line":19,"column":17}}},"3":{"name":"(anonymous_3)","line":23,"loc":{"start":{"line":23,"column":24},"end":{"line":23,"column":36}}},"4":{"name":"(anonymous_4)","line":61,"loc":{"start":{"line":61,"column":5},"end":{"line":61,"column":17}}},"5":{"name":"(anonymous_5)","line":82,"loc":{"start":{"line":82,"column":5},"end":{"line":82,"column":17}}},"6":{"name":"(anonymous_6)","line":102,"loc":{"start":{"line":102,"column":83},"end":{"line":105,"column":10}},"skip":true},"7":{"name":"(anonymous_7)","line":113,"loc":{"start":{"line":113,"column":77},"end":{"line":116,"column":10}},"skip":true},"8":{"name":"(anonymous_8)","line":129,"loc":{"start":{"line":129,"column":12},"end":{"line":129,"column":40}},"skip":true},"9":{"name":"(anonymous_9)","line":137,"loc":{"start":{"line":137,"column":77},"end":{"line":140,"column":10}},"skip":true},"10":{"name":"(anonymous_10)","line":148,"loc":{"start":{"line":148,"column":83},"end":{"line":151,"column":10}},"skip":true},"11":{"name":"(anonymous_11)","line":159,"loc":{"start":{"line":159,"column":79},"end":{"line":162,"column":10}},"skip":true},"12":{"name":"(anonymous_12)","line":170,"loc":{"start":{"line":170,"column":75},"end":{"line":173,"column":10}},"skip":true}},"statementMap":{"1":{"start":{"line":12,"column":0},"end":{"line":185,"column":5}},"2":{"start":{"line":14,"column":4},"end":{"line":14,"column":14}},"3":{"start":{"line":19,"column":4},"end":{"line":56,"column":9}},"4":{"start":{"line":21,"column":8},"end":{"line":21,"column":19}},"5":{"start":{"line":23,"column":8},"end":{"line":35,"column":13}},"6":{"start":{"line":24,"column":12},"end":{"line":34,"column":13}},"7":{"start":{"line":25,"column":16},"end":{"line":28,"column":30}},"8":{"start":{"line":30,"column":16},"end":{"line":33,"column":27}},"9":{"start":{"line":37,"column":8},"end":{"line":39,"column":21}},"10":{"start":{"line":40,"column":8},"end":{"line":53,"column":9}},"11":{"start":{"line":43,"column":12},"end":{"line":46,"column":14}},"12":{"start":{"line":47,"column":12},"end":{"line":47,"column":18}},"13":{"start":{"line":50,"column":12},"end":{"line":51,"column":46}},"14":{"start":{"line":52,"column":12},"end":{"line":52,"column":18}},"15":{"start":{"line":55,"column":8},"end":{"line":55,"column":35}},"16":{"start":{"line":61,"column":4},"end":{"line":63,"column":9}},"17":{"start":{"line":62,"column":8},"end":{"line":62,"column":15}},"18":{"start":{"line":64,"column":4},"end":{"line":77,"column":5}},"19":{"start":{"line":70,"column":8},"end":{"line":70,"column":14}},"20":{"start":{"line":76,"column":8},"end":{"line":76,"column":14}},"21":{"start":{"line":82,"column":4},"end":{"line":84,"column":9}},"22":{"start":{"line":83,"column":8},"end":{"line":83,"column":15}},"23":{"start":{"line":85,"column":4},"end":{"line":184,"column":5}},"24":{"start":{"line":92,"column":8},"end":{"line":94,"column":63}},"25":{"start":{"line":95,"column":8},"end":{"line":95,"column":14}},"26":{"start":{"line":102,"column":8},"end":{"line":111,"column":10},"skip":true},"27":{"start":{"line":109,"column":12},"end":{"line":109,"column":55},"skip":true},"28":{"start":{"line":110,"column":12},"end":{"line":110,"column":48},"skip":true},"29":{"start":{"line":113,"column":8},"end":{"line":126,"column":10},"skip":true},"30":{"start":{"line":120,"column":12},"end":{"line":120,"column":76},"skip":true},"31":{"start":{"line":121,"column":12},"end":{"line":121,"column":73},"skip":true},"32":{"start":{"line":122,"column":12},"end":{"line":122,"column":74},"skip":true},"33":{"start":{"line":123,"column":12},"end":{"line":123,"column":79},"skip":true},"34":{"start":{"line":124,"column":12},"end":{"line":124,"column":25},"skip":true},"35":{"start":{"line":125,"column":12},"end":{"line":125,"column":45},"skip":true},"36":{"start":{"line":128,"column":8},"end":{"line":135,"column":14},"skip":true},"37":{"start":{"line":133,"column":16},"end":{"line":133,"column":29},"skip":true},"38":{"start":{"line":134,"column":16},"end":{"line":134,"column":55},"skip":true},"39":{"start":{"line":137,"column":8},"end":{"line":146,"column":10},"skip":true},"40":{"start":{"line":144,"column":12},"end":{"line":144,"column":25},"skip":true},"41":{"start":{"line":145,"column":12},"end":{"line":145,"column":45},"skip":true},"42":{"start":{"line":148,"column":8},"end":{"line":157,"column":10},"skip":true},"43":{"start":{"line":155,"column":12},"end":{"line":155,"column":25},"skip":true},"44":{"start":{"line":156,"column":12},"end":{"line":156,"column":48},"skip":true},"45":{"start":{"line":159,"column":8},"end":{"line":168,"column":10},"skip":true},"46":{"start":{"line":166,"column":12},"end":{"line":166,"column":25},"skip":true},"47":{"start":{"line":167,"column":12},"end":{"line":167,"column":46},"skip":true},"48":{"start":{"line":170,"column":8},"end":{"line":179,"column":10},"skip":true},"49":{"start":{"line":177,"column":12},"end":{"line":177,"column":94},"skip":true},"50":{"start":{"line":178,"column":12},"end":{"line":178,"column":48},"skip":true},"51":{"start":{"line":182,"column":8},"end":{"line":182,"column":35},"skip":true},"52":{"start":{"line":183,"column":8},"end":{"line":183,"column":14},"skip":true}},"branchMap":{"1":{"line":25,"type":"binary-expr","locations":[{"start":{"line":25,"column":23},"end":{"line":25,"column":62}},{"start":{"line":26,"column":20},"end":{"line":26,"column":70}},{"start":{"line":27,"column":20},"end":{"line":27,"column":71}},{"start":{"line":28,"column":20},"end":{"line":28,"column":29}}]},"2":{"line":30,"type":"binary-expr","locations":[{"start":{"line":30,"column":23},"end":{"line":30,"column":37}},{"start":{"line":31,"column":20},"end":{"line":31,"column":61}},{"start":{"line":32,"column":20},"end":{"line":32,"column":70}},{"start":{"line":33,"column":20},"end":{"line":33,"column":26}}]},"3":{"line":37,"type":"cond-expr","locations":[{"start":{"line":38,"column":14},"end":{"line":38,"column":20}},{"start":{"line":39,"column":14},"end":{"line":39,"column":20}}]},"4":{"line":40,"type":"switch","locations":[{"start":{"line":42,"column":8},"end":{"line":47,"column":18}},{"start":{"line":49,"column":8},"end":{"line":52,"column":18}}]},"5":{"line":44,"type":"binary-expr","locations":[{"start":{"line":44,"column":16},"end":{"line":44,"column":44}},{"start":{"line":44,"column":48},"end":{"line":44,"column":66}}]},"6":{"line":50,"type":"binary-expr","locations":[{"start":{"line":50,"column":21},"end":{"line":50,"column":49}},{"start":{"line":50,"column":53},"end":{"line":50,"column":72}}]},"7":{"line":64,"type":"switch","locations":[{"start":{"line":69,"column":4},"end":{"line":70,"column":14}},{"start":{"line":75,"column":4},"end":{"line":76,"column":14}}]},"8":{"line":85,"type":"switch","locations":[{"start":{"line":90,"column":4},"end":{"line":95,"column":14}},{"start":{"line":101,"column":4},"end":{"line":183,"column":14},"skip":true}]},"9":{"line":92,"type":"binary-expr","locations":[{"start":{"line":92,"column":18},"end":{"line":92,"column":32}},{"start":{"line":93,"column":12},"end":{"line":93,"column":53}},{"start":{"line":94,"column":12},"end":{"line":94,"column":61}}]},"10":{"line":102,"type":"binary-expr","locations":[{"start":{"line":102,"column":45},"end":{"line":102,"column":79},"skip":true},{"start":{"line":102,"column":83},"end":{"line":111,"column":9},"skip":true}]},"11":{"line":113,"type":"binary-expr","locations":[{"start":{"line":113,"column":42},"end":{"line":113,"column":73},"skip":true},{"start":{"line":113,"column":77},"end":{"line":126,"column":9},"skip":true}]},"12":{"line":128,"type":"binary-expr","locations":[{"start":{"line":128,"column":48},"end":{"line":128,"column":85},"skip":true},{"start":{"line":129,"column":12},"end":{"line":135,"column":13},"skip":true}]},"13":{"line":137,"type":"binary-expr","locations":[{"start":{"line":137,"column":42},"end":{"line":137,"column":73},"skip":true},{"start":{"line":137,"column":77},"end":{"line":146,"column":9},"skip":true}]},"14":{"line":148,"type":"binary-expr","locations":[{"start":{"line":148,"column":45},"end":{"line":148,"column":79},"skip":true},{"start":{"line":148,"column":83},"end":{"line":157,"column":9},"skip":true}]},"15":{"line":159,"type":"binary-expr","locations":[{"start":{"line":159,"column":43},"end":{"line":159,"column":75},"skip":true},{"start":{"line":159,"column":79},"end":{"line":168,"column":9},"skip":true}]},"16":{"line":170,"type":"binary-expr","locations":[{"start":{"line":170,"column":41},"end":{"line":170,"column":71},"skip":true},{"start":{"line":170,"column":75},"end":{"line":179,"column":9},"skip":true}]}},"code":["/* istanbul instrument in package npmtest_request */","/*jslint","    bitwise: true,","    browser: true,","    maxerr: 8,","    maxlen: 96,","    node: true,","    nomen: true,","    regexp: true,","    stupid: true","*/","(function () {","    'use strict';","    var local;","","","","    // run shared js-env code - pre-init","    (function () {","        // init local","        local = {};","        // init modeJs","        local.modeJs = (function () {","            try {","                return typeof navigator.userAgent === 'string' &&","                    typeof document.querySelector('body') === 'object' &&","                    typeof XMLHttpRequest.prototype.open === 'function' &&","                    'browser';","            } catch (errorCaughtBrowser) {","                return module.exports &&","                    typeof process.versions.node === 'string' &&","                    typeof require('http').createServer === 'function' &&","                    'node';","            }","        }());","        // init global","        local.global = local.modeJs === 'browser'","            ? window","            : global;","        switch (local.modeJs) {","        // re-init local from window.local","        case 'browser':","            local = local.global.utility2.objectSetDefault(","                local.global.utility2_rollup || local.global.local,","                local.global.utility2","            );","            break;","        // re-init local from example.js","        case 'node':","            local = (local.global.utility2_rollup || require('utility2'))","                .requireExampleJsFromReadme();","            break;","        }","        // export local","        local.global.local = local;","    }());","","","","    // run shared js-env code - function","    (function () {","        return;","    }());","    switch (local.modeJs) {","","","","    // run browser js-env code - function","    case 'browser':","        break;","","","","    // run node js-env code - function","    case 'node':","        break;","    }","","","","    // run shared js-env code - post-init","    (function () {","        return;","    }());","    switch (local.modeJs) {","","","","    // run browser js-env code - post-init","    case 'browser':","        // run tests","        local.nop(local.modeTest &&","            document.querySelector('#testRunButton1') &&","            document.querySelector('#testRunButton1').click());","        break;","","","","    // run node js-env code - post-init","    /* istanbul ignore next */","    case 'node':","        local.testCase_buildApidoc_default = local.testCase_buildApidoc_default || function (","            options,","            onError","        ) {","        /*","         * this function will test buildApidoc's default handling-behavior-behavior","         */","            options = { modulePathList: module.paths };","            local.buildApidoc(options, onError);","        };","","        local.testCase_buildApp_default = local.testCase_buildApp_default || function (","            options,","            onError","        ) {","        /*","         * this function will test buildApp's default handling-behavior-behavior","         */","            local.testCase_buildReadme_default(options, local.onErrorThrow);","            local.testCase_buildLib_default(options, local.onErrorThrow);","            local.testCase_buildTest_default(options, local.onErrorThrow);","            local.testCase_buildCustomOrg_default(options, local.onErrorThrow);","            options = [];","            local.buildApp(options, onError);","        };","","        local.testCase_buildCustomOrg_default = local.testCase_buildCustomOrg_default ||","            function (options, onError) {","            /*","             * this function will test buildCustomOrg's default handling-behavior","             */","                options = {};","                local.buildCustomOrg(options, onError);","            };","","        local.testCase_buildLib_default = local.testCase_buildLib_default || function (","            options,","            onError","        ) {","        /*","         * this function will test buildLib's default handling-behavior","         */","            options = {};","            local.buildLib(options, onError);","        };","","        local.testCase_buildReadme_default = local.testCase_buildReadme_default || function (","            options,","            onError","        ) {","        /*","         * this function will test buildReadme's default handling-behavior-behavior","         */","            options = {};","            local.buildReadme(options, onError);","        };","","        local.testCase_buildTest_default = local.testCase_buildTest_default || function (","            options,","            onError","        ) {","        /*","         * this function will test buildTest's default handling-behavior","         */","            options = {};","            local.buildTest(options, onError);","        };","","        local.testCase_webpage_default = local.testCase_webpage_default || function (","            options,","            onError","        ) {","        /*","         * this function will test webpage's default handling-behavior","         */","            options = { modeCoverageMerge: true, url: local.serverLocalHost + '?modeTest=1' };","            local.browserTest(options, onError);","        };","","        // run test-server","        local.testRunServer(local);","        break;","    }","}());",""],"l":{"12":2,"14":2,"19":2,"21":2,"23":2,"24":2,"25":2,"30":1,"37":2,"40":2,"43":1,"47":1,"50":1,"52":1,"55":2,"61":2,"62":2,"64":2,"70":1,"76":1,"82":2,"83":2,"85":2,"92":1,"95":1,"102":1,"109":1,"110":1,"113":1,"120":1,"121":1,"122":1,"123":1,"124":1,"125":1,"128":1,"133":2,"134":2,"137":1,"144":2,"145":2,"148":1,"155":2,"156":2,"159":1,"166":2,"167":2,"170":1,"177":1,"178":1,"182":1,"183":1}},"/home/travis/build/npmtest/node-npmtest-request/lib.npmtest_request.js":{"path":"/home/travis/build/npmtest/node-npmtest-request/lib.npmtest_request.js","s":{"1":2,"2":2,"3":2,"4":2,"5":2,"6":2,"7":2,"8":1,"9":2,"10":2,"11":2,"12":2,"13":1,"14":1,"15":1,"16":1},"b":{"1":[2,1,1,1],"2":[1,1,1,1],"3":[1,1],"4":[2,2],"5":[1,1]},"f":{"1":2,"2":2,"3":2},"fnMap":{"1":{"name":"(anonymous_1)","line":12,"loc":{"start":{"line":12,"column":1},"end":{"line":12,"column":13}}},"2":{"name":"(anonymous_2)","line":19,"loc":{"start":{"line":19,"column":5},"end":{"line":19,"column":17}}},"3":{"name":"(anonymous_3)","line":23,"loc":{"start":{"line":23,"column":24},"end":{"line":23,"column":36}}}},"statementMap":{"1":{"start":{"line":12,"column":0},"end":{"line":53,"column":5}},"2":{"start":{"line":14,"column":4},"end":{"line":14,"column":14}},"3":{"start":{"line":19,"column":4},"end":{"line":52,"column":9}},"4":{"start":{"line":21,"column":8},"end":{"line":21,"column":19}},"5":{"start":{"line":23,"column":8},"end":{"line":35,"column":13}},"6":{"start":{"line":24,"column":12},"end":{"line":34,"column":13}},"7":{"start":{"line":25,"column":16},"end":{"line":28,"column":30}},"8":{"start":{"line":30,"column":16},"end":{"line":33,"column":27}},"9":{"start":{"line":37,"column":8},"end":{"line":39,"column":21}},"10":{"start":{"line":41,"column":8},"end":{"line":41,"column":54}},"11":{"start":{"line":43,"column":8},"end":{"line":43,"column":52}},"12":{"start":{"line":45,"column":8},"end":{"line":51,"column":9}},"13":{"start":{"line":46,"column":12},"end":{"line":46,"column":58}},"14":{"start":{"line":48,"column":12},"end":{"line":48,"column":35}},"15":{"start":{"line":49,"column":12},"end":{"line":49,"column":49}},"16":{"start":{"line":50,"column":12},"end":{"line":50,"column":43}}},"branchMap":{"1":{"line":25,"type":"binary-expr","locations":[{"start":{"line":25,"column":23},"end":{"line":25,"column":62}},{"start":{"line":26,"column":20},"end":{"line":26,"column":70}},{"start":{"line":27,"column":20},"end":{"line":27,"column":71}},{"start":{"line":28,"column":20},"end":{"line":28,"column":29}}]},"2":{"line":30,"type":"binary-expr","locations":[{"start":{"line":30,"column":23},"end":{"line":30,"column":37}},{"start":{"line":31,"column":20},"end":{"line":31,"column":61}},{"start":{"line":32,"column":20},"end":{"line":32,"column":70}},{"start":{"line":33,"column":20},"end":{"line":33,"column":26}}]},"3":{"line":37,"type":"cond-expr","locations":[{"start":{"line":38,"column":14},"end":{"line":38,"column":20}},{"start":{"line":39,"column":14},"end":{"line":39,"column":20}}]},"4":{"line":41,"type":"binary-expr","locations":[{"start":{"line":41,"column":16},"end":{"line":41,"column":44}},{"start":{"line":41,"column":48},"end":{"line":41,"column":53}}]},"5":{"line":45,"type":"if","locations":[{"start":{"line":45,"column":8},"end":{"line":45,"column":8}},{"start":{"line":45,"column":8},"end":{"line":45,"column":8}}]}},"code":["/* istanbul instrument in package npmtest_request */","/*jslint","    bitwise: true,","    browser: true,","    maxerr: 8,","    maxlen: 96,","    node: true,","    nomen: true,","    regexp: true,","    stupid: true","*/","(function () {","    'use strict';","    var local;","","","","    // run shared js-env code - pre-init","    (function () {","        // init local","        local = {};","        // init modeJs","        local.modeJs = (function () {","            try {","                return typeof navigator.userAgent === 'string' &&","                    typeof document.querySelector('body') === 'object' &&","                    typeof XMLHttpRequest.prototype.open === 'function' &&","                    'browser';","            } catch (errorCaughtBrowser) {","                return module.exports &&","                    typeof process.versions.node === 'string' &&","                    typeof require('http').createServer === 'function' &&","                    'node';","            }","        }());","        // init global","        local.global = local.modeJs === 'browser'","            ? window","            : global;","        // init utility2_rollup","        local = local.global.utility2_rollup || local;","        // init lib","        local.local = local.npmtest_request = local;","        // init exports","        if (local.modeJs === 'browser') {","            local.global.utility2_npmtest_request = local;","        } else {","            module.exports = local;","            module.exports.__dirname = __dirname;","            module.exports.module = module;","        }","    }());","}());",""],"l":{"12":2,"14":2,"19":2,"21":2,"23":2,"24":2,"25":2,"30":1,"37":2,"41":2,"43":2,"45":2,"46":1,"48":1,"49":1,"50":1}},"/home/travis/build/npmtest/node-npmtest-request/example.js":{"path":"/home/travis/build/npmtest/node-npmtest-request/example.js","s":{"1":2,"2":2,"3":2,"4":2,"5":2,"6":2,"7":2,"8":1,"9":2,"10":2,"11":2,"12":2,"13":1,"14":2,"15":2,"16":2,"17":2,"18":2,"19":0,"20":2,"21":1,"22":1,"23":1,"24":1,"25":1,"26":0,"27":0,"28":1,"29":1,"30":2,"31":0,"32":0,"33":0,"34":1,"35":2,"36":2,"37":2,"38":2,"39":2,"40":2,"41":0,"42":2,"43":2,"44":2,"45":1,"46":3,"47":1,"48":1,"49":1,"50":1,"51":1,"52":1,"53":1,"54":1,"55":1,"56":1,"57":0,"58":1,"59":6,"60":6,"61":1,"62":2,"63":0,"64":2,"65":1,"66":1,"67":0,"68":0,"69":0,"70":0,"71":0,"72":0,"73":0,"74":0,"75":0,"76":0,"77":0,"78":0,"79":0,"80":0,"81":0,"82":0,"83":0},"b":{"1":[2,1,1,1],"2":[1,1,1,1],"3":[1,1],"4":[2,2],"5":[1,1],"6":[1,1],"7":[2,0],"8":[2,1,1,1,1,1],"9":[0,2,0],"10":[1,1],"11":[2,1,1],"12":[1,0],"13":[0,2],"14":[2,0,0,0,0,0,0],"15":[0,2],"16":[2,0],"17":[1,1],"18":[0,1],"19":[1,2,0,2],"20":[1,0],"21":[1,1],"22":[0,0],"23":[0,0],"24":[0,0],"25":[0,0],"26":[0,0],"27":[0,0],"28":[0,0]},"f":{"1":2,"2":2,"3":2,"4":2,"5":2,"6":2,"7":2,"8":2,"9":3,"10":1,"11":6,"12":0},"fnMap":{"1":{"name":"(anonymous_1)","line":26,"loc":{"start":{"line":26,"column":1},"end":{"line":26,"column":13}}},"2":{"name":"(anonymous_2)","line":33,"loc":{"start":{"line":33,"column":5},"end":{"line":33,"column":17}}},"3":{"name":"(anonymous_3)","line":37,"loc":{"start":{"line":37,"column":24},"end":{"line":37,"column":36}}},"4":{"name":"(anonymous_4)","line":69,"loc":{"start":{"line":69,"column":31},"end":{"line":69,"column":48}},"skip":true},"5":{"name":"(anonymous_5)","line":78,"loc":{"start":{"line":78,"column":26},"end":{"line":78,"column":45}},"skip":true},"6":{"name":"(anonymous_6)","line":123,"loc":{"start":{"line":123,"column":33},"end":{"line":123,"column":48}},"skip":true},"7":{"name":"(anonymous_7)","line":125,"loc":{"start":{"line":125,"column":27},"end":{"line":125,"column":39}},"skip":true},"8":{"name":"(anonymous_8)","line":133,"loc":{"start":{"line":133,"column":59},"end":{"line":133,"column":74}},"skip":true},"9":{"name":"(anonymous_9)","line":143,"loc":{"start":{"line":143,"column":45},"end":{"line":143,"column":62}},"skip":true},"10":{"name":"(anonymous_10)","line":144,"loc":{"start":{"line":144,"column":73},"end":{"line":144,"column":92}},"skip":true},"11":{"name":"(anonymous_11)","line":272,"loc":{"start":{"line":272,"column":51},"end":{"line":272,"column":77}},"skip":true},"12":{"name":"(anonymous_12)","line":314,"loc":{"start":{"line":314,"column":32},"end":{"line":314,"column":61}},"skip":true}},"statementMap":{"1":{"start":{"line":26,"column":0},"end":{"line":325,"column":5}},"2":{"start":{"line":28,"column":4},"end":{"line":28,"column":14}},"3":{"start":{"line":33,"column":4},"end":{"line":60,"column":9}},"4":{"start":{"line":35,"column":8},"end":{"line":35,"column":19}},"5":{"start":{"line":37,"column":8},"end":{"line":49,"column":13}},"6":{"start":{"line":38,"column":12},"end":{"line":48,"column":13}},"7":{"start":{"line":39,"column":16},"end":{"line":42,"column":30}},"8":{"start":{"line":44,"column":16},"end":{"line":47,"column":27}},"9":{"start":{"line":51,"column":8},"end":{"line":53,"column":21}},"10":{"start":{"line":55,"column":8},"end":{"line":57,"column":45}},"11":{"start":{"line":59,"column":8},"end":{"line":59,"column":35}},"12":{"start":{"line":61,"column":4},"end":{"line":324,"column":5}},"13":{"start":{"line":69,"column":8},"end":{"line":121,"column":10},"skip":true},"14":{"start":{"line":70,"column":12},"end":{"line":88,"column":13},"skip":true},"15":{"start":{"line":76,"column":16},"end":{"line":87,"column":19},"skip":true},"16":{"start":{"line":79,"column":20},"end":{"line":86,"column":21},"skip":true},"17":{"start":{"line":82,"column":24},"end":{"line":82,"column":43},"skip":true},"18":{"start":{"line":83,"column":24},"end":{"line":83,"column":30},"skip":true},"19":{"start":{"line":85,"column":24},"end":{"line":85,"column":49},"skip":true},"20":{"start":{"line":89,"column":12},"end":{"line":107,"column":13},"skip":true},"21":{"start":{"line":92,"column":16},"end":{"line":102,"column":17},"skip":true},"22":{"start":{"line":93,"column":20},"end":{"line":93,"column":86},"skip":true},"23":{"start":{"line":94,"column":20},"end":{"line":95,"column":45},"skip":true},"24":{"start":{"line":96,"column":20},"end":{"line":96,"column":42},"skip":true},"25":{"start":{"line":97,"column":20},"end":{"line":97,"column":48},"skip":true},"26":{"start":{"line":100,"column":20},"end":{"line":100,"column":85},"skip":true},"27":{"start":{"line":101,"column":20},"end":{"line":101,"column":96},"skip":true},"28":{"start":{"line":103,"column":16},"end":{"line":103,"column":22},"skip":true},"29":{"start":{"line":106,"column":16},"end":{"line":106,"column":22},"skip":true},"30":{"start":{"line":108,"column":12},"end":{"line":120,"column":13},"skip":true},"31":{"start":{"line":114,"column":16},"end":{"line":119,"column":17},"skip":true},"32":{"start":{"line":116,"column":20},"end":{"line":116,"column":78},"skip":true},"33":{"start":{"line":118,"column":20},"end":{"line":118,"column":47},"skip":true},"34":{"start":{"line":123,"column":8},"end":{"line":141,"column":11},"skip":true},"35":{"start":{"line":124,"column":12},"end":{"line":124,"column":54},"skip":true},"36":{"start":{"line":125,"column":12},"end":{"line":140,"column":14},"skip":true},"37":{"start":{"line":126,"column":16},"end":{"line":126,"column":28},"skip":true},"38":{"start":{"line":127,"column":16},"end":{"line":127,"column":69},"skip":true},"39":{"start":{"line":128,"column":16},"end":{"line":128,"column":75},"skip":true},"40":{"start":{"line":129,"column":16},"end":{"line":131,"column":17},"skip":true},"41":{"start":{"line":130,"column":20},"end":{"line":130,"column":27},"skip":true},"42":{"start":{"line":133,"column":16},"end":{"line":137,"column":36},"skip":true},"43":{"start":{"line":134,"column":20},"end":{"line":136,"column":55},"skip":true},"44":{"start":{"line":139,"column":16},"end":{"line":139,"column":57},"skip":true},"45":{"start":{"line":143,"column":8},"end":{"line":147,"column":11},"skip":true},"46":{"start":{"line":144,"column":12},"end":{"line":146,"column":15},"skip":true},"47":{"start":{"line":145,"column":16},"end":{"line":145,"column":70},"skip":true},"48":{"start":{"line":149,"column":8},"end":{"line":149,"column":31},"skip":true},"49":{"start":{"line":150,"column":8},"end":{"line":150,"column":14},"skip":true},"50":{"start":{"line":158,"column":8},"end":{"line":158,"column":31},"skip":true},"51":{"start":{"line":160,"column":8},"end":{"line":160,"column":33},"skip":true},"52":{"start":{"line":161,"column":8},"end":{"line":161,"column":37},"skip":true},"53":{"start":{"line":162,"column":8},"end":{"line":162,"column":35},"skip":true},"54":{"start":{"line":164,"column":8},"end":{"line":164,"column":50},"skip":true},"55":{"start":{"line":166,"column":8},"end":{"line":256,"column":2},"skip":true},"56":{"start":{"line":258,"column":8},"end":{"line":286,"column":9},"skip":true},"57":{"start":{"line":259,"column":12},"end":{"line":269,"column":14},"skip":true},"58":{"start":{"line":271,"column":12},"end":{"line":285,"column":19},"skip":true},"59":{"start":{"line":274,"column":20},"end":{"line":274,"column":35},"skip":true},"60":{"start":{"line":275,"column":20},"end":{"line":284,"column":21},"skip":true},"61":{"start":{"line":277,"column":24},"end":{"line":277,"column":64},"skip":true},"62":{"start":{"line":279,"column":24},"end":{"line":279,"column":40},"skip":true},"63":{"start":{"line":281,"column":24},"end":{"line":281,"column":40},"skip":true},"64":{"start":{"line":283,"column":24},"end":{"line":283,"column":39},"skip":true},"65":{"start":{"line":288,"column":8},"end":{"line":290,"column":9},"skip":true},"66":{"start":{"line":289,"column":12},"end":{"line":289,"column":18},"skip":true},"67":{"start":{"line":291,"column":8},"end":{"line":293,"column":54},"skip":true},"68":{"start":{"line":294,"column":8},"end":{"line":301,"column":37},"skip":true},"69":{"start":{"line":302,"column":8},"end":{"line":302,"column":82},"skip":true},"70":{"start":{"line":305,"column":8},"end":{"line":307,"column":9},"skip":true},"71":{"start":{"line":306,"column":12},"end":{"line":306,"column":82},"skip":true},"72":{"start":{"line":309,"column":8},"end":{"line":311,"column":9},"skip":true},"73":{"start":{"line":310,"column":12},"end":{"line":310,"column":18},"skip":true},"74":{"start":{"line":312,"column":8},"end":{"line":312,"column":54},"skip":true},"75":{"start":{"line":313,"column":8},"end":{"line":313,"column":69},"skip":true},"76":{"start":{"line":314,"column":8},"end":{"line":322,"column":36},"skip":true},"77":{"start":{"line":315,"column":12},"end":{"line":315,"column":61},"skip":true},"78":{"start":{"line":316,"column":12},"end":{"line":319,"column":13},"skip":true},"79":{"start":{"line":317,"column":16},"end":{"line":317,"column":75},"skip":true},"80":{"start":{"line":318,"column":16},"end":{"line":318,"column":23},"skip":true},"81":{"start":{"line":320,"column":12},"end":{"line":320,"column":38},"skip":true},"82":{"start":{"line":321,"column":12},"end":{"line":321,"column":27},"skip":true},"83":{"start":{"line":323,"column":8},"end":{"line":323,"column":14},"skip":true}},"branchMap":{"1":{"line":39,"type":"binary-expr","locations":[{"start":{"line":39,"column":23},"end":{"line":39,"column":62}},{"start":{"line":40,"column":20},"end":{"line":40,"column":70}},{"start":{"line":41,"column":20},"end":{"line":41,"column":71}},{"start":{"line":42,"column":20},"end":{"line":42,"column":29}}]},"2":{"line":44,"type":"binary-expr","locations":[{"start":{"line":44,"column":23},"end":{"line":44,"column":37}},{"start":{"line":45,"column":20},"end":{"line":45,"column":61}},{"start":{"line":46,"column":20},"end":{"line":46,"column":70}},{"start":{"line":47,"column":20},"end":{"line":47,"column":26}}]},"3":{"line":51,"type":"cond-expr","locations":[{"start":{"line":52,"column":14},"end":{"line":52,"column":20}},{"start":{"line":53,"column":14},"end":{"line":53,"column":20}}]},"4":{"line":55,"type":"binary-expr","locations":[{"start":{"line":55,"column":16},"end":{"line":55,"column":44}},{"start":{"line":55,"column":49},"end":{"line":57,"column":43}}]},"5":{"line":55,"type":"cond-expr","locations":[{"start":{"line":56,"column":14},"end":{"line":56,"column":51}},{"start":{"line":57,"column":14},"end":{"line":57,"column":43}}]},"6":{"line":61,"type":"switch","locations":[{"start":{"line":68,"column":4},"end":{"line":150,"column":14},"skip":true},{"start":{"line":156,"column":4},"end":{"line":323,"column":14},"skip":true}]},"7":{"line":70,"type":"if","locations":[{"start":{"line":70,"column":12},"end":{"line":70,"column":12},"skip":true},{"start":{"line":70,"column":12},"end":{"line":70,"column":12},"skip":true}]},"8":{"line":70,"type":"binary-expr","locations":[{"start":{"line":70,"column":16},"end":{"line":70,"column":22},"skip":true},{"start":{"line":70,"column":27},"end":{"line":70,"column":32},"skip":true},{"start":{"line":71,"column":20},"end":{"line":71,"column":39},"skip":true},{"start":{"line":72,"column":20},"end":{"line":72,"column":49},"skip":true},{"start":{"line":73,"column":20},"end":{"line":73,"column":58},"skip":true},{"start":{"line":74,"column":20},"end":{"line":74,"column":69},"skip":true}]},"9":{"line":79,"type":"switch","locations":[{"start":{"line":80,"column":20},"end":{"line":80,"column":33},"skip":true},{"start":{"line":81,"column":20},"end":{"line":83,"column":30},"skip":true},{"start":{"line":84,"column":20},"end":{"line":85,"column":49},"skip":true}]},"10":{"line":89,"type":"switch","locations":[{"start":{"line":90,"column":12},"end":{"line":103,"column":22},"skip":true},{"start":{"line":105,"column":12},"end":{"line":106,"column":22},"skip":true}]},"11":{"line":89,"type":"binary-expr","locations":[{"start":{"line":89,"column":20},"end":{"line":89,"column":25},"skip":true},{"start":{"line":89,"column":29},"end":{"line":89,"column":48},"skip":true},{"start":{"line":89,"column":52},"end":{"line":89,"column":74},"skip":true}]},"12":{"line":92,"type":"if","locations":[{"start":{"line":92,"column":16},"end":{"line":92,"column":16},"skip":true},{"start":{"line":92,"column":16},"end":{"line":92,"column":16},"skip":true}]},"13":{"line":108,"type":"if","locations":[{"start":{"line":108,"column":12},"end":{"line":108,"column":12},"skip":true},{"start":{"line":108,"column":12},"end":{"line":108,"column":12},"skip":true}]},"14":{"line":108,"type":"binary-expr","locations":[{"start":{"line":108,"column":16},"end":{"line":108,"column":61},"skip":true},{"start":{"line":108,"column":66},"end":{"line":108,"column":72},"skip":true},{"start":{"line":108,"column":77},"end":{"line":108,"column":82},"skip":true},{"start":{"line":109,"column":20},"end":{"line":109,"column":39},"skip":true},{"start":{"line":110,"column":20},"end":{"line":110,"column":49},"skip":true},{"start":{"line":111,"column":20},"end":{"line":111,"column":58},"skip":true},{"start":{"line":112,"column":20},"end":{"line":112,"column":68},"skip":true}]},"15":{"line":129,"type":"if","locations":[{"start":{"line":129,"column":16},"end":{"line":129,"column":16},"skip":true},{"start":{"line":129,"column":16},"end":{"line":129,"column":16},"skip":true}]},"16":{"line":134,"type":"cond-expr","locations":[{"start":{"line":135,"column":26},"end":{"line":135,"column":29},"skip":true},{"start":{"line":136,"column":26},"end":{"line":136,"column":54},"skip":true}]},"17":{"line":164,"type":"binary-expr","locations":[{"start":{"line":164,"column":27},"end":{"line":164,"column":43},"skip":true},{"start":{"line":164,"column":47},"end":{"line":164,"column":49},"skip":true}]},"18":{"line":258,"type":"if","locations":[{"start":{"line":258,"column":8},"end":{"line":258,"column":8},"skip":true},{"start":{"line":258,"column":8},"end":{"line":258,"column":8},"skip":true}]},"19":{"line":275,"type":"switch","locations":[{"start":{"line":276,"column":20},"end":{"line":277,"column":64},"skip":true},{"start":{"line":278,"column":20},"end":{"line":279,"column":40},"skip":true},{"start":{"line":280,"column":20},"end":{"line":281,"column":40},"skip":true},{"start":{"line":282,"column":20},"end":{"line":283,"column":39},"skip":true}]},"20":{"line":288,"type":"if","locations":[{"start":{"line":288,"column":8},"end":{"line":288,"column":8},"skip":true},{"start":{"line":288,"column":8},"end":{"line":288,"column":8},"skip":true}]},"21":{"line":288,"type":"binary-expr","locations":[{"start":{"line":288,"column":12},"end":{"line":288,"column":40},"skip":true},{"start":{"line":288,"column":44},"end":{"line":288,"column":67},"skip":true}]},"22":{"line":292,"type":"binary-expr","locations":[{"start":{"line":292,"column":12},"end":{"line":292,"column":50},"skip":true},{"start":{"line":293,"column":12},"end":{"line":293,"column":53},"skip":true}]},"23":{"line":295,"type":"binary-expr","locations":[{"start":{"line":295,"column":12},"end":{"line":295,"column":65},"skip":true},{"start":{"line":296,"column":12},"end":{"line":301,"column":36},"skip":true}]},"24":{"line":302,"type":"binary-expr","locations":[{"start":{"line":302,"column":43},"end":{"line":302,"column":75},"skip":true},{"start":{"line":302,"column":79},"end":{"line":302,"column":81},"skip":true}]},"25":{"line":305,"type":"if","locations":[{"start":{"line":305,"column":8},"end":{"line":305,"column":8},"skip":true},{"start":{"line":305,"column":8},"end":{"line":305,"column":8},"skip":true}]},"26":{"line":309,"type":"if","locations":[{"start":{"line":309,"column":8},"end":{"line":309,"column":8},"skip":true},{"start":{"line":309,"column":8},"end":{"line":309,"column":8},"skip":true}]},"27":{"line":312,"type":"binary-expr","locations":[{"start":{"line":312,"column":27},"end":{"line":312,"column":43},"skip":true},{"start":{"line":312,"column":47},"end":{"line":312,"column":53},"skip":true}]},"28":{"line":316,"type":"if","locations":[{"start":{"line":316,"column":12},"end":{"line":316,"column":12},"skip":true},{"start":{"line":316,"column":12},"end":{"line":316,"column":12},"skip":true}]}},"code":["/*","example.js","","quickstart example","","instruction","    1. save this script as example.js","    2. run the shell command:","        $ npm install npmtest-request && PORT=8081 node example.js","    3. play with the browser-demo on http://127.0.0.1:8081","*/","","","","/* istanbul instrument in package npmtest_request */","/*jslint","    bitwise: true,","    browser: true,","    maxerr: 8,","    maxlen: 96,","    node: true,","    nomen: true,","    regexp: true,","    stupid: true","*/","(function () {","    'use strict';","    var local;","","","","    // run shared js-env code - pre-init","    (function () {","        // init local","        local = {};","        // init modeJs","        local.modeJs = (function () {","            try {","                return typeof navigator.userAgent === 'string' &&","                    typeof document.querySelector('body') === 'object' &&","                    typeof XMLHttpRequest.prototype.open === 'function' &&","                    'browser';","            } catch (errorCaughtBrowser) {","                return module.exports &&","                    typeof process.versions.node === 'string' &&","                    typeof require('http').createServer === 'function' &&","                    'node';","            }","        }());","        // init global","        local.global = local.modeJs === 'browser'","            ? window","            : global;","        // init utility2_rollup","        local = local.global.utility2_rollup || (local.modeJs === 'browser'","            ? local.global.utility2_npmtest_request","            : global.utility2_moduleExports);","        // export local","        local.global.local = local;","    }());","    switch (local.modeJs) {","","","","    // post-init","    // run browser js-env code - post-init","    /* istanbul ignore next */","    case 'browser':","        local.testRunBrowser = function (event) {","            if (!event || (event &&","                    event.currentTarget &&","                    event.currentTarget.className &&","                    event.currentTarget.className.includes &&","                    event.currentTarget.className.includes('onreset'))) {","                // reset output","                Array.from(","                    document.querySelectorAll('body > .resettable')","                ).forEach(function (element) {","                    switch (element.tagName) {","                    case 'INPUT':","                    case 'TEXTAREA':","                        element.value = '';","                        break;","                    default:","                        element.textContent = '';","                    }","                });","            }","            switch (event && event.currentTarget && event.currentTarget.id) {","            case 'testRunButton1':","                // show tests","                if (document.querySelector('#testReportDiv1').style.display === 'none') {","                    document.querySelector('#testReportDiv1').style.display = 'block';","                    document.querySelector('#testRunButton1').textContent =","                        'hide internal test';","                    local.modeTest = true;","                    local.testRunDefault(local);","                // hide tests","                } else {","                    document.querySelector('#testReportDiv1').style.display = 'none';","                    document.querySelector('#testRunButton1').textContent = 'run internal test';","                }","                break;","            // custom-case","            default:","                break;","            }","            if (document.querySelector('#inputTextareaEval1') && (!event || (event &&","                    event.currentTarget &&","                    event.currentTarget.className &&","                    event.currentTarget.className.includes &&","                    event.currentTarget.className.includes('oneval')))) {","                // try to eval input-code","                try {","                    /*jslint evil: true*/","                    eval(document.querySelector('#inputTextareaEval1').value);","                } catch (errorCaught) {","                    console.error(errorCaught);","                }","            }","        };","        // log stderr and stdout to #outputTextareaStdout1","        ['error', 'log'].forEach(function (key) {","            console[key + '_original'] = console[key];","            console[key] = function () {","                var element;","                console[key + '_original'].apply(console, arguments);","                element = document.querySelector('#outputTextareaStdout1');","                if (!element) {","                    return;","                }","                // append text to #outputTextareaStdout1","                element.value += Array.from(arguments).map(function (arg) {","                    return typeof arg === 'string'","                        ? arg","                        : JSON.stringify(arg, null, 4);","                }).join(' ') + '\\n';","                // scroll textarea to bottom","                element.scrollTop = element.scrollHeight;","            };","        });","        // init event-handling","        ['change', 'click', 'keyup'].forEach(function (event) {","            Array.from(document.querySelectorAll('.on' + event)).forEach(function (element) {","                element.addEventListener(event, local.testRunBrowser);","            });","        });","        // run tests","        local.testRunBrowser();","        break;","","","","    // run node js-env code - post-init","    /* istanbul ignore next */","    case 'node':","        // export local","        module.exports = local;","        // require modules","        local.fs = require('fs');","        local.http = require('http');","        local.url = require('url');","        // init assets","        local.assetsDict = local.assetsDict || {};","        /* jslint-ignore-begin */","        local.assetsDict['/assets.index.template.html'] = '\\","<!doctype html>\\n\\","<html lang=\"en\">\\n\\","<head>\\n\\","<meta charset=\"UTF-8\">\\n\\","<meta name=\"viewport\" content=\"width=device-width, initial-scale=1\">\\n\\","<title>{{env.npm_package_name}} (v{{env.npm_package_version}})</title>\\n\\","<style>\\n\\","/*csslint\\n\\","    box-sizing: false,\\n\\","    universal-selector: false\\n\\","*/\\n\\","* {\\n\\","    box-sizing: border-box;\\n\\","}\\n\\","body {\\n\\","    background: #dde;\\n\\","    font-family: Arial, Helvetica, sans-serif;\\n\\","    margin: 2rem;\\n\\","}\\n\\","body > * {\\n\\","    margin-bottom: 1rem;\\n\\","}\\n\\",".utility2FooterDiv {\\n\\","    margin-top: 20px;\\n\\","    text-align: center;\\n\\","}\\n\\","</style>\\n\\","<style>\\n\\","/*csslint\\n\\","*/\\n\\","textarea {\\n\\","    font-family: monospace;\\n\\","    height: 10rem;\\n\\","    width: 100%;\\n\\","}\\n\\","textarea[readonly] {\\n\\","    background: #ddd;\\n\\","}\\n\\","</style>\\n\\","</head>\\n\\","<body>\\n\\","<!-- utility2-comment\\n\\","<div id=\"ajaxProgressDiv1\" style=\"background: #d00; height: 2px; left: 0; margin: 0; padding: 0; position: fixed; top: 0; transition: background 0.5s, width 1.5s; width: 25%;\"></div>\\n\\","utility2-comment -->\\n\\","<h1>\\n\\","<!-- utility2-comment\\n\\","    <a\\n\\","        {{#if env.npm_package_homepage}}\\n\\","        href=\"{{env.npm_package_homepage}}\"\\n\\","        {{/if env.npm_package_homepage}}\\n\\","        target=\"_blank\"\\n\\","    >\\n\\","utility2-comment -->\\n\\","        {{env.npm_package_name}} (v{{env.npm_package_version}})\\n\\","<!-- utility2-comment\\n\\","    </a>\\n\\","utility2-comment -->\\n\\","</h1>\\n\\","<h3>{{env.npm_package_description}}</h3>\\n\\","<!-- utility2-comment\\n\\","<h4><a download href=\"assets.app.js\">download standalone app</a></h4>\\n\\","<button class=\"onclick onreset\" id=\"testRunButton1\">run internal test</button><br>\\n\\","<div id=\"testReportDiv1\" style=\"display: none;\"></div>\\n\\","utility2-comment -->\\n\\","\\n\\","\\n\\","\\n\\","<label>stderr and stdout</label>\\n\\","<textarea class=\"resettable\" id=\"outputTextareaStdout1\" readonly></textarea>\\n\\","<!-- utility2-comment\\n\\","{{#if isRollup}}\\n\\","<script src=\"assets.app.js\"></script>\\n\\","{{#unless isRollup}}\\n\\","utility2-comment -->\\n\\","<script src=\"assets.utility2.rollup.js\"></script>\\n\\","<script src=\"jsonp.utility2._stateInit?callback=window.utility2._stateInit\"></script>\\n\\","<script src=\"assets.npmtest_request.rollup.js\"></script>\\n\\","<script src=\"assets.example.js\"></script>\\n\\","<script src=\"assets.test.js\"></script>\\n\\","<!-- utility2-comment\\n\\","{{/if isRollup}}\\n\\","utility2-comment -->\\n\\","<div class=\"utility2FooterDiv\">\\n\\","    [ this app was created with\\n\\","    <a href=\"https://github.com/kaizhu256/node-utility2\" target=\"_blank\">utility2</a>\\n\\","    ]\\n\\","</div>\\n\\","</body>\\n\\","</html>\\n\\","';","        /* jslint-ignore-end */","        if (local.templateRender) {","            local.assetsDict['/'] = local.templateRender(","                local.assetsDict['/assets.index.template.html'],","                {","                    env: local.objectSetDefault(local.env, {","                        npm_package_description: 'the greatest app in the world!',","                        npm_package_name: 'my-app',","                        npm_package_nameAlias: 'my_app',","                        npm_package_version: '0.0.1'","                    })","                }","            );","        } else {","            local.assetsDict['/'] = local.assetsDict['/assets.index.template.html']","                .replace((/\\{\\{env\\.(\\w+?)\\}\\}/g), function (match0, match1) {","                    // jslint-hack","                    String(match0);","                    switch (match1) {","                    case 'npm_package_description':","                        return 'the greatest app in the world!';","                    case 'npm_package_name':","                        return 'my-app';","                    case 'npm_package_nameAlias':","                        return 'my_app';","                    case 'npm_package_version':","                        return '0.0.1';","                    }","                });","        }","        // run the cli","        if (local.global.utility2_rollup || module !== require.main) {","            break;","        }","        local.assetsDict['/assets.example.js'] =","            local.assetsDict['/assets.example.js'] ||","            local.fs.readFileSync(__filename, 'utf8');","        local.assetsDict['/assets.npmtest_request.rollup.js'] =","            local.assetsDict['/assets.npmtest_request.rollup.js'] ||","            local.fs.readFileSync(","                // buildCustomOrg-hack","                local.npmtest_request.__dirname +","                    '/lib.npmtest_request.js',","                'utf8'","            ).replace((/^#!/), '//');","        local.assetsDict['/favicon.ico'] = local.assetsDict['/favicon.ico'] || '';","        // if $npm_config_timeout_exit exists,","        // then exit this process after $npm_config_timeout_exit ms","        if (Number(process.env.npm_config_timeout_exit)) {","            setTimeout(process.exit, Number(process.env.npm_config_timeout_exit));","        }","        // start server","        if (local.global.utility2_serverHttp1) {","            break;","        }","        process.env.PORT = process.env.PORT || '8081';","        console.error('server starting on port ' + process.env.PORT);","        local.http.createServer(function (request, response) {","            request.urlParsed = local.url.parse(request.url);","            if (local.assetsDict[request.urlParsed.pathname] !== undefined) {","                response.end(local.assetsDict[request.urlParsed.pathname]);","                return;","            }","            response.statusCode = 404;","            response.end();","        }).listen(process.env.PORT);","        break;","    }","}());",""],"l":{"26":2,"28":2,"33":2,"35":2,"37":2,"38":2,"39":2,"44":1,"51":2,"55":2,"59":2,"61":2,"69":1,"70":2,"76":2,"79":2,"82":2,"83":2,"85":1,"89":2,"92":1,"93":1,"94":1,"96":1,"97":1,"100":1,"101":1,"103":1,"106":1,"108":2,"114":1,"116":1,"118":1,"123":1,"124":2,"125":2,"126":2,"127":2,"128":2,"129":2,"130":1,"133":2,"134":2,"139":2,"143":1,"144":3,"145":1,"149":1,"150":1,"158":1,"160":1,"161":1,"162":1,"164":1,"166":1,"258":1,"259":1,"271":1,"274":6,"275":6,"277":1,"279":2,"281":1,"283":2,"288":1,"289":1,"291":1,"294":1,"302":1,"305":1,"306":1,"309":1,"310":1,"312":1,"313":1,"314":1,"315":1,"316":1,"317":1,"318":1,"320":1,"321":1,"323":1}},"/home/travis/build/npmtest/node-npmtest-request/request/index.js":{"path":"/home/travis/build/npmtest/node-npmtest-request/request/index.js","s":{"1":1,"2":1,"3":1,"4":0,"5":0,"6":0,"7":0,"8":0,"9":0,"10":0,"11":0,"12":0,"13":0,"14":1,"15":0,"16":0,"17":0,"18":0,"19":0,"20":0,"21":1,"22":7,"23":7,"24":0,"25":0,"26":0,"27":1,"28":1,"29":1,"30":1,"31":1,"32":1,"33":1,"34":1,"35":0,"36":1,"37":0,"38":1,"39":0,"40":0,"41":0,"42":0,"43":0,"44":0,"45":0,"46":0,"47":0,"48":0,"49":1,"50":0,"51":0,"52":0,"53":0,"54":0,"55":0,"56":0,"57":0,"58":0,"59":0,"60":0,"61":0,"62":0,"63":1,"64":0,"65":0,"66":0,"67":0,"68":0,"69":0,"70":0,"71":1,"72":1,"73":1,"74":1,"75":0,"76":0},"b":{"1":[0,0],"2":[0,0],"3":[0,0],"4":[0,0],"5":[0,0],"6":[0,0],"7":[0,0],"8":[0,0],"9":[0,0],"10":[0,0],"11":[0,0],"12":[0,0],"13":[0,0],"14":[0,0]},"f":{"1":0,"2":0,"3":7,"4":0,"5":0,"6":0,"7":0,"8":0,"9":0,"10":0,"11":0,"12":0,"13":0},"fnMap":{"1":{"name":"initParams","line":25,"loc":{"start":{"line":25,"column":0},"end":{"line":25,"column":44}}},"2":{"name":"request","line":43,"loc":{"start":{"line":43,"column":0},"end":{"line":43,"column":42}}},"3":{"name":"verbFunc","line":57,"loc":{"start":{"line":57,"column":0},"end":{"line":57,"column":25}}},"4":{"name":"(anonymous_4)","line":59,"loc":{"start":{"line":59,"column":9},"end":{"line":59,"column":43}}},"5":{"name":"(anonymous_5)","line":75,"loc":{"start":{"line":75,"column":14},"end":{"line":75,"column":31}}},"6":{"name":"(anonymous_6)","line":79,"loc":{"start":{"line":79,"column":17},"end":{"line":79,"column":32}}},"7":{"name":"wrapRequestMethod","line":83,"loc":{"start":{"line":83,"column":0},"end":{"line":83,"column":62}}},"8":{"name":"(anonymous_8)","line":85,"loc":{"start":{"line":85,"column":9},"end":{"line":85,"column":40}}},"9":{"name":"(anonymous_9)","line":105,"loc":{"start":{"line":105,"column":19},"end":{"line":105,"column":49}}},"10":{"name":"(anonymous_10)","line":118,"loc":{"start":{"line":118,"column":16},"end":{"line":118,"column":31}}},"11":{"name":"(anonymous_11)","line":128,"loc":{"start":{"line":128,"column":18},"end":{"line":128,"column":54}}},"12":{"name":"(anonymous_12)","line":150,"loc":{"start":{"line":150,"column":8},"end":{"line":150,"column":19}}},"13":{"name":"(anonymous_13)","line":153,"loc":{"start":{"line":153,"column":8},"end":{"line":153,"column":24}}}},"statementMap":{"1":{"start":{"line":17,"column":0},"end":{"line":19,"column":52}},"2":{"start":{"line":21,"column":0},"end":{"line":21,"column":57}},"3":{"start":{"line":25,"column":0},"end":{"line":41,"column":1}},"4":{"start":{"line":26,"column":2},"end":{"line":28,"column":3}},"5":{"start":{"line":27,"column":4},"end":{"line":27,"column":22}},"6":{"start":{"line":30,"column":2},"end":{"line":30,"column":17}},"7":{"start":{"line":31,"column":2},"end":{"line":37,"column":3}},"8":{"start":{"line":32,"column":4},"end":{"line":32,"column":39}},"9":{"start":{"line":33,"column":9},"end":{"line":37,"column":3}},"10":{"start":{"line":34,"column":4},"end":{"line":34,"column":30}},"11":{"start":{"line":36,"column":4},"end":{"line":36,"column":23}},"12":{"start":{"line":39,"column":2},"end":{"line":39,"column":47}},"13":{"start":{"line":40,"column":2},"end":{"line":40,"column":15}},"14":{"start":{"line":43,"column":0},"end":{"line":55,"column":1}},"15":{"start":{"line":44,"column":2},"end":{"line":46,"column":3}},"16":{"start":{"line":45,"column":4},"end":{"line":45,"column":70}},"17":{"start":{"line":48,"column":2},"end":{"line":48,"column":49}},"18":{"start":{"line":50,"column":2},"end":{"line":52,"column":3}},"19":{"start":{"line":51,"column":4},"end":{"line":51,"column":74}},"20":{"start":{"line":54,"column":2},"end":{"line":54,"column":36}},"21":{"start":{"line":57,"column":0},"end":{"line":64,"column":1}},"22":{"start":{"line":58,"column":2},"end":{"line":58,"column":33}},"23":{"start":{"line":59,"column":2},"end":{"line":63,"column":3}},"24":{"start":{"line":60,"column":4},"end":{"line":60,"column":51}},"25":{"start":{"line":61,"column":4},"end":{"line":61,"column":26}},"26":{"start":{"line":62,"column":4},"end":{"line":62,"column":43}},"27":{"start":{"line":67,"column":0},"end":{"line":67,"column":29}},"28":{"start":{"line":68,"column":0},"end":{"line":68,"column":31}},"29":{"start":{"line":69,"column":0},"end":{"line":69,"column":31}},"30":{"start":{"line":70,"column":0},"end":{"line":70,"column":29}},"31":{"start":{"line":71,"column":0},"end":{"line":71,"column":33}},"32":{"start":{"line":72,"column":0},"end":{"line":72,"column":32}},"33":{"start":{"line":73,"column":0},"end":{"line":73,"column":38}},"34":{"start":{"line":75,"column":0},"end":{"line":77,"column":1}},"35":{"start":{"line":76,"column":2},"end":{"line":76,"column":27}},"36":{"start":{"line":79,"column":0},"end":{"line":81,"column":1}},"37":{"start":{"line":80,"column":2},"end":{"line":80,"column":27}},"38":{"start":{"line":83,"column":0},"end":{"line":103,"column":1}},"39":{"start":{"line":85,"column":2},"end":{"line":102,"column":3}},"40":{"start":{"line":86,"column":4},"end":{"line":86,"column":48}},"41":{"start":{"line":88,"column":4},"end":{"line":88,"column":19}},"42":{"start":{"line":89,"column":4},"end":{"line":89,"column":41}},"43":{"start":{"line":91,"column":4},"end":{"line":91,"column":45}},"44":{"start":{"line":93,"column":4},"end":{"line":95,"column":5}},"45":{"start":{"line":94,"column":6},"end":{"line":94,"column":40}},"46":{"start":{"line":97,"column":4},"end":{"line":99,"column":5}},"47":{"start":{"line":98,"column":6},"end":{"line":98,"column":24}},"48":{"start":{"line":101,"column":4},"end":{"line":101,"column":42}},"49":{"start":{"line":105,"column":0},"end":{"line":126,"column":1}},"50":{"start":{"line":106,"column":2},"end":{"line":106,"column":17}},"51":{"start":{"line":108,"column":2},"end":{"line":108,"column":25}},"52":{"start":{"line":110,"column":2},"end":{"line":113,"column":3}},"53":{"start":{"line":111,"column":4},"end":{"line":111,"column":23}},"54":{"start":{"line":112,"column":4},"end":{"line":112,"column":16}},"55":{"start":{"line":115,"column":2},"end":{"line":115,"column":65}},"56":{"start":{"line":117,"column":2},"end":{"line":117,"column":70}},"57":{"start":{"line":118,"column":2},"end":{"line":120,"column":4}},"58":{"start":{"line":119,"column":4},"end":{"line":119,"column":77}},"59":{"start":{"line":122,"column":2},"end":{"line":122,"column":72}},"60":{"start":{"line":123,"column":2},"end":{"line":123,"column":30}},"61":{"start":{"line":124,"column":2},"end":{"line":124,"column":35}},"62":{"start":{"line":125,"column":2},"end":{"line":125,"column":17}},"63":{"start":{"line":128,"column":0},"end":{"line":139,"column":1}},"64":{"start":{"line":129,"column":2},"end":{"line":129,"column":18}},"65":{"start":{"line":130,"column":2},"end":{"line":132,"column":3}},"66":{"start":{"line":131,"column":4},"end":{"line":131,"column":31}},"67":{"start":{"line":133,"column":2},"end":{"line":135,"column":3}},"68":{"start":{"line":134,"column":4},"end":{"line":134,"column":39}},"69":{"start":{"line":137,"column":2},"end":{"line":137,"column":24}},"70":{"start":{"line":138,"column":2},"end":{"line":138,"column":34}},"71":{"start":{"line":143,"column":0},"end":{"line":143,"column":24}},"72":{"start":{"line":144,"column":0},"end":{"line":144,"column":38}},"73":{"start":{"line":145,"column":0},"end":{"line":145,"column":31}},"74":{"start":{"line":148,"column":0},"end":{"line":156,"column":2}},"75":{"start":{"line":151,"column":4},"end":{"line":151,"column":32}},"76":{"start":{"line":154,"column":4},"end":{"line":154,"column":33}}},"branchMap":{"1":{"line":26,"type":"if","locations":[{"start":{"line":26,"column":2},"end":{"line":26,"column":2}},{"start":{"line":26,"column":2},"end":{"line":26,"column":2}}]},"2":{"line":31,"type":"if","locations":[{"start":{"line":31,"column":2},"end":{"line":31,"column":2}},{"start":{"line":31,"column":2},"end":{"line":31,"column":2}}]},"3":{"line":33,"type":"if","locations":[{"start":{"line":33,"column":9},"end":{"line":33,"column":9}},{"start":{"line":33,"column":9},"end":{"line":33,"column":9}}]},"4":{"line":39,"type":"binary-expr","locations":[{"start":{"line":39,"column":20},"end":{"line":39,"column":28}},{"start":{"line":39,"column":32},"end":{"line":39,"column":47}}]},"5":{"line":44,"type":"if","locations":[{"start":{"line":44,"column":2},"end":{"line":44,"column":2}},{"start":{"line":44,"column":2},"end":{"line":44,"column":2}}]},"6":{"line":50,"type":"if","locations":[{"start":{"line":50,"column":2},"end":{"line":50,"column":2}},{"start":{"line":50,"column":2},"end":{"line":50,"column":2}}]},"7":{"line":50,"type":"binary-expr","locations":[{"start":{"line":50,"column":6},"end":{"line":50,"column":30}},{"start":{"line":50,"column":34},"end":{"line":50,"column":63}}]},"8":{"line":91,"type":"binary-expr","locations":[{"start":{"line":91,"column":18},"end":{"line":91,"column":29}},{"start":{"line":91,"column":33},"end":{"line":91,"column":45}}]},"9":{"line":93,"type":"if","locations":[{"start":{"line":93,"column":4},"end":{"line":93,"column":4}},{"start":{"line":93,"column":4},"end":{"line":93,"column":4}}]},"10":{"line":97,"type":"if","locations":[{"start":{"line":97,"column":4},"end":{"line":97,"column":4}},{"start":{"line":97,"column":4},"end":{"line":97,"column":4}}]},"11":{"line":108,"type":"binary-expr","locations":[{"start":{"line":108,"column":12},"end":{"line":108,"column":19}},{"start":{"line":108,"column":23},"end":{"line":108,"column":25}}]},"12":{"line":110,"type":"if","locations":[{"start":{"line":110,"column":2},"end":{"line":110,"column":2}},{"start":{"line":110,"column":2},"end":{"line":110,"column":2}}]},"13":{"line":130,"type":"if","locations":[{"start":{"line":130,"column":2},"end":{"line":130,"column":2}},{"start":{"line":130,"column":2},"end":{"line":130,"column":2}}]},"14":{"line":133,"type":"if","locations":[{"start":{"line":133,"column":2},"end":{"line":133,"column":2}},{"start":{"line":133,"column":2},"end":{"line":133,"column":2}}]}},"code":["// Copyright 2010-2012 Mikeal Rogers","//","//    Licensed under the Apache License, Version 2.0 (the \"License\");","//    you may not use this file except in compliance with the License.","//    You may obtain a copy of the License at","//","//        http://www.apache.org/licenses/LICENSE-2.0","//","//    Unless required by applicable law or agreed to in writing, software","//    distributed under the License is distributed on an \"AS IS\" BASIS,","//    WITHOUT WARRANTIES OR CONDITIONS OF ANY KIND, either express or implied.","//    See the License for the specific language governing permissions and","//    limitations under the License.","","'use strict'","","var extend                = require('extend')","  , cookies               = require('./lib/cookies')","  , helpers               = require('./lib/helpers')","","var paramsHaveRequestBody = helpers.paramsHaveRequestBody","","","// organize params for patch, post, put, head, del","function initParams(uri, options, callback) {","  if (typeof options === 'function') {","    callback = options","  }","","  var params = {}","  if (typeof options === 'object') {","    extend(params, options, {uri: uri})","  } else if (typeof uri === 'string') {","    extend(params, {uri: uri})","  } else {","    extend(params, uri)","  }","","  params.callback = callback || params.callback","  return params","}","","function request (uri, options, callback) {","  if (typeof uri === 'undefined') {","    throw new Error('undefined is not a valid uri or options object.')","  }","","  var params = initParams(uri, options, callback)","","  if (params.method === 'HEAD' && paramsHaveRequestBody(params)) {","    throw new Error('HTTP HEAD requests MUST NOT include a request body.')","  }","","  return new request.Request(params)","}","","function verbFunc (verb) {","  var method = verb.toUpperCase()","  return function (uri, options, callback) {","    var params = initParams(uri, options, callback)","    params.method = method","    return request(params, params.callback)","  }","}","","// define like this to please codeintel/intellisense IDEs","request.get = verbFunc('get')","request.head = verbFunc('head')","request.post = verbFunc('post')","request.put = verbFunc('put')","request.patch = verbFunc('patch')","request.del = verbFunc('delete')","request['delete'] = verbFunc('delete')","","request.jar = function (store) {","  return cookies.jar(store)","}","","request.cookie = function (str) {","  return cookies.parse(str)","}","","function wrapRequestMethod (method, options, requester, verb) {","","  return function (uri, opts, callback) {","    var params = initParams(uri, opts, callback)","","    var target = {}","    extend(true, target, options, params)","","    target.pool = params.pool || options.pool","","    if (verb) {","      target.method = verb.toUpperCase()","    }","","    if (typeof requester === 'function') {","      method = requester","    }","","    return method(target, target.callback)","  }","}","","request.defaults = function (options, requester) {","  var self = this","","  options = options || {}","","  if (typeof options === 'function') {","    requester = options","    options = {}","  }","","  var defaults      = wrapRequestMethod(self, options, requester)","","  var verbs = ['get', 'head', 'post', 'put', 'patch', 'del', 'delete']","  verbs.forEach(function(verb) {","    defaults[verb]  = wrapRequestMethod(self[verb], options, requester, verb)","  })","","  defaults.cookie   = wrapRequestMethod(self.cookie, options, requester)","  defaults.jar      = self.jar","  defaults.defaults = self.defaults","  return defaults","}","","request.forever = function (agentOptions, optionsArg) {","  var options = {}","  if (optionsArg) {","    extend(options, optionsArg)","  }","  if (agentOptions) {","    options.agentOptions = agentOptions","  }","","  options.forever = true","  return request.defaults(options)","}","","// Exports","","module.exports = request","request.Request = require('./request')","request.initParams = initParams","","// Backwards compatibility for request.debug","Object.defineProperty(request, 'debug', {","  enumerable : true,","  get : function() {","    return request.Request.debug","  },","  set : function(debug) {","    request.Request.debug = debug","  }","})",""],"l":{"17":1,"21":1,"25":1,"26":0,"27":0,"30":0,"31":0,"32":0,"33":0,"34":0,"36":0,"39":0,"40":0,"43":1,"44":0,"45":0,"48":0,"50":0,"51":0,"54":0,"57":1,"58":7,"59":7,"60":0,"61":0,"62":0,"67":1,"68":1,"69":1,"70":1,"71":1,"72":1,"73":1,"75":1,"76":0,"79":1,"80":0,"83":1,"85":0,"86":0,"88":0,"89":0,"91":0,"93":0,"94":0,"97":0,"98":0,"101":0,"105":1,"106":0,"108":0,"110":0,"111":0,"112":0,"115":0,"117":0,"118":0,"119":0,"122":0,"123":0,"124":0,"125":0,"128":1,"129":0,"130":0,"131":0,"133":0,"134":0,"137":0,"138":0,"143":1,"144":1,"145":1,"148":1,"151":0,"154":0}},"/home/travis/build/npmtest/node-npmtest-request/request/lib/cookies.js":{"path":"/home/travis/build/npmtest/node-npmtest-request/request/lib/cookies.js","s":{"1":1,"2":1,"3":1,"4":0,"5":0,"6":0,"7":0,"8":0,"9":1,"10":1,"11":1,"12":1,"13":0,"14":0,"15":1,"16":0,"17":0,"18":1,"19":0,"20":0,"21":1,"22":1},"b":{"1":[0,0],"2":[0,0],"3":[0,0],"4":[0,0]},"f":{"1":0,"2":1,"3":0,"4":0,"5":0,"6":1},"fnMap":{"1":{"name":"(anonymous_1)","line":9,"loc":{"start":{"line":9,"column":16},"end":{"line":9,"column":30}}},"2":{"name":"RequestJar","line":20,"loc":{"start":{"line":20,"column":0},"end":{"line":20,"column":27}}},"3":{"name":"(anonymous_3)","line":24,"loc":{"start":{"line":24,"column":33},"end":{"line":24,"column":69}}},"4":{"name":"(anonymous_4)","line":28,"loc":{"start":{"line":28,"column":39},"end":{"line":28,"column":53}}},"5":{"name":"(anonymous_5)","line":32,"loc":{"start":{"line":32,"column":34},"end":{"line":32,"column":48}}},"6":{"name":"(anonymous_6)","line":37,"loc":{"start":{"line":37,"column":14},"end":{"line":37,"column":30}}}},"statementMap":{"1":{"start":{"line":3,"column":0},"end":{"line":3,"column":35}},"2":{"start":{"line":5,"column":0},"end":{"line":6,"column":31}},"3":{"start":{"line":9,"column":0},"end":{"line":17,"column":1}},"4":{"start":{"line":10,"column":2},"end":{"line":12,"column":3}},"5":{"start":{"line":11,"column":4},"end":{"line":11,"column":17}},"6":{"start":{"line":13,"column":2},"end":{"line":15,"column":3}},"7":{"start":{"line":14,"column":4},"end":{"line":14,"column":71}},"8":{"start":{"line":16,"column":2},"end":{"line":16,"column":41}},"9":{"start":{"line":20,"column":0},"end":{"line":23,"column":1}},"10":{"start":{"line":21,"column":2},"end":{"line":21,"column":17}},"11":{"start":{"line":22,"column":2},"end":{"line":22,"column":53}},"12":{"start":{"line":24,"column":0},"end":{"line":27,"column":1}},"13":{"start":{"line":25,"column":2},"end":{"line":25,"column":17}},"14":{"start":{"line":26,"column":2},"end":{"line":26,"column":65}},"15":{"start":{"line":28,"column":0},"end":{"line":31,"column":1}},"16":{"start":{"line":29,"column":2},"end":{"line":29,"column":17}},"17":{"start":{"line":30,"column":2},"end":{"line":30,"column":43}},"18":{"start":{"line":32,"column":0},"end":{"line":35,"column":1}},"19":{"start":{"line":33,"column":2},"end":{"line":33,"column":17}},"20":{"start":{"line":34,"column":2},"end":{"line":34,"column":38}},"21":{"start":{"line":37,"column":0},"end":{"line":39,"column":1}},"22":{"start":{"line":38,"column":2},"end":{"line":38,"column":30}}},"branchMap":{"1":{"line":10,"type":"if","locations":[{"start":{"line":10,"column":2},"end":{"line":10,"column":2}},{"start":{"line":10,"column":2},"end":{"line":10,"column":2}}]},"2":{"line":10,"type":"binary-expr","locations":[{"start":{"line":10,"column":6},"end":{"line":10,"column":9}},{"start":{"line":10,"column":13},"end":{"line":10,"column":20}}]},"3":{"line":13,"type":"if","locations":[{"start":{"line":13,"column":2},"end":{"line":13,"column":2}},{"start":{"line":13,"column":2},"end":{"line":13,"column":2}}]},"4":{"line":26,"type":"binary-expr","locations":[{"start":{"line":26,"column":51},"end":{"line":26,"column":58}},{"start":{"line":26,"column":62},"end":{"line":26,"column":64}}]}},"code":["'use strict'","","var tough = require('tough-cookie')","","var Cookie = tough.Cookie","  , CookieJar = tough.CookieJar","","","exports.parse = function(str) {","  if (str && str.uri) {","    str = str.uri","  }","  if (typeof str !== 'string') {","    throw new Error('The cookie function only accepts STRING as param')","  }","  return Cookie.parse(str, {loose: true})","}","","// Adapt the sometimes-Async api of tough.CookieJar to our requirements","function RequestJar(store) {","  var self = this","  self._jar = new CookieJar(store, {looseMode: true})","}","RequestJar.prototype.setCookie = function(cookieOrStr, uri, options) {","  var self = this","  return self._jar.setCookieSync(cookieOrStr, uri, options || {})","}","RequestJar.prototype.getCookieString = function(uri) {","  var self = this","  return self._jar.getCookieStringSync(uri)","}","RequestJar.prototype.getCookies = function(uri) {","  var self = this","  return self._jar.getCookiesSync(uri)","}","","exports.jar = function(store) {","  return new RequestJar(store)","}",""],"l":{"3":1,"5":1,"9":1,"10":0,"11":0,"13":0,"14":0,"16":0,"20":1,"21":1,"22":1,"24":1,"25":0,"26":0,"28":1,"29":0,"30":0,"32":1,"33":0,"34":0,"37":1,"38":1}},"/home/travis/build/npmtest/node-npmtest-request/request/lib/helpers.js":{"path":"/home/travis/build/npmtest/node-npmtest-request/request/lib/helpers.js","s":{"1":1,"2":1,"3":1,"4":0,"5":1,"6":0,"7":0,"8":0,"9":0,"10":0,"11":1,"12":0,"13":1,"14":0,"15":1,"16":0,"17":1,"18":0,"19":0,"20":0,"21":0,"22":1,"23":0,"24":0,"25":1,"26":1,"27":1,"28":1,"29":1,"30":1,"31":1,"32":1},"b":{"1":[0,1],"2":[0,0,0,0,0],"3":[0,0,0],"4":[0,0]},"f":{"1":0,"2":0,"3":0,"4":0,"5":0,"6":0,"7":0,"8":0},"fnMap":{"1":{"name":"paramsHaveRequestBody","line":11,"loc":{"start":{"line":11,"column":0},"end":{"line":11,"column":39}}},"2":{"name":"safeStringify","line":20,"loc":{"start":{"line":20,"column":0},"end":{"line":20,"column":39}}},"3":{"name":"md5","line":30,"loc":{"start":{"line":30,"column":0},"end":{"line":30,"column":19}}},"4":{"name":"isReadStream","line":34,"loc":{"start":{"line":34,"column":0},"end":{"line":34,"column":27}}},"5":{"name":"toBase64","line":38,"loc":{"start":{"line":38,"column":0},"end":{"line":38,"column":24}}},"6":{"name":"copy","line":42,"loc":{"start":{"line":42,"column":0},"end":{"line":42,"column":20}}},"7":{"name":"(anonymous_7)","line":44,"loc":{"start":{"line":44,"column":27},"end":{"line":44,"column":40}}},"8":{"name":"version","line":50,"loc":{"start":{"line":50,"column":0},"end":{"line":50,"column":20}}}},"statementMap":{"1":{"start":{"line":3,"column":0},"end":{"line":5,"column":42}},"2":{"start":{"line":7,"column":0},"end":{"line":9,"column":16}},"3":{"start":{"line":11,"column":0},"end":{"line":18,"column":1}},"4":{"start":{"line":12,"column":2},"end":{"line":17,"column":3}},"5":{"start":{"line":20,"column":0},"end":{"line":28,"column":1}},"6":{"start":{"line":21,"column":2},"end":{"line":21,"column":9}},"7":{"start":{"line":22,"column":2},"end":{"line":26,"column":3}},"8":{"start":{"line":23,"column":4},"end":{"line":23,"column":39}},"9":{"start":{"line":25,"column":4},"end":{"line":25,"column":42}},"10":{"start":{"line":27,"column":2},"end":{"line":27,"column":12}},"11":{"start":{"line":30,"column":0},"end":{"line":32,"column":1}},"12":{"start":{"line":31,"column":2},"end":{"line":31,"column":59}},"13":{"start":{"line":34,"column":0},"end":{"line":36,"column":1}},"14":{"start":{"line":35,"column":2},"end":{"line":35,"column":42}},"15":{"start":{"line":38,"column":0},"end":{"line":40,"column":1}},"16":{"start":{"line":39,"column":2},"end":{"line":39,"column":58}},"17":{"start":{"line":42,"column":0},"end":{"line":48,"column":1}},"18":{"start":{"line":43,"column":2},"end":{"line":43,"column":12}},"19":{"start":{"line":44,"column":2},"end":{"line":46,"column":4}},"20":{"start":{"line":45,"column":4},"end":{"line":45,"column":17}},"21":{"start":{"line":47,"column":2},"end":{"line":47,"column":10}},"22":{"start":{"line":50,"column":0},"end":{"line":57,"column":1}},"23":{"start":{"line":51,"column":2},"end":{"line":51,"column":59}},"24":{"start":{"line":52,"column":2},"end":{"line":56,"column":3}},"25":{"start":{"line":59,"column":0},"end":{"line":59,"column":53}},"26":{"start":{"line":60,"column":0},"end":{"line":60,"column":45}},"27":{"start":{"line":61,"column":0},"end":{"line":61,"column":35}},"28":{"start":{"line":62,"column":0},"end":{"line":62,"column":44}},"29":{"start":{"line":63,"column":0},"end":{"line":63,"column":40}},"30":{"start":{"line":64,"column":0},"end":{"line":64,"column":36}},"31":{"start":{"line":65,"column":0},"end":{"line":65,"column":39}},"32":{"start":{"line":66,"column":0},"end":{"line":66,"column":37}}},"branchMap":{"1":{"line":7,"type":"cond-expr","locations":[{"start":{"line":8,"column":4},"end":{"line":8,"column":20}},{"start":{"line":9,"column":4},"end":{"line":9,"column":16}}]},"2":{"line":13,"type":"binary-expr","locations":[{"start":{"line":13,"column":4},"end":{"line":13,"column":15}},{"start":{"line":14,"column":4},"end":{"line":14,"column":28}},{"start":{"line":15,"column":5},"end":{"line":15,"column":16}},{"start":{"line":15,"column":20},"end":{"line":15,"column":52}},{"start":{"line":16,"column":4},"end":{"line":16,"column":20}}]},"3":{"line":35,"type":"binary-expr","locations":[{"start":{"line":35,"column":9},"end":{"line":35,"column":20}},{"start":{"line":35,"column":24},"end":{"line":35,"column":31}},{"start":{"line":35,"column":35},"end":{"line":35,"column":42}}]},"4":{"line":39,"type":"binary-expr","locations":[{"start":{"line":39,"column":21},"end":{"line":39,"column":24}},{"start":{"line":39,"column":28},"end":{"line":39,"column":30}}]}},"code":["'use strict'","","var jsonSafeStringify = require('json-stringify-safe')","  , crypto = require('crypto')","  , Buffer = require('safe-buffer').Buffer","","var defer = typeof setImmediate === 'undefined'","  ? process.nextTick","  : setImmediate","","function paramsHaveRequestBody(params) {","  return (","    params.body ||","    params.requestBodyStream ||","    (params.json && typeof params.json !== 'boolean') ||","    params.multipart","  )","}","","function safeStringify (obj, replacer) {","  var ret","  try {","    ret = JSON.stringify(obj, replacer)","  } catch (e) {","    ret = jsonSafeStringify(obj, replacer)","  }","  return ret","}","","function md5 (str) {","  return crypto.createHash('md5').update(str).digest('hex')","}","","function isReadStream (rs) {","  return rs.readable && rs.path && rs.mode","}","","function toBase64 (str) {","  return Buffer.from(str || '', 'utf8').toString('base64')","}","","function copy (obj) {","  var o = {}","  Object.keys(obj).forEach(function (i) {","    o[i] = obj[i]","  })","  return o","}","","function version () {","  var numbers = process.version.replace('v', '').split('.')","  return {","    major: parseInt(numbers[0], 10),","    minor: parseInt(numbers[1], 10),","    patch: parseInt(numbers[2], 10)","  }","}","","exports.paramsHaveRequestBody = paramsHaveRequestBody","exports.safeStringify         = safeStringify","exports.md5                   = md5","exports.isReadStream          = isReadStream","exports.toBase64              = toBase64","exports.copy                  = copy","exports.version               = version","exports.defer                 = defer",""],"l":{"3":1,"7":1,"11":1,"12":0,"20":1,"21":0,"22":0,"23":0,"25":0,"27":0,"30":1,"31":0,"34":1,"35":0,"38":1,"39":0,"42":1,"43":0,"44":0,"45":0,"47":0,"50":1,"51":0,"52":0,"59":1,"60":1,"61":1,"62":1,"63":1,"64":1,"65":1,"66":1}},"/home/travis/build/npmtest/node-npmtest-request/request/request.js":{"path":"/home/travis/build/npmtest/node-npmtest-request/request/request.js","s":{"1":1,"2":1,"3":1,"4":1,"5":0,"6":0,"7":0,"8":0,"9":0,"10":0,"11":1,"12":0,"13":0,"14":0,"15":0,"16":0,"17":0,"18":0,"19":1,"20":0,"21":0,"22":1,"23":0,"24":0,"25":1,"26":0,"27":0,"28":0,"29":0,"30":0,"31":0,"32":0,"33":0,"34":0,"35":0,"36":0,"37":0,"38":0,"39":0,"40":0,"41":0,"42":0,"43":0,"44":0,"45":0,"46":1,"47":1,"48":1,"49":0,"50":0,"51":1,"52":1,"53":0,"54":0,"55":0,"56":0,"57":0,"58":0,"59":0,"60":0,"61":0,"62":0,"63":0,"64":0,"65":0,"66":0,"67":0,"68":0,"69":0,"70":0,"71":0,"72":0,"73":0,"74":0,"75":0,"76":0,"77":0,"78":0,"79":0,"80":0,"81":0,"82":0,"83":0,"84":0,"85":0,"86":0,"87":0,"88":0,"89":0,"90":0,"91":0,"92":0,"93":0,"94":0,"95":0,"96":0,"97":0,"98":0,"99":0,"100":0,"101":0,"102":0,"103":0,"104":0,"105":0,"106":0,"107":0,"108":0,"109":0,"110":0,"111":0,"112":0,"113":0,"114":0,"115":0,"116":0,"117":0,"118":0,"119":0,"120":0,"121":0,"122":0,"123":0,"124":0,"125":0,"126":0,"127":0,"128":0,"129":0,"130":0,"131":0,"132":0,"133":0,"134":0,"135":0,"136":0,"137":0,"138":0,"139":0,"140":0,"141":0,"142":0,"143":0,"144":0,"145":0,"146":0,"147":0,"148":0,"149":0,"150":0,"151":0,"152":0,"153":0,"154":0,"155":0,"156":0,"157":0,"158":0,"159":0,"160":0,"161":0,"162":0,"163":0,"164":0,"165":0,"166":0,"167":0,"168":0,"169":0,"170":0,"171":0,"172":0,"173":0,"174":0,"175":0,"176":0,"177":0,"178":0,"179":0,"180":0,"181":0,"182":0,"183":0,"184":0,"185":0,"186":0,"187":0,"188":0,"189":0,"190":0,"191":0,"192":0,"193":0,"194":0,"195":0,"196":0,"197":0,"198":1,"199":0,"200":0,"201":0,"202":0,"203":0,"204":0,"205":0,"206":0,"207":0,"208":0,"209":0,"210":0,"211":0,"212":0,"213":0,"214":0,"215":0,"216":0,"217":0,"218":0,"219":0,"220":0,"221":0,"222":0,"223":0,"224":0,"225":0,"226":0,"227":0,"228":0,"229":0,"230":0,"231":0,"232":0,"233":0,"234":0,"235":0,"236":0,"237":0,"238":0,"239":0,"240":0,"241":0,"242":0,"243":0,"244":0,"245":0,"246":0,"247":0,"248":0,"249":0,"250":0,"251":0,"252":0,"253":0,"254":0,"255":0,"256":0,"257":0,"258":0,"259":0,"260":0,"261":0,"262":0,"263":0,"264":0,"265":0,"266":0,"267":0,"268":0,"269":0,"270":0,"271":0,"272":0,"273":0,"274":0,"275":0,"276":0,"277":0,"278":0,"279":0,"280":0,"281":0,"282":0,"283":0,"284":0,"285":0,"286":0,"287":0,"288":0,"289":0,"290":0,"291":0,"292":0,"293":1,"294":0,"295":0,"296":0,"297":0,"298":0,"299":0,"300":0,"301":0,"302":0,"303":0,"304":0,"305":0,"306":0,"307":0,"308":0,"309":0,"310":0,"311":0,"312":0,"313":0,"314":0,"315":0,"316":0,"317":0,"318":0,"319":0,"320":0,"321":0,"322":0,"323":0,"324":0,"325":0,"326":0,"327":0,"328":0,"329":0,"330":0,"331":0,"332":0,"333":0,"334":0,"335":0,"336":0,"337":0,"338":0,"339":0,"340":0,"341":0,"342":0,"343":0,"344":0,"345":0,"346":0,"347":0,"348":0,"349":0,"350":0,"351":0,"352":0,"353":0,"354":0,"355":0,"356":0,"357":0,"358":0,"359":0,"360":0,"361":1,"362":0,"363":0,"364":0,"365":0,"366":0,"367":0,"368":0,"369":0,"370":0,"371":0,"372":0,"373":0,"374":0,"375":0,"376":0,"377":0,"378":0,"379":0,"380":0,"381":0,"382":0,"383":0,"384":0,"385":0,"386":0,"387":0,"388":0,"389":0,"390":0,"391":0,"392":0,"393":0,"394":0,"395":0,"396":0,"397":0,"398":0,"399":0,"400":0,"401":0,"402":0,"403":0,"404":0,"405":0,"406":0,"407":0,"408":0,"409":0,"410":0,"411":0,"412":0,"413":0,"414":0,"415":0,"416":0,"417":0,"418":0,"419":0,"420":0,"421":0,"422":0,"423":0,"424":0,"425":0,"426":0,"427":0,"428":0,"429":0,"430":0,"431":0,"432":0,"433":0,"434":0,"435":0,"436":0,"437":0,"438":0,"439":1,"440":0,"441":0,"442":0,"443":0,"444":0,"445":0,"446":0,"447":0,"448":0,"449":0,"450":0,"451":0,"452":1,"453":0,"454":0,"455":0,"456":0,"457":0,"458":0,"459":0,"460":0,"461":0,"462":0,"463":0,"464":0,"465":0,"466":0,"467":0,"468":0,"469":0,"470":0,"471":0,"472":0,"473":0,"474":0,"475":0,"476":0,"477":0,"478":0,"479":0,"480":0,"481":0,"482":0,"483":0,"484":0,"485":0,"486":0,"487":0,"488":0,"489":0,"490":0,"491":0,"492":0,"493":0,"494":0,"495":0,"496":0,"497":0,"498":0,"499":0,"500":0,"501":0,"502":0,"503":0,"504":0,"505":0,"506":0,"507":0,"508":0,"509":0,"510":0,"511":0,"512":0,"513":0,"514":0,"515":0,"516":0,"517":0,"518":0,"519":0,"520":0,"521":0,"522":0,"523":0,"524":0,"525":0,"526":0,"527":0,"528":0,"529":0,"530":0,"531":0,"532":0,"533":0,"534":0,"535":0,"536":0,"537":0,"538":0,"539":0,"540":0,"541":0,"542":0,"543":0,"544":0,"545":0,"546":0,"547":0,"548":0,"549":0,"550":0,"551":0,"552":0,"553":0,"554":0,"555":0,"556":0,"557":0,"558":0,"559":0,"560":0,"561":0,"562":1,"563":0,"564":0,"565":0,"566":0,"567":0,"568":0,"569":0,"570":0,"571":0,"572":0,"573":0,"574":0,"575":0,"576":0,"577":0,"578":0,"579":0,"580":0,"581":0,"582":0,"583":0,"584":0,"585":0,"586":0,"587":0,"588":0,"589":0,"590":0,"591":0,"592":0,"593":0,"594":0,"595":0,"596":0,"597":0,"598":1,"599":0,"600":0,"601":0,"602":0,"603":0,"604":0,"605":0,"606":1,"607":0,"608":0,"609":0,"610":0,"611":0,"612":0,"613":0,"614":0,"615":0,"616":0,"617":0,"618":0,"619":0,"620":0,"621":0,"622":0,"623":0,"624":0,"625":0,"626":0,"627":1,"628":0,"629":0,"630":0,"631":0,"632":0,"633":0,"634":0,"635":0,"636":0,"637":0,"638":0,"639":0,"640":0,"641":0,"642":0,"643":0,"644":
[...]
","","function Redirect (request) {","  this.request = request","  this.followRedirect = true","  this.followRedirects = true","  this.followAllRedirects = false","  this.followOriginalHttpMethod = false","  this.allowRedirect = function () {return true}","  this.maxRedirects = 10","  this.redirects = []","  this.redirectsFollowed = 0","  this.removeRefererHeader = false","}","","Redirect.prototype.onRequest = function (options) {","  var self = this","","  if (options.maxRedirects !== undefined) {","    self.maxRedirects = options.maxRedirects","  }","  if (typeof options.followRedirect === 'function') {","    self.allowRedirect = options.followRedirect","  }","  if (options.followRedirect !== undefined) {","    self.followRedirects = !!options.followRedirect","  }","  if (options.followAllRedirects !== undefined) {","    self.followAllRedirects = options.followAllRedirects","  }","  if (self.followRedirects || self.followAllRedirects) {","    self.redirects = self.redirects || []","  }","  if (options.removeRefererHeader !== undefined) {","    self.removeRefererHeader = options.removeRefererHeader","  }","  if (options.followOriginalHttpMethod !== undefined) {","    self.followOriginalHttpMethod = options.followOriginalHttpMethod","  }","}","","Redirect.prototype.redirectTo = function (response) {","  var self = this","    , request = self.request","","  var redirectTo = null","  if (response.statusCode >= 300 && response.statusCode < 400 && response.caseless.has('location')) {","    var location = response.caseless.get('location')","    request.debug('redirect', location)","","    if (self.followAllRedirects) {","      redirectTo = location","    } else if (self.followRedirects) {","      switch (request.method) {","        case 'PATCH':","        case 'PUT':","        case 'POST':","        case 'DELETE':","          // Do not follow redirects","          break","        default:","          redirectTo = location","          break","      }","    }","  } else if (response.statusCode === 401) {","    var authHeader = request._auth.onResponse(response)","    if (authHeader) {","      request.setHeader('authorization', authHeader)","      redirectTo = request.uri","    }","  }","  return redirectTo","}","","Redirect.prototype.onResponse = function (response) {","  var self = this","    , request = self.request","","  var redirectTo = self.redirectTo(response)","  if (!redirectTo || !self.allowRedirect.call(request, response)) {","    return false","  }","","  request.debug('redirect to', redirectTo)","","  // ignore any potential response body.  it cannot possibly be useful","  // to us at this point.","  // response.resume should be defined, but check anyway before calling. Workaround for browserify.","  if (response.resume) {","    response.resume()","  }","","  if (self.redirectsFollowed >= self.maxRedirects) {","    request.emit('error', new Error('Exceeded maxRedirects. Probably stuck in a redirect loop ' + request.uri.href))","    return false","  }","  self.redirectsFollowed += 1","","  if (!isUrl.test(redirectTo)) {","    redirectTo = url.resolve(request.uri.href, redirectTo)","  }","","  var uriPrev = request.uri","  request.uri = url.parse(redirectTo)","","  // handle the case where we change protocol from https to http or vice versa","  if (request.uri.protocol !== uriPrev.protocol) {","    delete request.agent","  }","","  self.redirects.push(","    { statusCode : response.statusCode","    , redirectUri: redirectTo","    }","  )","  if (self.followAllRedirects && request.method !== 'HEAD'","    && response.statusCode !== 401 && response.statusCode !== 307) {","    request.method = self.followOriginalHttpMethod ? request.method : 'GET'","  }","  // request.method = 'GET' // Force all redirects to use GET || commented out fixes #215","  delete request.src","  delete request.req","  delete request._started","  if (response.statusCode !== 401 && response.statusCode !== 307) {","    // Remove parameters from the previous response, unless this is the second request","    // for a server that requires digest authentication.","    delete request.body","    delete request._form","    if (request.headers) {","      request.removeHeader('host')","      request.removeHeader('content-type')","      request.removeHeader('content-length')","      if (request.uri.hostname !== request.originalHost.split(':')[0]) {","        // Remove authorization if changing hostnames (but not if just","        // changing ports or protocols).  This matches the behavior of curl:","        // https://github.com/bagder/curl/blob/6beb0eee/lib/http.c#L710","        request.removeHeader('authorization')","      }","    }","  }","","  if (!self.removeRefererHeader) {","    request.setHeader('referer', uriPrev.href)","  }","","  request.emit('redirect')","","  request.init()","","  return true","}","","exports.Redirect = Redirect",""],"l":{"3":1,"4":1,"6":1,"7":0,"8":0,"9":0,"10":0,"11":0,"12":0,"13":0,"14":0,"15":0,"16":0,"19":1,"20":0,"22":0,"23":0,"25":0,"26":0,"28":0,"29":0,"31":0,"32":0,"34":0,"35":0,"37":0,"38":0,"40":0,"41":0,"45":1,"46":0,"49":0,"50":0,"51":0,"52":0,"54":0,"55":0,"56":0,"57":0,"63":0,"65":0,"66":0,"69":0,"70":0,"71":0,"72":0,"73":0,"76":0,"79":1,"80":0,"83":0,"84":0,"85":0,"88":0,"93":0,"94":0,"97":0,"98":0,"99":0,"101":0,"103":0,"104":0,"107":0,"108":0,"111":0,"112":0,"115":0,"120":0,"122":0,"125":0,"126":0,"127":0,"128":0,"131":0,"132":0,"133":0,"134":0,"135":0,"136":0,"137":0,"141":0,"146":0,"147":0,"150":0,"152":0,"154":0,"157":1}},"/home/travis/build/npmtest/node-npmtest-request/request/lib/tunnel.js":{"path":"/home/travis/build/npmtest/node-npmtest-request/request/lib/tunnel.js","s":{"1":1,"2":1,"3":1,"4":1,"5":0,"6":0,"7":0,"8":0,"9":0,"10":0,"11":0,"12":1,"13":0,"14":0,"15":0,"16":0,"17":0,"18":0,"19":0,"20":1,"21":0,"22":0,"23":0,"24":1,"25":0,"26":0,"27":0,"28":1,"29":0,"30":0,"31":0,"32":0,"33":1,"34":0,"35":0,"36":0,"37":0,"38":0,"39":1,"40":0,"41":0,"42":0,"43":0,"44":0,"45":0,"46":1,"47":0,"48":0,"49":0,"50":0,"51":0,"52":0,"53":0,"54":0,"55":0,"56":0,"57":0,"58":0,"59":0,"60":0,"61":0,"62":0,"63":0,"64":0,"65":0,"66":1,"67":1,"68":1},"b":{"1":[0,0],"2":[0,0],"3":[0,0],"4":[0,0],"5":[0,0],"6":[0,0],"7":[0,0],"8":[0,0],"9":[0,0],"10":[0,0],"11":[0,0],"12":[0,0],"13":[0,0]},"f":{"1":0,"2":0,"3":0,"4":0,"5":0,"6":0,"7":0,"8":0,"9":0,"10":0,"11":0},"fnMap":{"1":{"name":"constructProxyHost","line":34,"loc":{"start":{"line":34,"column":0},"end":{"line":34,"column":39}}},"2":{"name":"constructProxyHeaderWhiteList","line":50,"loc":{"start":{"line":50,"column":0},"end":{"line":50,"column":70}}},"3":{"name":"(anonymous_3)","line":52,"loc":{"start":{"line":52,"column":12},"end":{"line":52,"column":35}}},"4":{"name":"(anonymous_4)","line":58,"loc":{"start":{"line":58,"column":12},"end":{"line":58,"column":30}}},"5":{"name":"(anonymous_5)","line":61,"loc":{"start":{"line":61,"column":12},"end":{"line":61,"column":35}}},"6":{"name":"constructTunnelOptions","line":67,"loc":{"start":{"line":67,"column":0},"end":{"line":67,"column":56}}},"7":{"name":"constructTunnelFnName","line":92,"loc":{"start":{"line":92,"column":0},"end":{"line":92,"column":43}}},"8":{"name":"getTunnelFn","line":98,"loc":{"start":{"line":98,"column":0},"end":{"line":98,"column":30}}},"9":{"name":"Tunnel","line":106,"loc":{"start":{"line":106,"column":0},"end":{"line":106,"column":26}}},"10":{"name":"(anonymous_10)","line":115,"loc":{"start":{"line":115,"column":29},"end":{"line":115,"column":41}}},"11":{"name":"(anonymous_11)","line":134,"loc":{"start":{"line":134,"column":25},"end":{"line":134,"column":44}}}},"statementMap":{"1":{"start":{"line":3,"column":0},"end":{"line":4,"column":36}},"2":{"start":{"line":6,"column":0},"end":{"line":28,"column":1}},"3":{"start":{"line":30,"column":0},"end":{"line":32,"column":1}},"4":{"start":{"line":34,"column":0},"end":{"line":48,"column":1}},"5":{"start":{"line":35,"column":2},"end":{"line":37,"column":42}},"6":{"start":{"line":39,"column":2},"end":{"line":45,"column":3}},"7":{"start":{"line":40,"column":4},"end":{"line":40,"column":21}},"8":{"start":{"line":41,"column":9},"end":{"line":45,"column":3}},"9":{"start":{"line":42,"column":4},"end":{"line":42,"column":22}},"10":{"start":{"line":44,"column":4},"end":{"line":44,"column":21}},"11":{"start":{"line":47,"column":2},"end":{"line":47,"column":18}},"12":{"start":{"line":50,"column":0},"end":{"line":65,"column":1}},"13":{"start":{"line":51,"column":2},"end":{"line":55,"column":10}},"14":{"start":{"line":53,"column":6},"end":{"line":53,"column":38}},"15":{"start":{"line":54,"column":6},"end":{"line":54,"column":16}},"16":{"start":{"line":57,"column":2},"end":{"line":64,"column":10}},"17":{"start":{"line":59,"column":6},"end":{"line":59,"column":44}},"18":{"start":{"line":62,"column":6},"end":{"line":62,"column":35}},"19":{"start":{"line":63,"column":6},"end":{"line":63,"column":16}},"20":{"start":{"line":67,"column":0},"end":{"line":90,"column":1}},"21":{"start":{"line":68,"column":2},"end":{"line":68,"column":27}},"22":{"start":{"line":70,"column":2},"end":{"line":87,"column":3}},"23":{"start":{"line":89,"column":2},"end":{"line":89,"column":22}},"24":{"start":{"line":92,"column":0},"end":{"line":96,"column":1}},"25":{"start":{"line":93,"column":2},"end":{"line":93,"column":66}},"26":{"start":{"line":94,"column":2},"end":{"line":94,"column":70}},"27":{"start":{"line":95,"column":2},"end":{"line":95,"column":50}},"28":{"start":{"line":98,"column":0},"end":{"line":103,"column":1}},"29":{"start":{"line":99,"column":2},"end":{"line":99,"column":23}},"30":{"start":{"line":100,"column":2},"end":{"line":100,"column":27}},"31":{"start":{"line":101,"column":2},"end":{"line":101,"column":54}},"32":{"start":{"line":102,"column":2},"end":{"line":102,"column":29}},"33":{"start":{"line":106,"column":0},"end":{"line":113,"column":1}},"34":{"start":{"line":107,"column":2},"end":{"line":107,"column":24}},"35":{"start":{"line":108,"column":2},"end":{"line":108,"column":57}},"36":{"start":{"line":109,"column":2},"end":{"line":109,"column":36}},"37":{"start":{"line":110,"column":2},"end":{"line":112,"column":3}},"38":{"start":{"line":111,"column":4},"end":{"line":111,"column":40}},"39":{"start":{"line":115,"column":0},"end":{"line":132,"column":1}},"40":{"start":{"line":116,"column":2},"end":{"line":117,"column":28}},"41":{"start":{"line":121,"column":2},"end":{"line":123,"column":3}},"42":{"start":{"line":122,"column":4},"end":{"line":122,"column":30}},"43":{"start":{"line":126,"column":2},"end":{"line":128,"column":3}},"44":{"start":{"line":127,"column":4},"end":{"line":127,"column":15}},"45":{"start":{"line":131,"column":2},"end":{"line":131,"column":14}},"46":{"start":{"line":134,"column":0},"end":{"line":172,"column":1}},"47":{"start":{"line":135,"column":2},"end":{"line":136,"column":28}},"48":{"start":{"line":138,"column":2},"end":{"line":138,"column":25}},"49":{"start":{"line":140,"column":2},"end":{"line":142,"column":3}},"50":{"start":{"line":141,"column":4},"end":{"line":141,"column":44}},"51":{"start":{"line":144,"column":2},"end":{"line":146,"column":3}},"52":{"start":{"line":145,"column":4},"end":{"line":145,"column":16}},"53":{"start":{"line":149,"column":2},"end":{"line":151,"column":3}},"54":{"start":{"line":150,"column":4},"end":{"line":150,"column":60}},"55":{"start":{"line":152,"column":2},"end":{"line":154,"column":3}},"56":{"start":{"line":153,"column":4},"end":{"line":153,"column":68}},"57":{"start":{"line":156,"column":2},"end":{"line":156,"column":102}},"58":{"start":{"line":157,"column":2},"end":{"line":157,"column":87}},"59":{"start":{"line":161,"column":2},"end":{"line":161,"column":89}},"60":{"start":{"line":162,"column":2},"end":{"line":162,"column":53}},"61":{"start":{"line":164,"column":2},"end":{"line":164,"column":65}},"62":{"start":{"line":167,"column":2},"end":{"line":167,"column":37}},"63":{"start":{"line":168,"column":2},"end":{"line":168,"column":67}},"64":{"start":{"line":169,"column":2},"end":{"line":169,"column":41}},"65":{"start":{"line":171,"column":2},"end":{"line":171,"column":13}},"66":{"start":{"line":174,"column":0},"end":{"line":174,"column":64}},"67":{"start":{"line":175,"column":0},"end":{"line":175,"column":72}},"68":{"start":{"line":176,"column":0},"end":{"line":176,"column":23}}},"branchMap":{"1":{"line":39,"type":"if","locations":[{"start":{"line":39,"column":2},"end":{"line":39,"column":2}},{"start":{"line":39,"column":2},"end":{"line":39,"column":2}}]},"2":{"line":41,"type":"if","locations":[{"start":{"line":41,"column":9},"end":{"line":41,"column":9}},{"start":{"line":41,"column":9},"end":{"line":41,"column":9}}]},"3":{"line":93,"type":"cond-expr","locations":[{"start":{"line":93,"column":49},"end":{"line":93,"column":56}},{"start":{"line":93,"column":59},"end":{"line":93,"column":65}}]},"4":{"line":94,"type":"cond-expr","locations":[{"start":{"line":94,"column":53},"end":{"line":94,"column":60}},{"start":{"line":94,"column":63},"end":{"line":94,"column":69}}]},"5":{"line":110,"type":"if","locations":[{"start":{"line":110,"column":2},"end":{"line":110,"column":2}},{"start":{"line":110,"column":2},"end":{"line":110,"column":2}}]},"6":{"line":121,"type":"if","locations":[{"start":{"line":121,"column":2},"end":{"line":121,"column":2}},{"start":{"line":121,"column":2},"end":{"line":121,"column":2}}]},"7":{"line":126,"type":"if","locations":[{"start":{"line":126,"column":2},"end":{"line":126,"column":2}},{"start":{"line":126,"column":2},"end":{"line":126,"column":2}}]},"8":{"line":138,"type":"binary-expr","locations":[{"start":{"line":138,"column":12},"end":{"line":138,"column":19}},{"start":{"line":138,"column":23},"end":{"line":138,"column":25}}]},"9":{"line":140,"type":"if","locations":[{"start":{"line":140,"column":2},"end":{"line":140,"column":2}},{"start":{"line":140,"column":2},"end":{"line":140,"column":2}}]},"10":{"line":144,"type":"if","locations":[{"start":{"line":144,"column":2},"end":{"line":144,"column":2}},{"start":{"line":144,"column":2},"end":{"line":144,"column":2}}]},"11":{"line":144,"type":"binary-expr","locations":[{"start":{"line":144,"column":6},"end":{"line":144,"column":20}},{"start":{"line":144,"column":24},"end":{"line":144,"column":39}}]},"12":{"line":149,"type":"if","locations":[{"start":{"line":149,"column":2},"end":{"line":149,"column":2}},{"start":{"line":149,"column":2},"end":{"line":149,"column":2}}]},"13":{"line":152,"type":"if","locations":[{"start":{"line":152,"column":2},"end":{"line":152,"column":2}},{"start":{"line":152,"column":2},"end":{"line":152,"column":2}}]}},"code":["'use strict'","","var url = require('url')","  , tunnel = require('tunnel-agent')","","var defaultProxyHeaderWhiteList = [","  'accept',","  'accept-charset',","  'accept-encoding',","  'accept-language',","  'accept-ranges',","  'cache-control',","  'content-encoding',","  'content-language',","  'content-location',","  'content-md5',","  'content-range',","  'content-type',","  'connection',","  'date',","  'expect',","  'max-forwards',","  'pragma',","  'referer',","  'te',","  'user-agent',","  'via'","]","","var defaultProxyHeaderExclusiveList = [","  'proxy-authorization'","]","","function constructProxyHost(uriObject) {","  var port = uriObject.port","    , protocol = uriObject.protocol","    , proxyHost = uriObject.hostname + ':'","","  if (port) {","    proxyHost += port","  } else if (protocol === 'https:') {","    proxyHost += '443'","  } else {","    proxyHost += '80'","  }","","  return proxyHost","}","","function constructProxyHeaderWhiteList(headers, proxyHeaderWhiteList) {","  var whiteList = proxyHeaderWhiteList","    .reduce(function (set, header) {","      set[header.toLowerCase()] = true","      return set","    }, {})","","  return Object.keys(headers)","    .filter(function (header) {","      return whiteList[header.toLowerCase()]","    })","    .reduce(function (set, header) {","      set[header] = headers[header]","      return set","    }, {})","}","","function constructTunnelOptions (request, proxyHeaders) {","  var proxy = request.proxy","","  var tunnelOptions = {","    proxy : {","      host      : proxy.hostname,","      port      : +proxy.port,","      proxyAuth : proxy.auth,","      headers   : proxyHeaders","    },","    headers            : request.headers,","    ca                 : request.ca,","    cert               : request.cert,","    key                : request.key,","    passphrase         : request.passphrase,","    pfx                : request.pfx,","    ciphers            : request.ciphers,","    rejectUnauthorized : request.rejectUnauthorized,","    secureOptions      : request.secureOptions,","    secureProtocol     : request.secureProtocol","  }","","  return tunnelOptions","}","","function constructTunnelFnName(uri, proxy) {","  var uriProtocol = (uri.protocol === 'https:' ? 'https' : 'http')","  var proxyProtocol = (proxy.protocol === 'https:' ? 'Https' : 'Http')","  return [uriProtocol, proxyProtocol].join('Over')","}","","function getTunnelFn(request) {","  var uri = request.uri","  var proxy = request.proxy","  var tunnelFnName = constructTunnelFnName(uri, proxy)","  return tunnel[tunnelFnName]","}","","","function Tunnel (request) {","  this.request = request","  this.proxyHeaderWhiteList = defaultProxyHeaderWhiteList","  this.proxyHeaderExclusiveList = []","  if (typeof request.tunnel !== 'undefined') {","    this.tunnelOverride = request.tunnel","  }","}","","Tunnel.prototype.isEnabled = function () {","  var self = this","    , request = self.request","  // Tunnel HTTPS by default. Allow the user to override this setting.","","  // If self.tunnelOverride is set (the user specified a value), use it.","  if (typeof self.tunnelOverride !== 'undefined') {","    return self.tunnelOverride","  }","","  // If the destination is HTTPS, tunnel.","  if (request.uri.protocol === 'https:') {","    return true","  }","","  // Otherwise, do not use tunnel.","  return false","}","","Tunnel.prototype.setup = function (options) {","  var self = this","    , request = self.request","","  options = options || {}","","  if (typeof request.proxy === 'string') {","    request.proxy = url.parse(request.proxy)","  }","","  if (!request.proxy || !request.tunnel) {","    return false","  }","","  // Setup Proxy Header Exclusive List and White List","  if (options.proxyHeaderWhiteList) {","    self.proxyHeaderWhiteList = options.proxyHeaderWhiteList","  }","  if (options.proxyHeaderExclusiveList) {","    self.proxyHeaderExclusiveList = options.proxyHeaderExclusiveList","  }","","  var proxyHeaderExclusiveList = self.proxyHeaderExclusiveList.concat(defaultProxyHeaderExclusiveList)","  var proxyHeaderWhiteList = self.proxyHeaderWhiteList.concat(proxyHeaderExclusiveList)","","  // Setup Proxy Headers and Proxy Headers Host","  // Only send the Proxy White Listed Header names","  var proxyHeaders = constructProxyHeaderWhiteList(request.headers, proxyHeaderWhiteList)","  proxyHeaders.host = constructProxyHost(request.uri)","","  proxyHeaderExclusiveList.forEach(request.removeHeader, request)","","  // Set Agent from Tunnel Data","  var tunnelFn = getTunnelFn(request)","  var tunnelOptions = constructTunnelOptions(request, proxyHeaders)","  request.agent = tunnelFn(tunnelOptions)","","  return true","}","","Tunnel.defaultProxyHeaderWhiteList = defaultProxyHeaderWhiteList","Tunnel.defaultProxyHeaderExclusiveList = defaultProxyHeaderExclusiveList","exports.Tunnel = Tunnel",""],"l":{"3":1,"6":1,"30":1,"34":1,"35":0,"39":0,"40":0,"41":0,"42":0,"44":0,"47":0,"50":1,"51":0,"53":0,"54":0,"57":0,"59":0,"62":0,"63":0,"67":1,"68":0,"70":0,"89":0,"92":1,"93":0,"94":0,"95":0,"98":1,"99":0,"100":0,"101":0,"102":0,"106":1,"107":0,"108":0,"109":0,"110":0,"111":0,"115":1,"116":0,"121":0,"122":0,"126":0,"127":0,"131":0,"134":1,"135":0,"138":0,"140":0,"141":0,"144":0,"145":0,"149":0,"150":0,"152":0,"153":0,"156":0,"157":0,"161":0,"162":0,"164":0,"167":0,"168":0,"169":0,"171":0,"174":1,"175":1,"176":1}}}