{"/home/travis/build/npmtest/node-npmtest-request/test.js":{"path":"/home/travis/build/npmtest/node-npmtest-request/test.js","s":{"1":2,"2":2,"3":2,"4":2,"5":2,"6":2,"7":2,"8":2,"9":2,"10":2,"11":2,"12":2,"13":2},"b":{"1":[2,1,1],"2":[2,1],"3":[1,1],"4":[2,1]},"f":{"1":2,"2":2,"3":2,"4":2},"fnMap":{"1":{"name":"(anonymous_1)","line":13,"loc":{"start":{"line":13,"column":1},"end":{"line":13,"column":13}}},"2":{"name":"(anonymous_2)","line":20,"loc":{"start":{"line":20,"column":5},"end":{"line":20,"column":17}}},"3":{"name":"(anonymous_3)","line":24,"loc":{"start":{"line":24,"column":9},"end":{"line":24,"column":21}}},"4":{"name":"(anonymous_4)","line":47,"loc":{"start":{"line":47,"column":5},"end":{"line":47,"column":17}}}},"statementMap":{"1":{"start":{"line":13,"column":0},"end":{"line":50,"column":5}},"2":{"start":{"line":15,"column":4},"end":{"line":15,"column":14}},"3":{"start":{"line":20,"column":4},"end":{"line":42,"column":9}},"4":{"start":{"line":22,"column":8},"end":{"line":22,"column":19}},"5":{"start":{"line":24,"column":8},"end":{"line":32,"column":13}},"6":{"start":{"line":25,"column":12},"end":{"line":30,"column":13}},"7":{"start":{"line":26,"column":16},"end":{"line":28,"column":27}},"8":{"start":{"line":31,"column":12},"end":{"line":31,"column":53}},"9":{"start":{"line":34,"column":8},"end":{"line":36,"column":21}},"10":{"start":{"line":38,"column":8},"end":{"line":39,"column":49}},"11":{"start":{"line":41,"column":8},"end":{"line":41,"column":33}},"12":{"start":{"line":47,"column":4},"end":{"line":49,"column":9}},"13":{"start":{"line":48,"column":8},"end":{"line":48,"column":15}}},"branchMap":{"1":{"line":26,"type":"binary-expr","locations":[{"start":{"line":26,"column":31},"end":{"line":26,"column":72}},{"start":{"line":27,"column":20},"end":{"line":27,"column":70}},{"start":{"line":28,"column":20},"end":{"line":28,"column":26}}]},"2":{"line":31,"type":"binary-expr","locations":[{"start":{"line":31,"column":27},"end":{"line":31,"column":39}},{"start":{"line":31,"column":43},"end":{"line":31,"column":52}}]},"3":{"line":34,"type":"cond-expr","locations":[{"start":{"line":35,"column":14},"end":{"line":35,"column":20}},{"start":{"line":36,"column":14},"end":{"line":36,"column":20}}]},"4":{"line":38,"type":"binary-expr","locations":[{"start":{"line":38,"column":38},"end":{"line":38,"column":59}},{"start":{"line":39,"column":12},"end":{"line":39,"column":31}}]}},"code":["/* istanbul instrument in package npmtest_request */","/* jslint-utility2 */","/*jslint","    bitwise: true,","    browser: true,","    maxerr: 4,","    maxlen: 100,","    node: true,","    nomen: true,","    regexp: true,","    stupid: true","*/","(function () {","    'use strict';","    var local;","","","","    // run shared js-env code - init-before","    (function () {","        // init local","        local = {};","        // init modeJs","        (function () {","            try {","                local.modeJs = typeof process.versions.node === 'string' &&","                    typeof require('http').createServer === 'function' &&","                    'node';","            } catch (ignore) {","            }","            local.modeJs = local.modeJs || 'browser';","        }());","        // init global","        local.global = local.modeJs === 'browser'","            ? window","            : global;","        // re-init local","        local = local.global.local = (local.global.utility2 ||","            require('utility2')).requireReadme();","        // init test","        local.testRunInit(local);","    }());","","","","    // run shared js-env code - function","    (function () {","        return;","    }());","}());",""],"l":{"13":2,"15":2,"20":2,"22":2,"24":2,"25":2,"26":2,"31":2,"34":2,"38":2,"41":2,"47":2,"48":2}},"/home/travis/build/npmtest/node-npmtest-request/lib.npmtest_request.js":{"path":"/home/travis/build/npmtest/node-npmtest-request/lib.npmtest_request.js","s":{"1":2,"2":2,"3":2,"4":2,"5":2,"6":2,"7":2,"8":2,"9":2,"10":0,"11":0,"12":0,"13":0,"14":0,"15":0,"16":0,"17":2,"18":2,"19":2,"20":2,"21":2,"22":2,"23":2,"24":2,"25":0,"26":2,"27":1,"28":1,"29":1,"30":1,"31":1,"32":1,"33":1,"34":1,"35":1,"36":1,"37":1,"38":1,"39":1,"40":1,"41":1,"42":1,"43":1,"44":1,"45":1,"46":1,"47":1,"48":1,"49":1,"50":1,"51":1,"52":1,"53":1,"54":1,"55":1,"56":1,"57":1,"58":1,"59":1,"60":1,"61":1,"62":2,"63":2},"b":{"1":[2,1,1],"2":[2,0],"3":[2,1,1],"4":[2,1],"5":[1,1],"6":[2,2],"7":[1,1]},"f":{"1":2,"2":2,"3":2,"4":0,"5":2,"6":0},"fnMap":{"1":{"name":"(anonymous_1)","line":13,"loc":{"start":{"line":13,"column":1},"end":{"line":13,"column":13}}},"2":{"name":"(anonymous_2)","line":21,"loc":{"start":{"line":21,"column":5},"end":{"line":21,"column":17}},"skip":true},"3":{"name":"(anonymous_3)","line":23,"loc":{"start":{"line":23,"column":9},"end":{"line":23,"column":21}},"skip":true},"4":{"name":"(anonymous_4)","line":31,"loc":{"start":{"line":31,"column":27},"end":{"line":31,"column":43}},"skip":true},"5":{"name":"(anonymous_5)","line":47,"loc":{"start":{"line":47,"column":9},"end":{"line":47,"column":21}},"skip":true},"6":{"name":"(anonymous_6)","line":65,"loc":{"start":{"line":65,"column":20},"end":{"line":65,"column":32}},"skip":true}},"statementMap":{"1":{"start":{"line":13,"column":0},"end":{"line":120,"column":5}},"2":{"start":{"line":15,"column":4},"end":{"line":15,"column":14}},"3":{"start":{"line":21,"column":4},"end":{"line":119,"column":9},"skip":true},"4":{"start":{"line":23,"column":8},"end":{"line":43,"column":13},"skip":true},"5":{"start":{"line":24,"column":12},"end":{"line":24,"column":43},"skip":true},"6":{"start":{"line":25,"column":12},"end":{"line":25,"column":71},"skip":true},"7":{"start":{"line":26,"column":12},"end":{"line":26,"column":52},"skip":true},"8":{"start":{"line":27,"column":12},"end":{"line":29,"column":13},"skip":true},"9":{"start":{"line":28,"column":16},"end":{"line":28,"column":23},"skip":true},"10":{"start":{"line":30,"column":12},"end":{"line":30,"column":41},"skip":true},"11":{"start":{"line":31,"column":12},"end":{"line":42,"column":14},"skip":true},"12":{"start":{"line":36,"column":16},"end":{"line":36,"column":61},"skip":true},"13":{"start":{"line":37,"column":16},"end":{"line":37,"column":43},"skip":true},"14":{"start":{"line":38,"column":16},"end":{"line":38,"column":55},"skip":true},"15":{"start":{"line":39,"column":16},"end":{"line":39,"column":35},"skip":true},"16":{"start":{"line":41,"column":16},"end":{"line":41,"column":28},"skip":true},"17":{"start":{"line":45,"column":8},"end":{"line":45,"column":19},"skip":true},"18":{"start":{"line":47,"column":8},"end":{"line":55,"column":13},"skip":true},"19":{"start":{"line":48,"column":12},"end":{"line":53,"column":13},"skip":true},"20":{"start":{"line":49,"column":16},"end":{"line":51,"column":27},"skip":true},"21":{"start":{"line":54,"column":12},"end":{"line":54,"column":53},"skip":true},"22":{"start":{"line":57,"column":8},"end":{"line":59,"column":21},"skip":true},"23":{"start":{"line":61,"column":8},"end":{"line":63,"column":18},"skip":true},"24":{"start":{"line":65,"column":8},"end":{"line":70,"column":10},"skip":true},"25":{"start":{"line":69,"column":12},"end":{"line":69,"column":19},"skip":true},"26":{"start":{"line":72,"column":8},"end":{"line":111,"column":9},"skip":true},"27":{"start":{"line":73,"column":12},"end":{"line":73,"column":58},"skip":true},"28":{"start":{"line":77,"column":12},"end":{"line":77,"column":45},"skip":true},"29":{"start":{"line":78,"column":12},"end":{"line":78,"column":59},"skip":true},"30":{"start":{"line":79,"column":12},"end":{"line":79,"column":47},"skip":true},"31":{"start":{"line":80,"column":12},"end":{"line":80,"column":47},"skip":true},"32":{"start":{"line":81,"column":12},"end":{"line":81,"column":51},"skip":true},"33":{"start":{"line":82,"column":12},"end":{"line":82,"column":45},"skip":true},"34":{"start":{"line":83,"column":12},"end":{"line":83,"column":43},"skip":true},"35":{"start":{"line":84,"column":12},"end":{"line":84,"column":39},"skip":true},"36":{"start":{"line":85,"column":12},"end":{"line":85,"column":45},"skip":true},"37":{"start":{"line":86,"column":12},"end":{"line":86,"column":45},"skip":true},"38":{"start":{"line":87,"column":12},"end":{"line":87,"column":37},"skip":true},"39":{"start":{"line":88,"column":12},"end":{"line":88,"column":41},"skip":true},"40":{"start":{"line":89,"column":12},"end":{"line":89,"column":43},"skip":true},"41":{"start":{"line":90,"column":12},"end":{"line":90,"column":45},"skip":true},"42":{"start":{"line":91,"column":12},"end":{"line":91,"column":39},"skip":true},"43":{"start":{"line":92,"column":12},"end":{"line":92,"column":37},"skip":true},"44":{"start":{"line":93,"column":12},"end":{"line":93,"column":41},"skip":true},"45":{"start":{"line":94,"column":12},"end":{"line":94,"column":47},"skip":true},"46":{"start":{"line":95,"column":12},"end":{"line":95,"column":49},"skip":true},"47":{"start":{"line":96,"column":12},"end":{"line":96,"column":55},"skip":true},"48":{"start":{"line":97,"column":12},"end":{"line":97,"column":49},"skip":true},"49":{"start":{"line":98,"column":12},"end":{"line":98,"column":41},"skip":true},"50":{"start":{"line":99,"column":12},"end":{"line":99,"column":45},"skip":true},"51":{"start":{"line":100,"column":12},"end":{"line":100,"column":61},"skip":true},"52":{"start":{"line":101,"column":12},"end":{"line":101,"column":45},"skip":true},"53":{"start":{"line":102,"column":12},"end":{"line":102,"column":39},"skip":true},"54":{"start":{"line":103,"column":12},"end":{"line":103,"column":39},"skip":true},"55":{"start":{"line":104,"column":12},"end":{"line":104,"column":39},"skip":true},"56":{"start":{"line":105,"column":12},"end":{"line":105,"column":41},"skip":true},"57":{"start":{"line":106,"column":12},"end":{"line":106,"column":37},"skip":true},"58":{"start":{"line":107,"column":12},"end":{"line":107,"column":37},"skip":true},"59":{"start":{"line":108,"column":12},"end":{"line":108,"column":41},"skip":true},"60":{"start":{"line":109,"column":12},"end":{"line":109,"column":35},"skip":true},"61":{"start":{"line":110,"column":12},"end":{"line":110,"column":49},"skip":true},"62":{"start":{"line":113,"column":8},"end":{"line":113,"column":52},"skip":true},"63":{"start":{"line":118,"column":8},"end":{"line":118,"column":15},"skip":true}},"branchMap":{"1":{"line":25,"type":"binary-expr","locations":[{"start":{"line":25,"column":23},"end":{"line":25,"column":49},"skip":true},{"start":{"line":25,"column":53},"end":{"line":25,"column":59},"skip":true},{"start":{"line":25,"column":64},"end":{"line":25,"column":70},"skip":true}]},"2":{"line":27,"type":"if","locations":[{"start":{"line":27,"column":12},"end":{"line":27,"column":12},"skip":true},{"start":{"line":27,"column":12},"end":{"line":27,"column":12},"skip":true}]},"3":{"line":49,"type":"binary-expr","locations":[{"start":{"line":49,"column":31},"end":{"line":49,"column":72},"skip":true},{"start":{"line":50,"column":20},"end":{"line":50,"column":70},"skip":true},{"start":{"line":51,"column":20},"end":{"line":51,"column":26},"skip":true}]},"4":{"line":54,"type":"binary-expr","locations":[{"start":{"line":54,"column":27},"end":{"line":54,"column":39},"skip":true},{"start":{"line":54,"column":43},"end":{"line":54,"column":52},"skip":true}]},"5":{"line":57,"type":"cond-expr","locations":[{"start":{"line":58,"column":14},"end":{"line":58,"column":20},"skip":true},{"start":{"line":59,"column":14},"end":{"line":59,"column":20},"skip":true}]},"6":{"line":61,"type":"binary-expr","locations":[{"start":{"line":61,"column":16},"end":{"line":61,"column":44},"skip":true},{"start":{"line":63,"column":12},"end":{"line":63,"column":17},"skip":true}]},"7":{"line":72,"type":"if","locations":[{"start":{"line":72,"column":8},"end":{"line":72,"column":8},"skip":true},{"start":{"line":72,"column":8},"end":{"line":72,"column":8},"skip":true}]}},"code":["/* istanbul instrument in package npmtest_request */","/* jslint-utility2 */","/*jslint","    bitwise: true,","    browser: true,","    maxerr: 4,","    maxlen: 100,","    node: true,","    nomen: true,","    regexp: true,","    stupid: true","*/","(function () {","    'use strict';","    var local;","","","","    // run shared js-env code - init-before","    /* istanbul ignore next */","    (function () {","        // init debug_inline","        (function () {","            var consoleError, context, key;","            context = (typeof window === \"object\" && window) || global;","            key = \"debug_inline\".replace(\"_i\", \"I\");","            if (context[key]) {","                return;","            }","            consoleError = console.error;","            context[key] = function (arg0) {","            /*","             * this function will both print arg0 to stderr and return it","             */","                // debug arguments","                context[\"_\" + key + \"Arguments\"] = arguments;","                consoleError(\"\\n\\n\" + key);","                consoleError.apply(console, arguments);","                consoleError(\"\\n\");","                // return arg0 for inspection","                return arg0;","            };","        }());","        // init local","        local = {};","        // init modeJs","        (function () {","            try {","                local.modeJs = typeof process.versions.node === 'string' &&","                    typeof require('http').createServer === 'function' &&","                    'node';","            } catch (ignore) {","            }","            local.modeJs = local.modeJs || 'browser';","        }());","        // init global","        local.global = local.modeJs === 'browser'","            ? window","            : global;","        // re-init local","        local = local.global.utility2_rollup ||","            // local.global.utility2_rollup_old || require('./assets.utility2.rollup.js') ||","            local;","        // init nop","        local.nop = function () {","        /*","         * this function will do nothing","         */","            return;","        };","        // init exports","        if (local.modeJs === 'browser') {","            local.global.utility2_npmtest_request = local;","        } else {","            // require builtins","            // local.assert = require('assert');","            local.buffer = require('buffer');","            local.child_process = require('child_process');","            local.cluster = require('cluster');","            local.console = require('console');","            local.constants = require('constants');","            local.crypto = require('crypto');","            local.dgram = require('dgram');","            local.dns = require('dns');","            local.domain = require('domain');","            local.events = require('events');","            local.fs = require('fs');","            local.http = require('http');","            local.https = require('https');","            local.module = require('module');","            local.net = require('net');","            local.os = require('os');","            local.path = require('path');","            local.process = require('process');","            local.punycode = require('punycode');","            local.querystring = require('querystring');","            local.readline = require('readline');","            local.repl = require('repl');","            local.stream = require('stream');","            local.string_decoder = require('string_decoder');","            local.timers = require('timers');","            local.tls = require('tls');","            local.tty = require('tty');","            local.url = require('url');","            local.util = require('util');","            local.v8 = require('v8');","            local.vm = require('vm');","            local.zlib = require('zlib');","            module.exports = local;","            module.exports.__dirname = __dirname;","        }","        // init lib main","        local.local = local.npmtest_request = local;","","","","        /* validateLineSortedReset */","        return;","    }());","}());",""],"l":{"13":2,"15":2,"21":2,"23":2,"24":2,"25":2,"26":2,"27":2,"28":2,"30":1,"31":1,"36":1,"37":1,"38":1,"39":1,"41":1,"45":2,"47":2,"48":2,"49":2,"54":2,"57":2,"61":2,"65":2,"69":1,"72":2,"73":1,"77":1,"78":1,"79":1,"80":1,"81":1,"82":1,"83":1,"84":1,"85":1,"86":1,"87":1,"88":1,"89":1,"90":1,"91":1,"92":1,"93":1,"94":1,"95":1,"96":1,"97":1,"98":1,"99":1,"100":1,"101":1,"102":1,"103":1,"104":1,"105":1,"106":1,"107":1,"108":1,"109":1,"110":1,"113":2,"118":2}},"/home/travis/build/npmtest/node-npmtest-request/example.js":{"path":"/home/travis/build/npmtest/node-npmtest-request/example.js","s":{"1":2,"2":2,"3":2,"4":2,"5":2,"6":2,"7":2,"8":2,"9":2,"10":2,"11":2,"12":2,"13":1,"14":2,"15":2,"16":2,"17":2,"18":2,"19":0,"20":2,"21":1,"22":1,"23":1,"24":1,"25":1,"26":0,"27":0,"28":1,"29":1,"30":2,"31":0,"32":0,"33":0,"34":1,"35":2,"36":2,"37":20,"38":20,"39":20,"40":20,"41":0,"42":20,"43":20,"44":20,"45":1,"46":3,"47":1,"48":1,"49":1,"50":1,"51":1,"52":1,"53":1,"54":1,"55":1,"56":1,"57":1,"58":1,"59":1,"60":1,"61":1,"62":1,"63":1,"64":1,"65":1,"66":1,"67":1,"68":1,"69":1,"70":1,"71":1,"72":1,"73":1,"74":1,"75":1,"76":1,"77":1,"78":1,"79":1,"80":1,"81":1,"82":1,"83":1,"84":1,"85":3,"86":3,"87":3,"88":0,"89":1,"90":1,"91":1,"92":6,"93":1,"94":2,"95":0,"96":2,"97":1,"98":1,"99":1,"100":0,"101":0,"102":0,"103":0,"104":0,"105":0,"106":0,"107":0,"108":0,"109":0,"110":0,"111":0,"112":0,"113":0,"114":0,"115":0},"b":{"1":[2,1,1],"2":[2,1],"3":[1,1],"4":[2,2],"5":[1,1],"6":[1,1],"7":[2,0],"8":[2,1,1,1,1,1],"9":[0,2,0],"10":[1,1],"11":[2,1,1],"12":[1,0],"13":[0,2],"14":[2,0,0,0,0,0,0],"15":[0,20],"16":[20,0],"17":[1,1],"18":[3,3],"19":[0,3],"20":[1,1],"21":[1,2,0,2,1],"22":[1,0],"23":[1,0],"24":[0,0],"25":[0,0],"26":[0,0],"27":[0,0],"28":[0,0],"29":[0,0]},"f":{"1":2,"2":2,"3":2,"4":2,"5":2,"6":2,"7":20,"8":20,"9":3,"10":1,"11":3,"12":6,"13":0},"fnMap":{"1":{"name":"(anonymous_1)","line":28,"loc":{"start":{"line":28,"column":1},"end":{"line":28,"column":13}}},"2":{"name":"(anonymous_2)","line":35,"loc":{"start":{"line":35,"column":5},"end":{"line":35,"column":17}}},"3":{"name":"(anonymous_3)","line":39,"loc":{"start":{"line":39,"column":9},"end":{"line":39,"column":21}}},"4":{"name":"(anonymous_4)","line":66,"loc":{"start":{"line":66,"column":31},"end":{"line":66,"column":48}},"skip":true},"5":{"name":"(anonymous_5)","line":75,"loc":{"start":{"line":75,"column":26},"end":{"line":75,"column":45}},"skip":true},"6":{"name":"(anonymous_6)","line":119,"loc":{"start":{"line":119,"column":33},"end":{"line":119,"column":48}},"skip":true},"7":{"name":"(anonymous_7)","line":121,"loc":{"start":{"line":121,"column":27},"end":{"line":121,"column":39}},"skip":true},"8":{"name":"(anonymous_8)","line":129,"loc":{"start":{"line":129,"column":59},"end":{"line":129,"column":74}},"skip":true},"9":{"name":"(anonymous_9)","line":139,"loc":{"start":{"line":139,"column":45},"end":{"line":139,"column":62}},"skip":true},"10":{"name":"(anonymous_10)","line":140,"loc":{"start":{"line":140,"column":73},"end":{"line":140,"column":92}},"skip":true},"11":{"name":"(anonymous_11)","line":196,"loc":{"start":{"line":196,"column":18},"end":{"line":196,"column":34}},"skip":true},"12":{"name":"(anonymous_12)","line":469,"loc":{"start":{"line":469,"column":47},"end":{"line":469,"column":73}},"skip":true},"13":{"name":"(anonymous_13)","line":502,"loc":{"start":{"line":502,"column":32},"end":{"line":502,"column":61}},"skip":true}},"statementMap":{"1":{"start":{"line":28,"column":0},"end":{"line":513,"column":5}},"2":{"start":{"line":30,"column":4},"end":{"line":30,"column":14}},"3":{"start":{"line":35,"column":4},"end":{"line":58,"column":9}},"4":{"start":{"line":37,"column":8},"end":{"line":37,"column":19}},"5":{"start":{"line":39,"column":8},"end":{"line":47,"column":13}},"6":{"start":{"line":40,"column":12},"end":{"line":45,"column":13}},"7":{"start":{"line":41,"column":16},"end":{"line":43,"column":27}},"8":{"start":{"line":46,"column":12},"end":{"line":46,"column":53}},"9":{"start":{"line":49,"column":8},"end":{"line":51,"column":21}},"10":{"start":{"line":53,"column":8},"end":{"line":55,"column":45}},"11":{"start":{"line":57,"column":8},"end":{"line":57,"column":35}},"12":{"start":{"line":59,"column":4},"end":{"line":512,"column":5}},"13":{"start":{"line":66,"column":8},"end":{"line":117,"column":10},"skip":true},"14":{"start":{"line":67,"column":12},"end":{"line":85,"column":13},"skip":true},"15":{"start":{"line":73,"column":16},"end":{"line":84,"column":19},"skip":true},"16":{"start":{"line":76,"column":20},"end":{"line":83,"column":21},"skip":true},"17":{"start":{"line":79,"column":24},"end":{"line":79,"column":43},"skip":true},"18":{"start":{"line":80,"column":24},"end":{"line":80,"column":30},"skip":true},"19":{"start":{"line":82,"column":24},"end":{"line":82,"column":49},"skip":true},"20":{"start":{"line":86,"column":12},"end":{"line":103,"column":13},"skip":true},"21":{"start":{"line":89,"column":16},"end":{"line":98,"column":17},"skip":true},"22":{"start":{"line":90,"column":20},"end":{"line":90,"column":88},"skip":true},"23":{"start":{"line":91,"column":20},"end":{"line":91,"column":97},"skip":true},"24":{"start":{"line":92,"column":20},"end":{"line":92,"column":42},"skip":true},"25":{"start":{"line":93,"column":20},"end":{"line":93,"column":48},"skip":true},"26":{"start":{"line":96,"column":20},"end":{"line":96,"column":86},"skip":true},"27":{"start":{"line":97,"column":20},"end":{"line":97,"column":96},"skip":true},"28":{"start":{"line":99,"column":16},"end":{"line":99,"column":22},"skip":true},"29":{"start":{"line":102,"column":16},"end":{"line":102,"column":22},"skip":true},"30":{"start":{"line":104,"column":12},"end":{"line":116,"column":13},"skip":true},"31":{"start":{"line":110,"column":16},"end":{"line":115,"column":17},"skip":true},"32":{"start":{"line":112,"column":20},"end":{"line":112,"column":78},"skip":true},"33":{"start":{"line":114,"column":20},"end":{"line":114,"column":47},"skip":true},"34":{"start":{"line":119,"column":8},"end":{"line":137,"column":11},"skip":true},"35":{"start":{"line":120,"column":12},"end":{"line":120,"column":54},"skip":true},"36":{"start":{"line":121,"column":12},"end":{"line":136,"column":14},"skip":true},"37":{"start":{"line":122,"column":16},"end":{"line":122,"column":28},"skip":true},"38":{"start":{"line":123,"column":16},"end":{"line":123,"column":69},"skip":true},"39":{"start":{"line":124,"column":16},"end":{"line":124,"column":75},"skip":true},"40":{"start":{"line":125,"column":16},"end":{"line":127,"column":17},"skip":true},"41":{"start":{"line":126,"column":20},"end":{"line":126,"column":27},"skip":true},"42":{"start":{"line":129,"column":16},"end":{"line":133,"column":36},"skip":true},"43":{"start":{"line":130,"column":20},"end":{"line":132,"column":55},"skip":true},"44":{"start":{"line":135,"column":16},"end":{"line":135,"column":57},"skip":true},"45":{"start":{"line":139,"column":8},"end":{"line":143,"column":11},"skip":true},"46":{"start":{"line":140,"column":12},"end":{"line":142,"column":15},"skip":true},"47":{"start":{"line":141,"column":16},"end":{"line":141,"column":70},"skip":true},"48":{"start":{"line":145,"column":8},"end":{"line":145,"column":31},"skip":true},"49":{"start":{"line":146,"column":8},"end":{"line":146,"column":14},"skip":true},"50":{"start":{"line":154,"column":8},"end":{"line":154,"column":31},"skip":true},"51":{"start":{"line":157,"column":8},"end":{"line":157,"column":41},"skip":true},"52":{"start":{"line":158,"column":8},"end":{"line":158,"column":55},"skip":true},"53":{"start":{"line":159,"column":8},"end":{"line":159,"column":43},"skip":true},"54":{"start":{"line":160,"column":8},"end":{"line":160,"column":43},"skip":true},"55":{"start":{"line":161,"column":8},"end":{"line":161,"column":47},"skip":true},"56":{"start":{"line":162,"column":8},"end":{"line":162,"column":41},"skip":true},"57":{"start":{"line":163,"column":8},"end":{"line":163,"column":39},"skip":true},"58":{"start":{"line":164,"column":8},"end":{"line":164,"column":35},"skip":true},"59":{"start":{"line":165,"column":8},"end":{"line":165,"column":41},"skip":true},"60":{"start":{"line":166,"column":8},"end":{"line":166,"column":41},"skip":true},"61":{"start":{"line":167,"column":8},"end":{"line":167,"column":33},"skip":true},"62":{"start":{"line":168,"column":8},"end":{"line":168,"column":37},"skip":true},"63":{"start":{"line":169,"column":8},"end":{"line":169,"column":39},"skip":true},"64":{"start":{"line":170,"column":8},"end":{"line":170,"column":41},"skip":true},"65":{"start":{"line":171,"column":8},"end":{"line":171,"column":35},"skip":true},"66":{"start":{"line":172,"column":8},"end":{"line":172,"column":33},"skip":true},"67":{"start":{"line":173,"column":8},"end":{"line":173,"column":37},"skip":true},"68":{"start":{"line":174,"column":8},"end":{"line":174,"column":43},"skip":true},"69":{"start":{"line":175,"column":8},"end":{"line":175,"column":45},"skip":true},"70":{"start":{"line":176,"column":8},"end":{"line":176,"column":51},"skip":true},"71":{"start":{"line":177,"column":8},"end":{"line":177,"column":45},"skip":true},"72":{"start":{"line":178,"column":8},"end":{"line":178,"column":37},"skip":true},"73":{"start":{"line":179,"column":8},"end":{"line":179,"column":41},"skip":true},"74":{"start":{"line":180,"column":8},"end":{"line":180,"column":57},"skip":true},"75":{"start":{"line":181,"column":8},"end":{"line":181,"column":41},"skip":true},"76":{"start":{"line":182,"column":8},"end":{"line":182,"column":35},"skip":true},"77":{"start":{"line":183,"column":8},"end":{"line":183,"column":35},"skip":true},"78":{"start":{"line":184,"column":8},"end":{"line":184,"column":35},"skip":true},"79":{"start":{"line":185,"column":8},"end":{"line":185,"column":37},"skip":true},"80":{"start":{"line":186,"column":8},"end":{"line":186,"column":33},"skip":true},"81":{"start":{"line":187,"column":8},"end":{"line":187,"column":33},"skip":true},"82":{"start":{"line":188,"column":8},"end":{"line":188,"column":37},"skip":true},"83":{"start":{"line":191,"column":8},"end":{"line":191,"column":50},"skip":true},"84":{"start":{"line":192,"column":8},"end":{"line":205,"column":11},"skip":true},"85":{"start":{"line":197,"column":12},"end":{"line":197,"column":30},"skip":true},"86":{"start":{"line":198,"column":12},"end":{"line":198,"column":66},"skip":true},"87":{"start":{"line":199,"column":12},"end":{"line":204,"column":13},"skip":true},"88":{"start":{"line":200,"column":16},"end":{"line":203,"column":18},"skip":true},"89":{"start":{"line":207,"column":8},"end":{"line":455,"column":2},"skip":true},"90":{"start":{"line":460,"column":8},"end":{"line":463,"column":36},"skip":true},"91":{"start":{"line":466,"column":8},"end":{"line":482,"column":15},"skip":true},"92":{"start":{"line":470,"column":16},"end":{"line":481,"column":17},"skip":true},"93":{"start":{"line":472,"column":20},"end":{"line":472,"column":60},"skip":true},"94":{"start":{"line":474,"column":20},"end":{"line":474,"column":45},"skip":true},"95":{"start":{"line":476,"column":20},"end":{"line":476,"column":45},"skip":true},"96":{"start":{"line":478,"column":20},"end":{"line":478,"column":35},"skip":true},"97":{"start":{"line":480,"column":20},"end":{"line":480,"column":34},"skip":true},"98":{"start":{"line":484,"column":8},"end":{"line":486,"column":9},"skip":true},"99":{"start":{"line":485,"column":12},"end":{"line":485,"column":18},"skip":true},"100":{"start":{"line":487,"column":8},"end":{"line":489,"column":54},"skip":true},"101":{"start":{"line":490,"column":8},"end":{"line":490,"column":82},"skip":true},"102":{"start":{"line":493,"column":8},"end":{"line":495,"column":9},"skip":true},"103":{"start":{"line":494,"column":12},"end":{"line":494,"column":82},"skip":true},"104":{"start":{"line":497,"column":8},"end":{"line":499,"column":9},"skip":true},"105":{"start":{"line":498,"column":12},"end":{"line":498,"column":18},"skip":true},"106":{"start":{"line":500,"column":8},"end":{"line":500,"column":54},"skip":true},"107":{"start":{"line":501,"column":8},"end":{"line":501,"column":69},"skip":true},"108":{"start":{"line":502,"column":8},"end":{"line":510,"column":36},"skip":true},"109":{"start":{"line":503,"column":12},"end":{"line":503,"column":61},"skip":true},"110":{"start":{"line":504,"column":12},"end":{"line":507,"column":13},"skip":true},"111":{"start":{"line":505,"column":16},"end":{"line":505,"column":75},"skip":true},"112":{"start":{"line":506,"column":16},"end":{"line":506,"column":23},"skip":true},"113":{"start":{"line":508,"column":12},"end":{"line":508,"column":38},"skip":true},"114":{"start":{"line":509,"column":12},"end":{"line":509,"column":27},"skip":true},"115":{"start":{"line":511,"column":8},"end":{"line":511,"column":14},"skip":true}},"branchMap":{"1":{"line":41,"type":"binary-expr","locations":[{"start":{"line":41,"column":31},"end":{"line":41,"column":72}},{"start":{"line":42,"column":20},"end":{"line":42,"column":70}},{"start":{"line":43,"column":20},"end":{"line":43,"column":26}}]},"2":{"line":46,"type":"binary-expr","locations":[{"start":{"line":46,"column":27},"end":{"line":46,"column":39}},{"start":{"line":46,"column":43},"end":{"line":46,"column":52}}]},"3":{"line":49,"type":"cond-expr","locations":[{"start":{"line":50,"column":14},"end":{"line":50,"column":20}},{"start":{"line":51,"column":14},"end":{"line":51,"column":20}}]},"4":{"line":53,"type":"binary-expr","locations":[{"start":{"line":53,"column":16},"end":{"line":53,"column":44}},{"start":{"line":53,"column":49},"end":{"line":55,"column":43}}]},"5":{"line":53,"type":"cond-expr","locations":[{"start":{"line":54,"column":14},"end":{"line":54,"column":51}},{"start":{"line":55,"column":14},"end":{"line":55,"column":43}}]},"6":{"line":59,"type":"switch","locations":[{"start":{"line":65,"column":4},"end":{"line":146,"column":14},"skip":true},{"start":{"line":152,"column":4},"end":{"line":511,"column":14},"skip":true}]},"7":{"line":67,"type":"if","locations":[{"start":{"line":67,"column":12},"end":{"line":67,"column":12},"skip":true},{"start":{"line":67,"column":12},"end":{"line":67,"column":12},"skip":true}]},"8":{"line":67,"type":"binary-expr","locations":[{"start":{"line":67,"column":16},"end":{"line":67,"column":22},"skip":true},{"start":{"line":67,"column":27},"end":{"line":67,"column":32},"skip":true},{"start":{"line":68,"column":20},"end":{"line":68,"column":39},"skip":true},{"start":{"line":69,"column":20},"end":{"line":69,"column":49},"skip":true},{"start":{"line":70,"column":20},"end":{"line":70,"column":58},"skip":true},{"start":{"line":71,"column":20},"end":{"line":71,"column":69},"skip":true}]},"9":{"line":76,"type":"switch","locations":[{"start":{"line":77,"column":20},"end":{"line":77,"column":33},"skip":true},{"start":{"line":78,"column":20},"end":{"line":80,"column":30},"skip":true},{"start":{"line":81,"column":20},"end":{"line":82,"column":49},"skip":true}]},"10":{"line":86,"type":"switch","locations":[{"start":{"line":87,"column":12},"end":{"line":99,"column":22},"skip":true},{"start":{"line":101,"column":12},"end":{"line":102,"column":22},"skip":true}]},"11":{"line":86,"type":"binary-expr","locations":[{"start":{"line":86,"column":20},"end":{"line":86,"column":25},"skip":true},{"start":{"line":86,"column":29},"end":{"line":86,"column":48},"skip":true},{"start":{"line":86,"column":52},"end":{"line":86,"column":74},"skip":true}]},"12":{"line":89,"type":"if","locations":[{"start":{"line":89,"column":16},"end":{"line":89,"column":16},"skip":true},{"start":{"line":89,"column":16},"end":{"line":89,"column":16},"skip":true}]},"13":{"line":104,"type":"if","locations":[{"start":{"line":104,"column":12},"end":{"line":104,"column":12},"skip":true},{"start":{"line":104,"column":12},"end":{"line":104,"column":12},"skip":true}]},"14":{"line":104,"type":"binary-expr","locations":[{"start":{"line":104,"column":16},"end":{"line":104,"column":61},"skip":true},{"start":{"line":104,"column":66},"end":{"line":104,"column":72},"skip":true},{"start":{"line":104,"column":77},"end":{"line":104,"column":82},"skip":true},{"start":{"line":105,"column":20},"end":{"line":105,"column":39},"skip":true},{"start":{"line":106,"column":20},"end":{"line":106,"column":49},"skip":true},{"start":{"line":107,"column":20},"end":{"line":107,"column":58},"skip":true},{"start":{"line":108,"column":20},"end":{"line":108,"column":68},"skip":true}]},"15":{"line":125,"type":"if","locations":[{"start":{"line":125,"column":16},"end":{"line":125,"column":16},"skip":true},{"start":{"line":125,"column":16},"end":{"line":125,"column":16},"skip":true}]},"16":{"line":130,"type":"cond-expr","locations":[{"start":{"line":131,"column":26},"end":{"line":131,"column":29},"skip":true},{"start":{"line":132,"column":26},"end":{"line":132,"column":54},"skip":true}]},"17":{"line":191,"type":"binary-expr","locations":[{"start":{"line":191,"column":27},"end":{"line":191,"column":43},"skip":true},{"start":{"line":191,"column":47},"end":{"line":191,"column":49},"skip":true}]},"18":{"line":198,"type":"binary-expr","locations":[{"start":{"line":198,"column":37},"end":{"line":198,"column":59},"skip":true},{"start":{"line":198,"column":63},"end":{"line":198,"column":65},"skip":true}]},"19":{"line":199,"type":"if","locations":[{"start":{"line":199,"column":12},"end":{"line":199,"column":12},"skip":true},{"start":{"line":199,"column":12},"end":{"line":199,"column":12},"skip":true}]},"20":{"line":461,"type":"binary-expr","locations":[{"start":{"line":461,"column":12},"end":{"line":461,"column":58},"skip":true},{"start":{"line":462,"column":12},"end":{"line":463,"column":35},"skip":true}]},"21":{"line":470,"type":"switch","locations":[{"start":{"line":471,"column":16},"end":{"line":472,"column":60},"skip":true},{"start":{"line":473,"column":16},"end":{"line":474,"column":45},"skip":true},{"start":{"line":475,"column":16},"end":{"line":476,"column":45},"skip":true},{"start":{"line":477,"column":16},"end":{"line":478,"column":35},"skip":true},{"start":{"line":479,"column":16},"end":{"line":480,"column":34},"skip":true}]},"22":{"line":484,"type":"if","locations":[{"start":{"line":484,"column":8},"end":{"line":484,"column":8},"skip":true},{"start":{"line":484,"column":8},"end":{"line":484,"column":8},"skip":true}]},"23":{"line":484,"type":"binary-expr","locations":[{"start":{"line":484,"column":12},"end":{"line":484,"column":35},"skip":true},{"start":{"line":484,"column":39},"end":{"line":484,"column":67},"skip":true}]},"24":{"line":488,"type":"binary-expr","locations":[{"start":{"line":488,"column":12},"end":{"line":488,"column":50},"skip":true},{"start":{"line":489,"column":12},"end":{"line":489,"column":53},"skip":true}]},"25":{"line":490,"type":"binary-expr","locations":[{"start":{"line":490,"column":43},"end":{"line":490,"column":75},"skip":true},{"start":{"line":490,"column":79},"end":{"line":490,"column":81},"skip":true}]},"26":{"line":493,"type":"if","locations":[{"start":{"line":493,"column":8},"end":{"line":493,"column":8},"skip":true},{"start":{"line":493,"column":8},"end":{"line":493,"column":8},"skip":true}]},"27":{"line":497,"type":"if","locations":[{"start":{"line":497,"column":8},"end":{"line":497,"column":8},"skip":true},{"start":{"line":497,"column":8},"end":{"line":497,"column":8},"skip":true}]},"28":{"line":500,"type":"binary-expr","locations":[{"start":{"line":500,"column":27},"end":{"line":500,"column":43},"skip":true},{"start":{"line":500,"column":47},"end":{"line":500,"column":53},"skip":true}]},"29":{"line":504,"type":"if","locations":[{"start":{"line":504,"column":12},"end":{"line":504,"column":12},"skip":true},{"start":{"line":504,"column":12},"end":{"line":504,"column":12},"skip":true}]}},"code":["/*","example.js","","this script will run a web-demo of npmtest-request","","instruction","    1. save this script as example.js","    2. run the shell command:","        $ npm install npmtest-request && PORT=8081 node example.js","    3. open a browser to http://127.0.0.1:8081 and play with the web-demo","    4. edit this script to suit your needs","*/","","","","/* istanbul instrument in package npmtest_request */","/* jslint-utility2 */","/*jslint","    bitwise: true,","    browser: true,","    maxerr: 4,","    maxlen: 100,","    node: true,","    nomen: true,","    regexp: true,","    stupid: true","*/","(function () {","    'use strict';","    var local;","","","","    // run shared js-env code - init-before","    (function () {","        // init local","        local = {};","        // init modeJs","        (function () {","            try {","                local.modeJs = typeof process.versions.node === 'string' &&","                    typeof require('http').createServer === 'function' &&","                    'node';","            } catch (ignore) {","            }","            local.modeJs = local.modeJs || 'browser';","        }());","        // init global","        local.global = local.modeJs === 'browser'","            ? window","            : global;","        // re-init local","        local = local.global.utility2_rollup || (local.modeJs === 'browser'","            ? local.global.utility2_npmtest_request","            : global.utility2_moduleExports);","        // init exports","        local.global.local = local;","    }());","    switch (local.modeJs) {","","","","    // run browser js-env code - init-test","    /* istanbul ignore next */","    case 'browser':","        local.testRunBrowser = function (event) {","            if (!event || (event &&","                    event.currentTarget &&","                    event.currentTarget.className &&","                    event.currentTarget.className.includes &&","                    event.currentTarget.className.includes('onreset'))) {","                // reset output","                Array.from(","                    document.querySelectorAll('body > .resettable')","                ).forEach(function (element) {","                    switch (element.tagName) {","                    case 'INPUT':","                    case 'TEXTAREA':","                        element.value = '';","                        break;","                    default:","                        element.textContent = '';","                    }","                });","            }","            switch (event && event.currentTarget && event.currentTarget.id) {","            case 'testRunButton1':","                // show tests","                if (document.querySelector('#testReportDiv1').style.maxHeight === '0px') {","                    local.uiAnimateSlideDown(document.querySelector('#testReportDiv1'));","                    document.querySelector('#testRunButton1').textContent = 'hide internal test';","                    local.modeTest = true;","                    local.testRunDefault(local);","                // hide tests","                } else {","                    local.uiAnimateSlideUp(document.querySelector('#testReportDiv1'));","                    document.querySelector('#testRunButton1').textContent = 'run internal test';","                }","                break;","            // custom-case","            default:","                break;","            }","            if (document.querySelector('#inputTextareaEval1') && (!event || (event &&","                    event.currentTarget &&","                    event.currentTarget.className &&","                    event.currentTarget.className.includes &&","                    event.currentTarget.className.includes('oneval')))) {","                // try to eval input-code","                try {","                    /*jslint evil: true*/","                    eval(document.querySelector('#inputTextareaEval1').value);","                } catch (errorCaught) {","                    console.error(errorCaught);","                }","            }","        };","        // log stderr and stdout to #outputTextareaStdout1","        ['error', 'log'].forEach(function (key) {","            console[key + '_original'] = console[key];","            console[key] = function () {","                var element;","                console[key + '_original'].apply(console, arguments);","                element = document.querySelector('#outputTextareaStdout1');","                if (!element) {","                    return;","                }","                // append text to #outputTextareaStdout1","                element.value += Array.from(arguments).map(function (arg) {","                    return typeof arg === 'string'","                        ? arg","                        : JSON.stringify(arg, null, 4);","                }).join(' ') + '\\n';","                // scroll textarea to bottom","                element.scrollTop = element.scrollHeight;","            };","        });","        // init event-handling","        ['change', 'click', 'keyup'].forEach(function (event) {","            Array.from(document.querySelectorAll('.on' + event)).forEach(function (element) {","                element.addEventListener(event, local.testRunBrowser);","            });","        });","        // run tests","        local.testRunBrowser();","        break;","","","","    // run node js-env code - init-test","    /* istanbul ignore next */","    case 'node':","        // init exports","        module.exports = local;","        // require builtins","        // local.assert = require('assert');","        local.buffer = require('buffer');","        local.child_process = require('child_process');","        local.cluster = require('cluster');","        local.console = require('console');","        local.constants = require('constants');","        local.crypto = require('crypto');","        local.dgram = require('dgram');","        local.dns = require('dns');","        local.domain = require('domain');","        local.events = require('events');","        local.fs = require('fs');","        local.http = require('http');","        local.https = require('https');","        local.module = require('module');","        local.net = require('net');","        local.os = require('os');","        local.path = require('path');","        local.process = require('process');","        local.punycode = require('punycode');","        local.querystring = require('querystring');","        local.readline = require('readline');","        local.repl = require('repl');","        local.stream = require('stream');","        local.string_decoder = require('string_decoder');","        local.timers = require('timers');","        local.tls = require('tls');","        local.tty = require('tty');","        local.url = require('url');","        local.util = require('util');","        local.v8 = require('v8');","        local.vm = require('vm');","        local.zlib = require('zlib');","        /* validateLineSortedReset */","        // init assets","        local.assetsDict = local.assetsDict || {};","        [","            'assets.index.template.html',","            'assets.swgg.swagger.json',","            'assets.swgg.swagger.server.json'","        ].forEach(function (file) {","            file = '/' + file;","            local.assetsDict[file] = local.assetsDict[file] || '';","            if (local.fs.existsSync(local.__dirname + file)) {","                local.assetsDict[file] = local.fs.readFileSync(","                    local.__dirname + file,","                    'utf8'","                );","            }","        });","        /* jslint-ignore-begin */","        local.assetsDict['/assets.index.template.html'] = '\\","<!doctype html>\\n\\","<html lang=\"en\">\\n\\","<head>\\n\\","<meta charset=\"UTF-8\">\\n\\","<meta name=\"viewport\" content=\"width=device-width, initial-scale=1\">\\n\\","<!-- \"assets.utility2.template.html\" -->\\n\\","<title>{{env.npm_package_name}} ({{env.npm_package_version}})</title>\\n\\","<style>\\n\\","/* jslint-utility2 */\\n\\","/*csslint\\n\\","*/\\n\\","/* jslint-ignore-begin */\\n\\","*,\\n\\","*:after,\\n\\","*:before {\\n\\","    box-sizing: border-box;\\n\\","}\\n\\","/* jslint-ignore-end */\\n\\","@keyframes uiAnimateShake {\\n\\","    0%, 50% {\\n\\","        transform: translateX(10px);\\n\\","    }\\n\\","    25%, 75% {\\n\\","        transform: translateX(-10px);\\n\\","    }\\n\\","    100% {\\n\\","        transform: translateX(0);\\n\\","    }\\n\\","}\\n\\","@keyframes uiAnimateSpin {\\n\\","    0% {\\n\\","        transform: rotate(0deg);\\n\\","    }\\n\\","    100% {\\n\\","        transform: rotate(360deg);\\n\\","    }\\n\\","}\\n\\","a {\\n\\","    overflow-wrap: break-word;\\n\\","}\\n\\","body {\\n\\","    background: #eef;\\n\\","    font-family: Arial, Helvetica, sans-serif;\\n\\","    margin: 0 40px;\\n\\","}\\n\\","body > div,\\n\\","body > pre,\\n\\","body > textarea,\\n\\","body > .button {\\n\\","    margin-bottom: 20px;\\n\\","}\\n\\","body > textarea {\\n\\","    height: 10rem;\\n\\","    width: 100%;\\n\\","}\\n\\","body > textarea[readonly] {\\n\\","    background: #ddd;\\n\\","}\\n\\","body > .button {\\n\\","    width: 20rem;\\n\\","}\\n\\","code,\\n\\","pre,\\n\\","textarea {\\n\\","    font-family: Consolas, Menlo, monospace;\\n\\","    font-size: small;\\n\\","}\\n\\","pre {\\n\\","    overflow-wrap: break-word;\\n\\","    white-space: pre-wrap;\\n\\","}\\n\\","textarea {\\n\\","    overflow: auto;\\n\\","    white-space: pre;\\n\\","}\\n\\",".button {\\n\\","    background-color: #fff;\\n\\","    border: 1px solid;\\n\\","    border-bottom-color: rgb(186, 186, 186);\\n\\","    border-left-color: rgb(209, 209, 209);\\n\\","    border-radius: 4px;\\n\\","    border-right-color: rgb(209, 209, 209);\\n\\","    border-top-color: rgb(216, 216, 216);\\n\\","    color: #00d;\\n\\","    cursor: pointer;\\n\\","    display: inline-block;\\n\\","    font-family: Arial, Helvetica, sans-serif;\\n\\","    font-size: 12px;\\n\\","    font-style: normal;\\n\\","    font-weight: normal;\\n\\","    margin: 0;\\n\\","    padding: 2px 7px 3px 7px;\\n\\","    text-align: center;\\n\\","    text-decoration: underline;\\n\\","}\\n\\",".colorError {\\n\\","    color: #d00;\\n\\","}\\n\\",".uiAnimateShake {\\n\\","    animation-duration: 500ms;\\n\\","    animation-name: uiAnimateShake;\\n\\","}\\n\\",".uiAnimateSlide {\\n\\","    overflow-y: hidden;\\n\\","    transition: max-height ease-in 250ms, min-height ease-in 250ms, padding-bottom ease-in 250ms, padding-top ease-in 250ms;\\n\\","}\\n\\",".utility2FooterDiv {\\n\\","    text-align: center;\\n\\","}\\n\\",".zeroPixel {\\n\\","    border: 0;\\n\\","    height: 0;\\n\\","    margin: 0;\\n\\","    padding: 0;\\n\\","    width: 0;\\n\\","}\\n\\","</style>\\n\\","</head>\\n\\","<body>\\n\\","<div id=\"ajaxProgressDiv1\" style=\"background: #d00; height: 2px; left: 0; margin: 0; padding: 0; position: fixed; top: 0; transition: background 500ms, width 1500ms; width: 0%; z-index: 1;\"></div>\\n\\","<div class=\"uiAnimateSpin\" style=\"animation: uiAnimateSpin 2s linear infinite; border: 5px solid #999; border-radius: 50%; border-top: 5px solid #7d7; display: none; height: 25px; vertical-align: middle; width: 25px;\"></div>\\n\\","<code style=\"display: none;\"></code><div class=\"button colorError uiAnimateShake uiAnimateSlide utility2FooterDiv zeroPixel\" style=\"display: none;\"></div><pre style=\"display: none;\"></pre><textarea readonly style=\"display: none;\"></textarea>\\n\\","<script>\\n\\","/* jslint-utility2 */\\n\\","/*jslint\\n\\","    bitwise: true,\\n\\","    browser: true,\\n\\","    maxerr: 4,\\n\\","    maxlen: 100,\\n\\","    node: true,\\n\\","    nomen: true,\\n\\","    regexp: true,\\n\\","    stupid: true\\n\\","*/\\n\\","// init timerIntervalAjaxProgressUpdate\\n\\","(function () {\\n\\","/*\\n\\"," * this function will increment the ajax-progress-bar until the webpage has loaded\\n\\"," */\\n\\","    \"use strict\";\\n\\","    var ajaxProgressDiv1,\\n\\","        ajaxProgressState,\\n\\","        ajaxProgressUpdate;\\n\\","    if (window.timerIntervalAjaxProgressUpdate) {\\n\\","        return;\\n\\","    }\\n\\","    ajaxProgressDiv1 = document.querySelector(\"#ajaxProgressDiv1\");\\n\\","    setTimeout(function () {\\n\\","        ajaxProgressDiv1.style.width = \"25%\";\\n\\","    });\\n\\","    ajaxProgressState = 0;\\n\\","    ajaxProgressUpdate = (window.local &&\\n\\","        window.local.ajaxProgressUpdate) || function () {\\n\\","        ajaxProgressDiv1.style.width = \"100%\";\\n\\","        setTimeout(function () {\\n\\","            ajaxProgressDiv1.style.background = \"transparent\";\\n\\","            setTimeout(function () {\\n\\","                ajaxProgressDiv1.style.width = \"0%\";\\n\\","            }, 500);\\n\\","        }, 1500);\\n\\","    };\\n\\","    window.timerIntervalAjaxProgressUpdate = setInterval(function () {\\n\\","        ajaxProgressState += 1;\\n\\","        ajaxProgressDiv1.style.width = Math.max(\\n\\","            100 - 75 * Math.exp(-0.125 * ajaxProgressState),\\n\\","            ajaxProgressDiv1.style.width.slice(0, -1) | 0\\n\\","        ) + \"%\";\\n\\","    }, 1000);\\n\\","    window.addEventListener(\"load\", function () {\\n\\","        clearInterval(window.timerIntervalAjaxProgressUpdate);\\n\\","        ajaxProgressUpdate();\\n\\","    });\\n\\","}());\\n\\","// init domOnEventSelectAllWithinPre\\n\\","(function () {\\n\\","/*\\n\\"," * this function will limit select-all within <pre tabIndex=\"0\"> elements\\n\\"," * https://stackoverflow.com/questions/985272/selecting-text-in-an-element-akin-to-highlighting-with-your-mouse\\n\\"," */\\n\\","    \"use strict\";\\n\\","    if (window.domOnEventSelectAllWithinPre) {\\n\\","        return;\\n\\","    }\\n\\","    window.domOnEventSelectAllWithinPre = function (event) {\\n\\","        var range, selection;\\n\\","        if (event &&\\n\\","                event.code === \"KeyA\" &&\\n\\","                (event.ctrlKey || event.metaKey) &&\\n\\","                event.target.closest(\"pre\")) {\\n\\","            range = document.createRange();\\n\\","            range.selectNodeContents(event.target.closest(\"pre\"));\\n\\","            selection = window.getSelection();\\n\\","            selection.removeAllRanges();\\n\\","            selection.addRange(range);\\n\\","            event.preventDefault();\\n\\","        }\\n\\","    };\\n\\","    document.addEventListener(\"keydown\", window.domOnEventSelectAllWithinPre);\\n\\","}());\\n\\","</script>\\n\\","<h1>\\n\\","<!-- utility2-comment\\n\\","    <a\\n\\","        {{#if env.npm_package_homepage}}\\n\\","        href=\"{{env.npm_package_homepage}}\"\\n\\","        {{/if env.npm_package_homepage}}\\n\\","        target=\"_blank\"\\n\\","    >\\n\\","utility2-comment -->\\n\\","        {{env.npm_package_name}} ({{env.npm_package_version}})\\n\\","<!-- utility2-comment\\n\\","    </a>\\n\\","utility2-comment -->\\n\\","</h1>\\n\\","<h3>{{env.npm_package_description}}</h3>\\n\\","<!-- utility2-comment\\n\\","<a class=\"button\" download href=\"assets.app.js\">download standalone app</a><br>\\n\\","<button class=\"button onclick onreset\" id=\"testRunButton1\">run internal test</button><br>\\n\\","<div class=\"uiAnimateSlide\" id=\"testReportDiv1\" style=\"border-bottom: 0; border-top: 0; margin-bottom: 0; margin-top: 0; max-height: 0; padding-bottom: 0; padding-top: 0;\"></div>\\n\\","utility2-comment -->\\n\\","\\n\\","\\n\\","\\n\\","<label>stderr and stdout</label>\\n\\","<textarea class=\"resettable\" id=\"outputTextareaStdout1\" readonly></textarea>\\n\\","<!-- utility2-comment\\n\\","{{#if isRollup}}\\n\\","<script src=\"assets.app.js\"></script>\\n\\","{{#unless isRollup}}\\n\\","utility2-comment -->\\n\\","<script src=\"assets.utility2.rollup.js\"></script>\\n\\","<script>window.utility2.onResetBefore.counter += 1;</script>\\n\\","<script src=\"jsonp.utility2.stateInit?callback=window.utility2.stateInit\"></script>\\n\\","<script src=\"assets.npmtest_request.js\"></script>\\n\\","<script src=\"assets.example.js\"></script>\\n\\","<script src=\"assets.test.js\"></script>\\n\\","<script>window.utility2.onResetBefore();</script>\\n\\","<!-- utility2-comment\\n\\","{{/if isRollup}}\\n\\","utility2-comment -->\\n\\","<div class=\"utility2FooterDiv\">\\n\\","    [ this app was created with\\n\\","    <a href=\"https://github.com/kaizhu256/node-utility2\" target=\"_blank\">utility2</a>\\n\\","    ]\\n\\","</div>\\n\\","</body>\\n\\","</html>\\n\\","';","        /* jslint-ignore-end */","        /* validateLineSortedReset */","        /* jslint-ignore-begin */","        // bug-workaround - long $npm_package_buildCustomOrg","        local.assetsDict['/assets.npmtest_request.js'] =","            local.assetsDict['/assets.npmtest_request.js'] ||","            local.fs.readFileSync(local.__dirname + '/lib.npmtest_request.js', 'utf8'","        ).replace((/^#!\\//), '// ');","        /* jslint-ignore-end */","        /* validateLineSortedReset */","        local.assetsDict['/'] =","            local.assetsDict['/assets.example.html'] =","            local.assetsDict['/assets.index.template.html']","            .replace((/\\{\\{env\\.(\\w+?)\\}\\}/g), function (match0, match1) {","                switch (match1) {","                case 'npm_package_description':","                    return 'the greatest app in the world!';","                case 'npm_package_name':","                    return 'npmtest-request';","                case 'npm_package_nameLib':","                    return 'npmtest_request';","                case 'npm_package_version':","                    return '0.0.1';","                default:","                    return match0;","                }","            });","        // init cli","        if (module !== require.main || local.global.utility2_rollup) {","            break;","        }","        local.assetsDict['/assets.example.js'] =","            local.assetsDict['/assets.example.js'] ||","            local.fs.readFileSync(__filename, 'utf8');","        local.assetsDict['/favicon.ico'] = local.assetsDict['/favicon.ico'] || '';","        // if $npm_config_timeout_exit exists,","        // then exit this process after $npm_config_timeout_exit ms","        if (Number(process.env.npm_config_timeout_exit)) {","            setTimeout(process.exit, Number(process.env.npm_config_timeout_exit));","        }","        // start server","        if (local.global.utility2_serverHttp1) {","            break;","        }","        process.env.PORT = process.env.PORT || '8081';","        console.error('server starting on port ' + process.env.PORT);","        local.http.createServer(function (request, response) {","            request.urlParsed = local.url.parse(request.url);","            if (local.assetsDict[request.urlParsed.pathname] !== undefined) {","                response.end(local.assetsDict[request.urlParsed.pathname]);","                return;","            }","            response.statusCode = 404;","            response.end();","        }).listen(process.env.PORT);","        break;","    }","}());",""],"l":{"28":2,"30":2,"35":2,"37":2,"39":2,"40":2,"41":2,"46":2,"49":2,"53":2,"57":2,"59":2,"66":1,"67":2,"73":2,"76":2,"79":2,"80":2,"82":1,"86":2,"89":1,"90":1,"91":1,"92":1,"93":1,"96":1,"97":1,"99":1,"102":1,"104":2,"110":1,"112":1,"114":1,"119":1,"120":2,"121":2,"122":20,"123":20,"124":20,"125":20,"126":1,"129":20,"130":20,"135":20,"139":1,"140":3,"141":1,"145":1,"146":1,"154":1,"157":1,"158":1,"159":1,"160":1,"161":1,"162":1,"163":1,"164":1,"165":1,"166":1,"167":1,"168":1,"169":1,"170":1,"171":1,"172":1,"173":1,"174":1,"175":1,"176":1,"177":1,"178":1,"179":1,"180":1,"181":1,"182":1,"183":1,"184":1,"185":1,"186":1,"187":1,"188":1,"191":1,"192":1,"197":3,"198":3,"199":3,"200":1,"207":1,"460":1,"466":1,"470":6,"472":1,"474":2,"476":1,"478":2,"480":1,"484":1,"485":1,"487":1,"490":1,"493":1,"494":1,"497":1,"498":1,"500":1,"501":1,"502":1,"503":1,"504":1,"505":1,"506":1,"508":1,"509":1,"511":1}},"/home/travis/build/npmtest/node-npmtest-request/node_modules/request/index.js":{"path":"/home/travis/build/npmtest/node-npmtest-request/node_modules/request/index.js","s":{"1":2,"2":2,"3":2,"4":2,"5":1,"6":0,"7":0,"8":0,"9":0,"10":0,"11":0,"12":0,"13":0,"14":0,"15":0,"16":1,"17":0,"18":0,"19":0,"20":0,"21":0,"22":0,"23":1,"24":16,"25":16,"26":0,"27":0,"28":0,"29":2,"30":2,"31":2,"32":2,"33":2,"34":2,"35":2,"36":2,"37":2,"38":0,"39":2,"40":0,"41":1,"42":0,"43":0,"44":0,"45":0,"46":0,"47":0,"48":0,"49":0,"50":0,"51":0,"52":2,"53":0,"54":0,"55":0,"56":0,"57":0,"58":0,"59":0,"60":0,"61":0,"62":0,"63":0,"64":0,"65":0,"66":2,"67":0,"68":0,"69":0,"70":0,"71":0,"72":0,"73":0,"74":2,"75":2,"76":0,"77":0,"78":0,"79":0},"b":{"1":[0,0],"2":[0,0],"3":[0,0],"4":[0,0],"5":[0,0],"6":[0,0],"7":[0,0],"8":[0,0],"9":[0,0],"10":[0,0],"11":[0,0],"12":[0,0],"13":[0,0],"14":[0,0]},"f":{"1":0,"2":0,"3":16,"4":0,"5":0,"6":0,"7":0,"8":0,"9":0,"10":0,"11":0,"12":0,"13":0},"fnMap":{"1":{"name":"initParams","line":24,"loc":{"start":{"line":24,"column":0},"end":{"line":24,"column":45}}},"2":{"name":"request","line":42,"loc":{"start":{"line":42,"column":0},"end":{"line":42,"column":42}}},"3":{"name":"verbFunc","line":56,"loc":{"start":{"line":56,"column":0},"end":{"line":56,"column":25}}},"4":{"name":"(anonymous_4)","line":58,"loc":{"start":{"line":58,"column":9},"end":{"line":58,"column":43}}},"5":{"name":"(anonymous_5)","line":75,"loc":{"start":{"line":75,"column":14},"end":{"line":75,"column":31}}},"6":{"name":"(anonymous_6)","line":79,"loc":{"start":{"line":79,"column":17},"end":{"line":79,"column":32}}},"7":{"name":"wrapRequestMethod","line":83,"loc":{"start":{"line":83,"column":0},"end":{"line":83,"column":62}}},"8":{"name":"(anonymous_8)","line":84,"loc":{"start":{"line":84,"column":9},"end":{"line":84,"column":40}}},"9":{"name":"(anonymous_9)","line":104,"loc":{"start":{"line":104,"column":19},"end":{"line":104,"column":49}}},"10":{"name":"(anonymous_10)","line":117,"loc":{"start":{"line":117,"column":16},"end":{"line":117,"column":32}}},"11":{"name":"(anonymous_11)","line":127,"loc":{"start":{"line":127,"column":18},"end":{"line":127,"column":54}}},"12":{"name":"(anonymous_12)","line":149,"loc":{"start":{"line":149,"column":7},"end":{"line":149,"column":19}}},"13":{"name":"(anonymous_13)","line":152,"loc":{"start":{"line":152,"column":7},"end":{"line":152,"column":24}}}},"statementMap":{"1":{"start":{"line":17,"column":0},"end":{"line":17,"column":30}},"2":{"start":{"line":18,"column":0},"end":{"line":18,"column":38}},"3":{"start":{"line":19,"column":0},"end":{"line":19,"column":38}},"4":{"start":{"line":21,"column":0},"end":{"line":21,"column":57}},"5":{"start":{"line":24,"column":0},"end":{"line":40,"column":1}},"6":{"start":{"line":25,"column":2},"end":{"line":27,"column":3}},"7":{"start":{"line":26,"column":4},"end":{"line":26,"column":22}},"8":{"start":{"line":29,"column":2},"end":{"line":29,"column":17}},"9":{"start":{"line":30,"column":2},"end":{"line":36,"column":3}},"10":{"start":{"line":31,"column":4},"end":{"line":31,"column":39}},"11":{"start":{"line":32,"column":9},"end":{"line":36,"column":3}},"12":{"start":{"line":33,"column":4},"end":{"line":33,"column":30}},"13":{"start":{"line":35,"column":4},"end":{"line":35,"column":23}},"14":{"start":{"line":38,"column":2},"end":{"line":38,"column":47}},"15":{"start":{"line":39,"column":2},"end":{"line":39,"column":15}},"16":{"start":{"line":42,"column":0},"end":{"line":54,"column":1}},"17":{"start":{"line":43,"column":2},"end":{"line":45,"column":3}},"18":{"start":{"line":44,"column":4},"end":{"line":44,"column":70}},"19":{"start":{"line":47,"column":2},"end":{"line":47,"column":49}},"20":{"start":{"line":49,"column":2},"end":{"line":51,"column":3}},"21":{"start":{"line":50,"column":4},"end":{"line":50,"column":74}},"22":{"start":{"line":53,"column":2},"end":{"line":53,"column":36}},"23":{"start":{"line":56,"column":0},"end":{"line":63,"column":1}},"24":{"start":{"line":57,"column":2},"end":{"line":57,"column":33}},"25":{"start":{"line":58,"column":2},"end":{"line":62,"column":3}},"26":{"start":{"line":59,"column":4},"end":{"line":59,"column":51}},"27":{"start":{"line":60,"column":4},"end":{"line":60,"column":26}},"28":{"start":{"line":61,"column":4},"end":{"line":61,"column":43}},"29":{"start":{"line":66,"column":0},"end":{"line":66,"column":29}},"30":{"start":{"line":67,"column":0},"end":{"line":67,"column":31}},"31":{"start":{"line":68,"column":0},"end":{"line":68,"column":37}},"32":{"start":{"line":69,"column":0},"end":{"line":69,"column":31}},"33":{"start":{"line":70,"column":0},"end":{"line":70,"column":29}},"34":{"start":{"line":71,"column":0},"end":{"line":71,"column":33}},"35":{"start":{"line":72,"column":0},"end":{"line":72,"column":32}},"36":{"start":{"line":73,"column":0},"end":{"line":73,"column":38}},"37":{"start":{"line":75,"column":0},"end":{"line":77,"column":1}},"38":{"start":{"line":76,"column":2},"end":{"line":76,"column":27}},"39":{"start":{"line":79,"column":0},"end":{"line":81,"column":1}},"40":{"start":{"line":80,"column":2},"end":{"line":80,"column":27}},"41":{"start":{"line":83,"column":0},"end":{"line":102,"column":1}},"42":{"start":{"line":84,"column":2},"end":{"line":101,"column":3}},"43":{"start":{"line":85,"column":4},"end":{"line":85,"column":48}},"44":{"start":{"line":87,"column":4},"end":{"line":87,"column":19}},"45":{"start":{"line":88,"column":4},"end":{"line":88,"column":41}},"46":{"start":{"line":90,"column":4},"end":{"line":90,"column":45}},"47":{"start":{"line":92,"column":4},"end":{"line":94,"column":5}},"48":{"start":{"line":93,"column":6},"end":{"line":93,"column":40}},"49":{"start":{"line":96,"column":4},"end":{"line":98,"column":5}},"50":{"start":{"line":97,"column":6},"end":{"line":97,"column":24}},"51":{"start":{"line":100,"column":4},"end":{"line":100,"column":42}},"52":{"start":{"line":104,"column":0},"end":{"line":125,"column":1}},"53":{"start":{"line":105,"column":2},"end":{"line":105,"column":17}},"54":{"start":{"line":107,"column":2},"end":{"line":107,"column":25}},"55":{"start":{"line":109,"column":2},"end":{"line":112,"column":3}},"56":{"start":{"line":110,"column":4},"end":{"line":110,"column":23}},"57":{"start":{"line":111,"column":4},"end":{"line":111,"column":16}},"58":{"start":{"line":114,"column":2},"end":{"line":114,"column":60}},"59":{"start":{"line":116,"column":2},"end":{"line":116,"column":70}},"60":{"start":{"line":117,"column":2},"end":{"line":119,"column":4}},"61":{"start":{"line":118,"column":4},"end":{"line":118,"column":76}},"62":{"start":{"line":121,"column":2},"end":{"line":121,"column":70}},"63":{"start":{"line":122,"column":2},"end":{"line":122,"column":25}},"64":{"start":{"line":123,"column":2},"end":{"line":123,"column":35}},"65":{"start":{"line":124,"column":2},"end":{"line":124,"column":17}},"66":{"start":{"line":127,"column":0},"end":{"line":138,"column":1}},"67":{"start":{"line":128,"column":2},"end":{"line":128,"column":18}},"68":{"start":{"line":129,"column":2},"end":{"line":131,"column":3}},"69":{"start":{"line":130,"column":4},"end":{"line":130,"column":31}},"70":{"start":{"line":132,"column":2},"end":{"line":134,"column":3}},"71":{"start":{"line":133,"column":4},"end":{"line":133,"column":39}},"72":{"start":{"line":136,"column":2},"end":{"line":136,"column":24}},"73":{"start":{"line":137,"column":2},"end":{"line":137,"column":34}},"74":{"start":{"line":142,"column":0},"end":{"line":142,"column":24}},"75":{"start":{"line":143,"column":0},"end":{"line":143,"column":38}},"76":{"start":{"line":144,"column":0},"end":{"line":144,"column":31}},"77":{"start":{"line":147,"column":0},"end":{"line":155,"column":2}},"78":{"start":{"line":150,"column":4},"end":{"line":150,"column":32}},"79":{"start":{"line":153,"column":4},"end":{"line":153,"column":33}}},"branchMap":{"1":{"line":25,"type":"if","locations":[{"start":{"line":25,"column":2},"end":{"line":25,"column":2}},{"start":{"line":25,"column":2},"end":{"line":25,"column":2}}]},"2":{"line":30,"type":"if","locations":[{"start":{"line":30,"column":2},"end":{"line":30,"column":2}},{"start":{"line":30,"column":2},"end":{"line":30,"column":2}}]},"3":{"line":32,"type":"if","locations":[{"start":{"line":32,"column":9},"end":{"line":32,"column":9}},{"start":{"line":32,"column":9},"end":{"line":32,"column":9}}]},"4":{"line":38,"type":"binary-expr","locations":[{"start":{"line":38,"column":20},"end":{"line":38,"column":28}},{"start":{"line":38,"column":32},"end":{"line":38,"column":47}}]},"5":{"line":43,"type":"if","locations":[{"start":{"line":43,"column":2},"end":{"line":43,"column":2}},{"start":{"line":43,"column":2},"end":{"line":43,"column":2}}]},"6":{"line":49,"type":"if","locations":[{"start":{"line":49,"column":2},"end":{"line":49,"column":2}},{"start":{"line":49,"column":2},"end":{"line":49,"column":2}}]},"7":{"line":49,"type":"binary-expr","locations":[{"start":{"line":49,"column":6},"end":{"line":49,"column":30}},{"start":{"line":49,"column":34},"end":{"line":49,"column":63}}]},"8":{"line":90,"type":"binary-expr","locations":[{"start":{"line":90,"column":18},"end":{"line":90,"column":29}},{"start":{"line":90,"column":33},"end":{"line":90,"column":45}}]},"9":{"line":92,"type":"if","locations":[{"start":{"line":92,"column":4},"end":{"line":92,"column":4}},{"start":{"line":92,"column":4},"end":{"line":92,"column":4}}]},"10":{"line":96,"type":"if","locations":[{"start":{"line":96,"column":4},"end":{"line":96,"column":4}},{"start":{"line":96,"column":4},"end":{"line":96,"column":4}}]},"11":{"line":107,"type":"binary-expr","locations":[{"start":{"line":107,"column":12},"end":{"line":107,"column":19}},{"start":{"line":107,"column":23},"end":{"line":107,"column":25}}]},"12":{"line":109,"type":"if","locations":[{"start":{"line":109,"column":2},"end":{"line":109,"column":2}},{"start":{"line":109,"column":2},"end":{"line":109,"column":2}}]},"13":{"line":129,"type":"if","locations":[{"start":{"line":129,"column":2},"end":{"line":129,"column":2}},{"start":{"line":129,"column":2},"end":{"line":129,"column":2}}]},"14":{"line":132,"type":"if","locations":[{"start":{"line":132,"column":2},"end":{"line":132,"column":2}},{"start":{"line":132,"column":2},"end":{"line":132,"column":2}}]}},"code":["// Copyright 2010-2012 Mikeal Rogers","//","//    Licensed under the Apache License, Version 2.0 (the \"License\");","//    you may not use this file except in compliance with the License.","//    You may obtain a copy of the License at","//","//        http://www.apache.org/licenses/LICENSE-2.0","//","//    Unless required by applicable law or agreed to in writing, software","//    distributed under the License is distributed on an \"AS IS\" BASIS,","//    WITHOUT WARRANTIES OR CONDITIONS OF ANY KIND, either express or implied.","//    See the License for the specific language governing permissions and","//    limitations under the License.","","'use strict'","","var extend = require('extend')","var cookies = require('./lib/cookies')","var helpers = require('./lib/helpers')","","var paramsHaveRequestBody = helpers.paramsHaveRequestBody","","// organize params for patch, post, put, head, del","function initParams (uri, options, callback) {","  if (typeof options === 'function') {","    callback = options","  }","","  var params = {}","  if (typeof options === 'object') {","    extend(params, options, {uri: uri})","  } else if (typeof uri === 'string') {","    extend(params, {uri: uri})","  } else {","    extend(params, uri)","  }","","  params.callback = callback || params.callback","  return params","}","","function request (uri, options, callback) {","  if (typeof uri === 'undefined') {","    throw new Error('undefined is not a valid uri or options object.')","  }","","  var params = initParams(uri, options, callback)","","  if (params.method === 'HEAD' && paramsHaveRequestBody(params)) {","    throw new Error('HTTP HEAD requests MUST NOT include a request body.')","  }","","  return new request.Request(params)","}","","function verbFunc (verb) {","  var method = verb.toUpperCase()","  return function (uri, options, callback) {","    var params = initParams(uri, options, callback)","    params.method = method","    return request(params, params.callback)","  }","}","","// define like this to please codeintel/intellisense IDEs","request.get = verbFunc('get')","request.head = verbFunc('head')","request.options = verbFunc('options')","request.post = verbFunc('post')","request.put = verbFunc('put')","request.patch = verbFunc('patch')","request.del = verbFunc('delete')","request['delete'] = verbFunc('delete')","","request.jar = function (store) {","  return cookies.jar(store)","}","","request.cookie = function (str) {","  return cookies.parse(str)","}","","function wrapRequestMethod (method, options, requester, verb) {","  return function (uri, opts, callback) {","    var params = initParams(uri, opts, callback)","","    var target = {}","    extend(true, target, options, params)","","    target.pool = params.pool || options.pool","","    if (verb) {","      target.method = verb.toUpperCase()","    }","","    if (typeof requester === 'function') {","      method = requester","    }","","    return method(target, target.callback)","  }","}","","request.defaults = function (options, requester) {","  var self = this","","  options = options || {}","","  if (typeof options === 'function') {","    requester = options","    options = {}","  }","","  var defaults = wrapRequestMethod(self, options, requester)","","  var verbs = ['get', 'head', 'post', 'put', 'patch', 'del', 'delete']","  verbs.forEach(function (verb) {","    defaults[verb] = wrapRequestMethod(self[verb], options, requester, verb)","  })","","  defaults.cookie = wrapRequestMethod(self.cookie, options, requester)","  defaults.jar = self.jar","  defaults.defaults = self.defaults","  return defaults","}","","request.forever = function (agentOptions, optionsArg) {","  var options = {}","  if (optionsArg) {","    extend(options, optionsArg)","  }","  if (agentOptions) {","    options.agentOptions = agentOptions","  }","","  options.forever = true","  return request.defaults(options)","}","","// Exports","","module.exports = request","request.Request = require('./request')","request.initParams = initParams","","// Backwards compatibility for request.debug","Object.defineProperty(request, 'debug', {","  enumerable: true,","  get: function () {","    return request.Request.debug","  },","  set: function (debug) {","    request.Request.debug = debug","  }","})",""],"l":{"17":2,"18":2,"19":2,"21":2,"24":1,"25":0,"26":0,"29":0,"30":0,"31":0,"32":0,"33":0,"35":0,"38":0,"39":0,"42":1,"43":0,"44":0,"47":0,"49":0,"50":0,"53":0,"56":1,"57":16,"58":16,"59":0,"60":0,"61":0,"66":2,"67":2,"68":2,"69":2,"70":2,"71":2,"72":2,"73":2,"75":2,"76":0,"79":2,"80":0,"83":1,"84":0,"85":0,"87":0,"88":0,"90":0,"92":0,"93":0,"96":0,"97":0,"100":0,"104":2,"105":0,"107":0,"109":0,"110":0,"111":0,"114":0,"116":0,"117":0,"118":0,"121":0,"122":0,"123":0,"124":0,"127":2,"128":0,"129":0,"130":0,"132":0,"133":0,"136":0,"137":0,"142":2,"143":2,"144":0,"147":0,"150":0,"153":0}},"/home/travis/build/npmtest/node-npmtest-request/node_modules/request/lib/cookies.js":{"path":"/home/travis/build/npmtest/node-npmtest-request/node_modules/request/lib/cookies.js","s":{"1":1,"2":1,"3":1,"4":1,"5":0,"6":0,"7":0,"8":0,"9":0,"10":1,"11":0,"12":0,"13":1,"14":0,"15":0,"16":1,"17":0,"18":0,"19":1,"20":0,"21":0,"22":1,"23":0},"b":{"1":[0,0],"2":[0,0],"3":[0,0],"4":[0,0]},"f":{"1":0,"2":0,"3":0,"4":0,"5":0,"6":0},"fnMap":{"1":{"name":"(anonymous_1)","line":8,"loc":{"start":{"line":8,"column":16},"end":{"line":8,"column":31}}},"2":{"name":"RequestJar","line":19,"loc":{"start":{"line":19,"column":0},"end":{"line":19,"column":28}}},"3":{"name":"(anonymous_3)","line":23,"loc":{"start":{"line":23,"column":33},"end":{"line":23,"column":70}}},"4":{"name":"(anonymous_4)","line":27,"loc":{"start":{"line":27,"column":39},"end":{"line":27,"column":54}}},"5":{"name":"(anonymous_5)","line":31,"loc":{"start":{"line":31,"column":34},"end":{"line":31,"column":49}}},"6":{"name":"(anonymous_6)","line":36,"loc":{"start":{"line":36,"column":14},"end":{"line":36,"column":31}}}},"statementMap":{"1":{"start":{"line":3,"column":0},"end":{"line":3,"column":35}},"2":{"start":{"line":5,"column":0},"end":{"line":5,"column":25}},"3":{"start":{"line":6,"column":0},"end":{"line":6,"column":31}},"4":{"start":{"line":8,"column":0},"end":{"line":16,"column":1}},"5":{"start":{"line":9,"column":2},"end":{"line":11,"column":3}},"6":{"start":{"line":10,"column":4},"end":{"line":10,"column":17}},"7":{"start":{"line":12,"column":2},"end":{"line":14,"column":3}},"8":{"start":{"line":13,"column":4},"end":{"line":13,"column":71}},"9":{"start":{"line":15,"column":2},"end":{"line":15,"column":41}},"10":{"start":{"line":19,"column":0},"end":{"line":22,"column":1}},"11":{"start":{"line":20,"column":2},"end":{"line":20,"column":17}},"12":{"start":{"line":21,"column":2},"end":{"line":21,"column":53}},"13":{"start":{"line":23,"column":0},"end":{"line":26,"column":1}},"14":{"start":{"line":24,"column":2},"end":{"line":24,"column":17}},"15":{"start":{"line":25,"column":2},"end":{"line":25,"column":65}},"16":{"start":{"line":27,"column":0},"end":{"line":30,"column":1}},"17":{"start":{"line":28,"column":2},"end":{"line":28,"column":17}},"18":{"start":{"line":29,"column":2},"end":{"line":29,"column":43}},"19":{"start":{"line":31,"column":0},"end":{"line":34,"column":1}},"20":{"start":{"line":32,"column":2},"end":{"line":32,"column":17}},"21":{"start":{"line":33,"column":2},"end":{"line":33,"column":38}},"22":{"start":{"line":36,"column":0},"end":{"line":38,"column":1}},"23":{"start":{"line":37,"column":2},"end":{"line":37,"column":30}}},"branchMap":{"1":{"line":9,"type":"if","locations":[{"start":{"line":9,"column":2},"end":{"line":9,"column":2}},{"start":{"line":9,"column":2},"end":{"line":9,"column":2}}]},"2":{"line":9,"type":"binary-expr","locations":[{"start":{"line":9,"column":6},"end":{"line":9,"column":9}},{"start":{"line":9,"column":13},"end":{"line":9,"column":20}}]},"3":{"line":12,"type":"if","locations":[{"start":{"line":12,"column":2},"end":{"line":12,"column":2}},{"start":{"line":12,"column":2},"end":{"line":12,"column":2}}]},"4":{"line":25,"type":"binary-expr","locations":[{"start":{"line":25,"column":51},"end":{"line":25,"column":58}},{"start":{"line":25,"column":62},"end":{"line":25,"column":64}}]}},"code":["'use strict'","","var tough = require('tough-cookie')","","var Cookie = tough.Cookie","var CookieJar = tough.CookieJar","","exports.parse = function (str) {","  if (str && str.uri) {","    str = str.uri","  }","  if (typeof str !== 'string') {","    throw new Error('The cookie function only accepts STRING as param')","  }","  return Cookie.parse(str, {loose: true})","}","","// Adapt the sometimes-Async api of tough.CookieJar to our requirements","function RequestJar (store) {","  var self = this","  self._jar = new CookieJar(store, {looseMode: true})","}","RequestJar.prototype.setCookie = function (cookieOrStr, uri, options) {","  var self = this","  return self._jar.setCookieSync(cookieOrStr, uri, options || {})","}","RequestJar.prototype.getCookieString = function (uri) {","  var self = this","  return self._jar.getCookieStringSync(uri)","}","RequestJar.prototype.getCookies = function (uri) {","  var self = this","  return self._jar.getCookiesSync(uri)","}","","exports.jar = function (store) {","  return new RequestJar(store)","}",""],"l":{"3":1,"5":1,"6":1,"8":1,"9":0,"10":0,"12":0,"13":0,"15":0,"19":1,"20":0,"21":0,"23":1,"24":0,"25":0,"27":1,"28":0,"29":0,"31":1,"32":0,"33":0,"36":1,"37":0}},"/home/travis/build/npmtest/node-npmtest-request/node_modules/request/lib/helpers.js":{"path":"/home/travis/build/npmtest/node-npmtest-request/node_modules/request/lib/helpers.js","s":{"1":1,"2":1,"3":1,"4":1,"5":1,"6":0,"7":1,"8":0,"9":0,"10":0,"11":0,"12":0,"13":1,"14":0,"15":1,"16":0,"17":1,"18":0,"19":1,"20":0,"21":0,"22":0,"23":0,"24":1,"25":0,"26":0,"27":1,"28":1,"29":1,"30":1,"31":1,"32":1,"33":1,"34":1},"b":{"1":[0,1],"2":[0,0,0,0,0],"3":[0,0,0],"4":[0,0]},"f":{"1":0,"2":0,"3":0,"4":0,"5":0,"6":0,"7":0,"8":0},"fnMap":{"1":{"name":"paramsHaveRequestBody","line":11,"loc":{"start":{"line":11,"column":0},"end":{"line":11,"column":40}}},"2":{"name":"safeStringify","line":20,"loc":{"start":{"line":20,"column":0},"end":{"line":20,"column":39}}},"3":{"name":"md5","line":30,"loc":{"start":{"line":30,"column":0},"end":{"line":30,"column":19}}},"4":{"name":"isReadStream","line":34,"loc":{"start":{"line":34,"column":0},"end":{"line":34,"column":27}}},"5":{"name":"toBase64","line":38,"loc":{"start":{"line":38,"column":0},"end":{"line":38,"column":24}}},"6":{"name":"copy","line":42,"loc":{"start":{"line":42,"column":0},"end":{"line":42,"column":20}}},"7":{"name":"(anonymous_7)","line":44,"loc":{"start":{"line":44,"column":27},"end":{"line":44,"column":40}}},"8":{"name":"version","line":50,"loc":{"start":{"line":50,"column":0},"end":{"line":50,"column":20}}}},"statementMap":{"1":{"start":{"line":3,"column":0},"end":{"line":3,"column":54}},"2":{"start":{"line":4,"column":0},"end":{"line":4,"column":30}},"3":{"start":{"line":5,"column":0},"end":{"line":5,"column":42}},"4":{"start":{"line":7,"column":0},"end":{"line":9,"column":16}},"5":{"start":{"line":11,"column":0},"end":{"line":18,"column":1}},"6":{"start":{"line":12,"column":2},"end":{"line":17,"column":3}},"7":{"start":{"line":20,"column":0},"end":{"line":28,"column":1}},"8":{"start":{"line":21,"column":2},"end":{"line":21,"column":9}},"9":{"start":{"line":22,"column":2},"end":{"line":26,"column":3}},"10":{"start":{"line":23,"column":4},"end":{"line":23,"column":39}},"11":{"start":{"line":25,"column":4},"end":{"line":25,"column":42}},"12":{"start":{"line":27,"column":2},"end":{"line":27,"column":12}},"13":{"start":{"line":30,"column":0},"end":{"line":32,"column":1}},"14":{"start":{"line":31,"column":2},"end":{"line":31,"column":59}},"15":{"start":{"line":34,"column":0},"end":{"line":36,"column":1}},"16":{"start":{"line":35,"column":2},"end":{"line":35,"column":42}},"17":{"start":{"line":38,"column":0},"end":{"line":40,"column":1}},"18":{"start":{"line":39,"column":2},"end":{"line":39,"column":58}},"19":{"start":{"line":42,"column":0},"end":{"line":48,"column":1}},"20":{"start":{"line":43,"column":2},"end":{"line":43,"column":12}},"21":{"start":{"line":44,"column":2},"end":{"line":46,"column":4}},"22":{"start":{"line":45,"column":4},"end":{"line":45,"column":17}},"23":{"start":{"line":47,"column":2},"end":{"line":47,"column":10}},"24":{"start":{"line":50,"column":0},"end":{"line":57,"column":1}},"25":{"start":{"line":51,"column":2},"end":{"line":51,"column":59}},"26":{"start":{"line":52,"column":2},"end":{"line":56,"column":3}},"27":{"start":{"line":59,"column":0},"end":{"line":59,"column":53}},"28":{"start":{"line":60,"column":0},"end":{"line":60,"column":37}},"29":{"start":{"line":61,"column":0},"end":{"line":61,"column":17}},"30":{"start":{"line":62,"column":0},"end":{"line":62,"column":35}},"31":{"start":{"line":63,"column":0},"end":{"line":63,"column":27}},"32":{"start":{"line":64,"column":0},"end":{"line":64,"column":19}},"33":{"start":{"line":65,"column":0},"end":{"line":65,"column":25}},"34":{"start":{"line":66,"column":0},"end":{"line":66,"column":21}}},"branchMap":{"1":{"line":7,"type":"cond-expr","locations":[{"start":{"line":8,"column":4},"end":{"line":8,"column":20}},{"start":{"line":9,"column":4},"end":{"line":9,"column":16}}]},"2":{"line":13,"type":"binary-expr","locations":[{"start":{"line":13,"column":4},"end":{"line":13,"column":15}},{"start":{"line":14,"column":4},"end":{"line":14,"column":28}},{"start":{"line":15,"column":5},"end":{"line":15,"column":16}},{"start":{"line":15,"column":20},"end":{"line":15,"column":52}},{"start":{"line":16,"column":4},"end":{"line":16,"column":20}}]},"3":{"line":35,"type":"binary-expr","locations":[{"start":{"line":35,"column":9},"end":{"line":35,"co
[...]
"  this.redirectsFollowed = 0","  this.removeRefererHeader = false","}","","Redirect.prototype.onRequest = function (options) {","  var self = this","","  if (options.maxRedirects !== undefined) {","    self.maxRedirects = options.maxRedirects","  }","  if (typeof options.followRedirect === 'function') {","    self.allowRedirect = options.followRedirect","  }","  if (options.followRedirect !== undefined) {","    self.followRedirects = !!options.followRedirect","  }","  if (options.followAllRedirects !== undefined) {","    self.followAllRedirects = options.followAllRedirects","  }","  if (self.followRedirects || self.followAllRedirects) {","    self.redirects = self.redirects || []","  }","  if (options.removeRefererHeader !== undefined) {","    self.removeRefererHeader = options.removeRefererHeader","  }","  if (options.followOriginalHttpMethod !== undefined) {","    self.followOriginalHttpMethod = options.followOriginalHttpMethod","  }","}","","Redirect.prototype.redirectTo = function (response) {","  var self = this","  var request = self.request","","  var redirectTo = null","  if (response.statusCode >= 300 && response.statusCode < 400 && response.caseless.has('location')) {","    var location = response.caseless.get('location')","    request.debug('redirect', location)","","    if (self.followAllRedirects) {","      redirectTo = location","    } else if (self.followRedirects) {","      switch (request.method) {","        case 'PATCH':","        case 'PUT':","        case 'POST':","        case 'DELETE':","          // Do not follow redirects","          break","        default:","          redirectTo = location","          break","      }","    }","  } else if (response.statusCode === 401) {","    var authHeader = request._auth.onResponse(response)","    if (authHeader) {","      request.setHeader('authorization', authHeader)","      redirectTo = request.uri","    }","  }","  return redirectTo","}","","Redirect.prototype.onResponse = function (response) {","  var self = this","  var request = self.request","","  var redirectTo = self.redirectTo(response)","  if (!redirectTo || !self.allowRedirect.call(request, response)) {","    return false","  }","","  request.debug('redirect to', redirectTo)","","  // ignore any potential response body.  it cannot possibly be useful","  // to us at this point.","  // response.resume should be defined, but check anyway before calling. Workaround for browserify.","  if (response.resume) {","    response.resume()","  }","","  if (self.redirectsFollowed >= self.maxRedirects) {","    request.emit('error', new Error('Exceeded maxRedirects. Probably stuck in a redirect loop ' + request.uri.href))","    return false","  }","  self.redirectsFollowed += 1","","  if (!isUrl.test(redirectTo)) {","    redirectTo = url.resolve(request.uri.href, redirectTo)","  }","","  var uriPrev = request.uri","  request.uri = url.parse(redirectTo)","","  // handle the case where we change protocol from https to http or vice versa","  if (request.uri.protocol !== uriPrev.protocol) {","    delete request.agent","  }","","  self.redirects.push({ statusCode: response.statusCode, redirectUri: redirectTo })","","  if (self.followAllRedirects && request.method !== 'HEAD' &&","    response.statusCode !== 401 && response.statusCode !== 307) {","    request.method = self.followOriginalHttpMethod ? request.method : 'GET'","  }","  // request.method = 'GET' // Force all redirects to use GET || commented out fixes #215","  delete request.src","  delete request.req","  delete request._started","  if (response.statusCode !== 401 && response.statusCode !== 307) {","    // Remove parameters from the previous response, unless this is the second request","    // for a server that requires digest authentication.","    delete request.body","    delete request._form","    if (request.headers) {","      request.removeHeader('host')","      request.removeHeader('content-type')","      request.removeHeader('content-length')","      if (request.uri.hostname !== request.originalHost.split(':')[0]) {","        // Remove authorization if changing hostnames (but not if just","        // changing ports or protocols).  This matches the behavior of curl:","        // https://github.com/bagder/curl/blob/6beb0eee/lib/http.c#L710","        request.removeHeader('authorization')","      }","    }","  }","","  if (!self.removeRefererHeader) {","    request.setHeader('referer', uriPrev.href)","  }","","  request.emit('redirect')","","  request.init()","","  return true","}","","exports.Redirect = Redirect",""],"l":{"3":1,"4":1,"6":1,"7":0,"8":0,"9":0,"10":0,"11":0,"12":0,"13":0,"14":0,"15":0,"16":0,"19":1,"20":0,"22":0,"23":0,"25":0,"26":0,"28":0,"29":0,"31":0,"32":0,"34":0,"35":0,"37":0,"38":0,"40":0,"41":0,"45":1,"46":0,"47":0,"49":0,"50":0,"51":0,"52":0,"54":0,"55":0,"56":0,"57":0,"63":0,"65":0,"66":0,"69":0,"70":0,"71":0,"72":0,"73":0,"76":0,"79":1,"80":0,"81":0,"83":0,"84":0,"85":0,"88":0,"93":0,"94":0,"97":0,"98":0,"99":0,"101":0,"103":0,"104":0,"107":0,"108":0,"111":0,"112":0,"115":0,"117":0,"119":0,"122":0,"123":0,"124":0,"125":0,"128":0,"129":0,"130":0,"131":0,"132":0,"133":0,"134":0,"138":0,"143":0,"144":0,"147":0,"149":0,"151":0,"154":1}},"/home/travis/build/npmtest/node-npmtest-request/node_modules/request/lib/tunnel.js":{"path":"/home/travis/build/npmtest/node-npmtest-request/node_modules/request/lib/tunnel.js","s":{"1":1,"2":1,"3":1,"4":1,"5":1,"6":0,"7":0,"8":0,"9":0,"10":0,"11":0,"12":0,"13":0,"14":0,"15":1,"16":0,"17":0,"18":0,"19":0,"20":0,"21":0,"22":0,"23":1,"24":0,"25":0,"26":0,"27":1,"28":0,"29":0,"30":0,"31":1,"32":0,"33":0,"34":0,"35":0,"36":1,"37":0,"38":0,"39":0,"40":0,"41":0,"42":1,"43":0,"44":0,"45":0,"46":0,"47":0,"48":0,"49":0,"50":1,"51":0,"52":0,"53":0,"54":0,"55":0,"56":0,"57":0,"58":0,"59":0,"60":0,"61":0,"62":0,"63":0,"64":0,"65":0,"66":0,"67":0,"68":0,"69":0,"70":0,"71":1,"72":1,"73":1},"b":{"1":[0,0],"2":[0,0],"3":[0,0],"4":[0,0],"5":[0,0],"6":[0,0],"7":[0,0],"8":[0,0],"9":[0,0],"10":[0,0],"11":[0,0],"12":[0,0],"13":[0,0]},"f":{"1":0,"2":0,"3":0,"4":0,"5":0,"6":0,"7":0,"8":0,"9":0,"10":0,"11":0},"fnMap":{"1":{"name":"constructProxyHost","line":34,"loc":{"start":{"line":34,"column":0},"end":{"line":34,"column":40}}},"2":{"name":"constructProxyHeaderWhiteList","line":50,"loc":{"start":{"line":50,"column":0},"end":{"line":50,"column":71}}},"3":{"name":"(anonymous_3)","line":52,"loc":{"start":{"line":52,"column":12},"end":{"line":52,"column":35}}},"4":{"name":"(anonymous_4)","line":58,"loc":{"start":{"line":58,"column":12},"end":{"line":58,"column":30}}},"5":{"name":"(anonymous_5)","line":61,"loc":{"start":{"line":61,"column":12},"end":{"line":61,"column":35}}},"6":{"name":"constructTunnelOptions","line":67,"loc":{"start":{"line":67,"column":0},"end":{"line":67,"column":56}}},"7":{"name":"constructTunnelFnName","line":92,"loc":{"start":{"line":92,"column":0},"end":{"line":92,"column":44}}},"8":{"name":"getTunnelFn","line":98,"loc":{"start":{"line":98,"column":0},"end":{"line":98,"column":31}}},"9":{"name":"Tunnel","line":105,"loc":{"start":{"line":105,"column":0},"end":{"line":105,"column":26}}},"10":{"name":"(anonymous_10)","line":114,"loc":{"start":{"line":114,"column":29},"end":{"line":114,"column":41}}},"11":{"name":"(anonymous_11)","line":133,"loc":{"start":{"line":133,"column":25},"end":{"line":133,"column":44}}}},"statementMap":{"1":{"start":{"line":3,"column":0},"end":{"line":3,"column":24}},"2":{"start":{"line":4,"column":0},"end":{"line":4,"column":36}},"3":{"start":{"line":6,"column":0},"end":{"line":28,"column":1}},"4":{"start":{"line":30,"column":0},"end":{"line":32,"column":1}},"5":{"start":{"line":34,"column":0},"end":{"line":48,"column":1}},"6":{"start":{"line":35,"column":2},"end":{"line":35,"column":27}},"7":{"start":{"line":36,"column":2},"end":{"line":36,"column":35}},"8":{"start":{"line":37,"column":2},"end":{"line":37,"column":42}},"9":{"start":{"line":39,"column":2},"end":{"line":45,"column":3}},"10":{"start":{"line":40,"column":4},"end":{"line":40,"column":21}},"11":{"start":{"line":41,"column":9},"end":{"line":45,"column":3}},"12":{"start":{"line":42,"column":4},"end":{"line":42,"column":22}},"13":{"start":{"line":44,"column":4},"end":{"line":44,"column":21}},"14":{"start":{"line":47,"column":2},"end":{"line":47,"column":18}},"15":{"start":{"line":50,"column":0},"end":{"line":65,"column":1}},"16":{"start":{"line":51,"column":2},"end":{"line":55,"column":10}},"17":{"start":{"line":53,"column":6},"end":{"line":53,"column":38}},"18":{"start":{"line":54,"column":6},"end":{"line":54,"column":16}},"19":{"start":{"line":57,"column":2},"end":{"line":64,"column":10}},"20":{"start":{"line":59,"column":6},"end":{"line":59,"column":44}},"21":{"start":{"line":62,"column":6},"end":{"line":62,"column":35}},"22":{"start":{"line":63,"column":6},"end":{"line":63,"column":16}},"23":{"start":{"line":67,"column":0},"end":{"line":90,"column":1}},"24":{"start":{"line":68,"column":2},"end":{"line":68,"column":27}},"25":{"start":{"line":70,"column":2},"end":{"line":87,"column":3}},"26":{"start":{"line":89,"column":2},"end":{"line":89,"column":22}},"27":{"start":{"line":92,"column":0},"end":{"line":96,"column":1}},"28":{"start":{"line":93,"column":2},"end":{"line":93,"column":66}},"29":{"start":{"line":94,"column":2},"end":{"line":94,"column":70}},"30":{"start":{"line":95,"column":2},"end":{"line":95,"column":50}},"31":{"start":{"line":98,"column":0},"end":{"line":103,"column":1}},"32":{"start":{"line":99,"column":2},"end":{"line":99,"column":23}},"33":{"start":{"line":100,"column":2},"end":{"line":100,"column":27}},"34":{"start":{"line":101,"column":2},"end":{"line":101,"column":54}},"35":{"start":{"line":102,"column":2},"end":{"line":102,"column":29}},"36":{"start":{"line":105,"column":0},"end":{"line":112,"column":1}},"37":{"start":{"line":106,"column":2},"end":{"line":106,"column":24}},"38":{"start":{"line":107,"column":2},"end":{"line":107,"column":57}},"39":{"start":{"line":108,"column":2},"end":{"line":108,"column":36}},"40":{"start":{"line":109,"column":2},"end":{"line":111,"column":3}},"41":{"start":{"line":110,"column":4},"end":{"line":110,"column":40}},"42":{"start":{"line":114,"column":0},"end":{"line":131,"column":1}},"43":{"start":{"line":115,"column":2},"end":{"line":115,"column":17}},"44":{"start":{"line":116,"column":2},"end":{"line":116,"column":28}},"45":{"start":{"line":120,"column":2},"end":{"line":122,"column":3}},"46":{"start":{"line":121,"column":4},"end":{"line":121,"column":30}},"47":{"start":{"line":125,"column":2},"end":{"line":127,"column":3}},"48":{"start":{"line":126,"column":4},"end":{"line":126,"column":15}},"49":{"start":{"line":130,"column":2},"end":{"line":130,"column":14}},"50":{"start":{"line":133,"column":0},"end":{"line":171,"column":1}},"51":{"start":{"line":134,"column":2},"end":{"line":134,"column":17}},"52":{"start":{"line":135,"column":2},"end":{"line":135,"column":28}},"53":{"start":{"line":137,"column":2},"end":{"line":137,"column":25}},"54":{"start":{"line":139,"column":2},"end":{"line":141,"column":3}},"55":{"start":{"line":140,"column":4},"end":{"line":140,"column":44}},"56":{"start":{"line":143,"column":2},"end":{"line":145,"column":3}},"57":{"start":{"line":144,"column":4},"end":{"line":144,"column":16}},"58":{"start":{"line":148,"column":2},"end":{"line":150,"column":3}},"59":{"start":{"line":149,"column":4},"end":{"line":149,"column":60}},"60":{"start":{"line":151,"column":2},"end":{"line":153,"column":3}},"61":{"start":{"line":152,"column":4},"end":{"line":152,"column":68}},"62":{"start":{"line":155,"column":2},"end":{"line":155,"column":102}},"63":{"start":{"line":156,"column":2},"end":{"line":156,"column":87}},"64":{"start":{"line":160,"column":2},"end":{"line":160,"column":89}},"65":{"start":{"line":161,"column":2},"end":{"line":161,"column":53}},"66":{"start":{"line":163,"column":2},"end":{"line":163,"column":65}},"67":{"start":{"line":166,"column":2},"end":{"line":166,"column":37}},"68":{"start":{"line":167,"column":2},"end":{"line":167,"column":67}},"69":{"start":{"line":168,"column":2},"end":{"line":168,"column":41}},"70":{"start":{"line":170,"column":2},"end":{"line":170,"column":13}},"71":{"start":{"line":173,"column":0},"end":{"line":173,"column":64}},"72":{"start":{"line":174,"column":0},"end":{"line":174,"column":72}},"73":{"start":{"line":175,"column":0},"end":{"line":175,"column":23}}},"branchMap":{"1":{"line":39,"type":"if","locations":[{"start":{"line":39,"column":2},"end":{"line":39,"column":2}},{"start":{"line":39,"column":2},"end":{"line":39,"column":2}}]},"2":{"line":41,"type":"if","locations":[{"start":{"line":41,"column":9},"end":{"line":41,"column":9}},{"start":{"line":41,"column":9},"end":{"line":41,"column":9}}]},"3":{"line":93,"type":"cond-expr","locations":[{"start":{"line":93,"column":49},"end":{"line":93,"column":56}},{"start":{"line":93,"column":59},"end":{"line":93,"column":65}}]},"4":{"line":94,"type":"cond-expr","locations":[{"start":{"line":94,"column":53},"end":{"line":94,"column":60}},{"start":{"line":94,"column":63},"end":{"line":94,"column":69}}]},"5":{"line":109,"type":"if","locations":[{"start":{"line":109,"column":2},"end":{"line":109,"column":2}},{"start":{"line":109,"column":2},"end":{"line":109,"column":2}}]},"6":{"line":120,"type":"if","locations":[{"start":{"line":120,"column":2},"end":{"line":120,"column":2}},{"start":{"line":120,"column":2},"end":{"line":120,"column":2}}]},"7":{"line":125,"type":"if","locations":[{"start":{"line":125,"column":2},"end":{"line":125,"column":2}},{"start":{"line":125,"column":2},"end":{"line":125,"column":2}}]},"8":{"line":137,"type":"binary-expr","locations":[{"start":{"line":137,"column":12},"end":{"line":137,"column":19}},{"start":{"line":137,"column":23},"end":{"line":137,"column":25}}]},"9":{"line":139,"type":"if","locations":[{"start":{"line":139,"column":2},"end":{"line":139,"column":2}},{"start":{"line":139,"column":2},"end":{"line":139,"column":2}}]},"10":{"line":143,"type":"if","locations":[{"start":{"line":143,"column":2},"end":{"line":143,"column":2}},{"start":{"line":143,"column":2},"end":{"line":143,"column":2}}]},"11":{"line":143,"type":"binary-expr","locations":[{"start":{"line":143,"column":6},"end":{"line":143,"column":20}},{"start":{"line":143,"column":24},"end":{"line":143,"column":39}}]},"12":{"line":148,"type":"if","locations":[{"start":{"line":148,"column":2},"end":{"line":148,"column":2}},{"start":{"line":148,"column":2},"end":{"line":148,"column":2}}]},"13":{"line":151,"type":"if","locations":[{"start":{"line":151,"column":2},"end":{"line":151,"column":2}},{"start":{"line":151,"column":2},"end":{"line":151,"column":2}}]}},"code":["'use strict'","","var url = require('url')","var tunnel = require('tunnel-agent')","","var defaultProxyHeaderWhiteList = [","  'accept',","  'accept-charset',","  'accept-encoding',","  'accept-language',","  'accept-ranges',","  'cache-control',","  'content-encoding',","  'content-language',","  'content-location',","  'content-md5',","  'content-range',","  'content-type',","  'connection',","  'date',","  'expect',","  'max-forwards',","  'pragma',","  'referer',","  'te',","  'user-agent',","  'via'","]","","var defaultProxyHeaderExclusiveList = [","  'proxy-authorization'","]","","function constructProxyHost (uriObject) {","  var port = uriObject.port","  var protocol = uriObject.protocol","  var proxyHost = uriObject.hostname + ':'","","  if (port) {","    proxyHost += port","  } else if (protocol === 'https:') {","    proxyHost += '443'","  } else {","    proxyHost += '80'","  }","","  return proxyHost","}","","function constructProxyHeaderWhiteList (headers, proxyHeaderWhiteList) {","  var whiteList = proxyHeaderWhiteList","    .reduce(function (set, header) {","      set[header.toLowerCase()] = true","      return set","    }, {})","","  return Object.keys(headers)","    .filter(function (header) {","      return whiteList[header.toLowerCase()]","    })","    .reduce(function (set, header) {","      set[header] = headers[header]","      return set","    }, {})","}","","function constructTunnelOptions (request, proxyHeaders) {","  var proxy = request.proxy","","  var tunnelOptions = {","    proxy: {","      host: proxy.hostname,","      port: +proxy.port,","      proxyAuth: proxy.auth,","      headers: proxyHeaders","    },","    headers: request.headers,","    ca: request.ca,","    cert: request.cert,","    key: request.key,","    passphrase: request.passphrase,","    pfx: request.pfx,","    ciphers: request.ciphers,","    rejectUnauthorized: request.rejectUnauthorized,","    secureOptions: request.secureOptions,","    secureProtocol: request.secureProtocol","  }","","  return tunnelOptions","}","","function constructTunnelFnName (uri, proxy) {","  var uriProtocol = (uri.protocol === 'https:' ? 'https' : 'http')","  var proxyProtocol = (proxy.protocol === 'https:' ? 'Https' : 'Http')","  return [uriProtocol, proxyProtocol].join('Over')","}","","function getTunnelFn (request) {","  var uri = request.uri","  var proxy = request.proxy","  var tunnelFnName = constructTunnelFnName(uri, proxy)","  return tunnel[tunnelFnName]","}","","function Tunnel (request) {","  this.request = request","  this.proxyHeaderWhiteList = defaultProxyHeaderWhiteList","  this.proxyHeaderExclusiveList = []","  if (typeof request.tunnel !== 'undefined') {","    this.tunnelOverride = request.tunnel","  }","}","","Tunnel.prototype.isEnabled = function () {","  var self = this","  var request = self.request","    // Tunnel HTTPS by default. Allow the user to override this setting.","","  // If self.tunnelOverride is set (the user specified a value), use it.","  if (typeof self.tunnelOverride !== 'undefined') {","    return self.tunnelOverride","  }","","  // If the destination is HTTPS, tunnel.","  if (request.uri.protocol === 'https:') {","    return true","  }","","  // Otherwise, do not use tunnel.","  return false","}","","Tunnel.prototype.setup = function (options) {","  var self = this","  var request = self.request","","  options = options || {}","","  if (typeof request.proxy === 'string') {","    request.proxy = url.parse(request.proxy)","  }","","  if (!request.proxy || !request.tunnel) {","    return false","  }","","  // Setup Proxy Header Exclusive List and White List","  if (options.proxyHeaderWhiteList) {","    self.proxyHeaderWhiteList = options.proxyHeaderWhiteList","  }","  if (options.proxyHeaderExclusiveList) {","    self.proxyHeaderExclusiveList = options.proxyHeaderExclusiveList","  }","","  var proxyHeaderExclusiveList = self.proxyHeaderExclusiveList.concat(defaultProxyHeaderExclusiveList)","  var proxyHeaderWhiteList = self.proxyHeaderWhiteList.concat(proxyHeaderExclusiveList)","","  // Setup Proxy Headers and Proxy Headers Host","  // Only send the Proxy White Listed Header names","  var proxyHeaders = constructProxyHeaderWhiteList(request.headers, proxyHeaderWhiteList)","  proxyHeaders.host = constructProxyHost(request.uri)","","  proxyHeaderExclusiveList.forEach(request.removeHeader, request)","","  // Set Agent from Tunnel Data","  var tunnelFn = getTunnelFn(request)","  var tunnelOptions = constructTunnelOptions(request, proxyHeaders)","  request.agent = tunnelFn(tunnelOptions)","","  return true","}","","Tunnel.defaultProxyHeaderWhiteList = defaultProxyHeaderWhiteList","Tunnel.defaultProxyHeaderExclusiveList = defaultProxyHeaderExclusiveList","exports.Tunnel = Tunnel",""],"l":{"3":1,"4":1,"6":1,"30":1,"34":1,"35":0,"36":0,"37":0,"39":0,"40":0,"41":0,"42":0,"44":0,"47":0,"50":1,"51":0,"53":0,"54":0,"57":0,"59":0,"62":0,"63":0,"67":1,"68":0,"70":0,"89":0,"92":1,"93":0,"94":0,"95":0,"98":1,"99":0,"100":0,"101":0,"102":0,"105":1,"106":0,"107":0,"108":0,"109":0,"110":0,"114":1,"115":0,"116":0,"120":0,"121":0,"125":0,"126":0,"130":0,"133":1,"134":0,"135":0,"137":0,"139":0,"140":0,"143":0,"144":0,"148":0,"149":0,"151":0,"152":0,"155":0,"156":0,"160":0,"161":0,"163":0,"166":0,"167":0,"168":0,"170":0,"173":1,"174":1,"175":1}}}